<use f='halide/python_bindings/correctness/addconstant_generator.cpp' l='32'/>
<use f='halide/python_bindings/correctness/addconstant_generator.cpp' l='33'/>
<use f='halide/python_bindings/correctness/addconstant_generator.cpp' l='34'/>
<use f='halide/python_bindings/correctness/addconstant_generator.cpp' l='35'/>
<use f='halide/python_bindings/correctness/addconstant_generator.cpp' l='36'/>
<use f='halide/python_bindings/correctness/addconstant_generator.cpp' l='37'/>
<use f='halide/python_bindings/correctness/addconstant_generator.cpp' l='38'/>
<use f='halide/python_bindings/correctness/addconstant_generator.cpp' l='39'/>
<use f='halide/python_bindings/correctness/addconstant_generator.cpp' l='40'/>
<use f='halide/python_bindings/correctness/addconstant_generator.cpp' l='41'/>
<use f='halide/python_bindings/correctness/addconstant_generator.cpp' l='42'/>
<use f='halide/python_bindings/correctness/addconstant_generator.cpp' l='43'/>
<use f='halide/python_bindings/correctness/bit_generator.cpp' l='10'/>
<use f='halide/python_bindings/correctness/complexstub_generator.cpp' l='32'/>
<use f='halide/python_bindings/correctness/complexstub_generator.cpp' l='33'/>
<use f='halide/python_bindings/correctness/complexstub_generator.cpp' l='34'/>
<use f='halide/python_bindings/correctness/complexstub_generator.cpp' l='35'/>
<use f='halide/python_bindings/correctness/complexstub_generator.cpp' l='36'/>
<use f='halide/python_bindings/correctness/complexstub_generator.cpp' l='37'/>
<use f='halide/python_bindings/correctness/complexstub_generator.cpp' l='88'/>
<use f='halide/python_bindings/correctness/nobuildmethod_generator.cpp' l='13'/>
<use f='halide/python_bindings/correctness/simplestub_generator.cpp' l='14'/>
<use f='halide/python_bindings/correctness/user_context_generator.cpp' l='8'/>
<use f='halide/src/Generator.cpp' l='2094' c='_ZN6Halide8Internal14generator_testEv'/>
<use f='halide/src/Generator.cpp' l='2217' c='_ZN6Halide8Internal14generator_testEv'/>
<use f='halide/src/Generator.cpp' l='2278' c='_ZN6Halide8Internal14generator_testEv'/>
<use f='halide/src/Generator.cpp' l='2279' c='_ZN6Halide8Internal14generator_testEv'/>
<use f='halide/src/Generator.cpp' l='2300' c='_ZN6Halide8Internal14generator_testEv'/>
<use f='halide/src/autoschedulers/adams2019/demo_generator.cpp' l='12'/>
<use f='halide/src/autoschedulers/adams2019/included_schedule_file_generator.cpp' l='19'/>
<use f='halide/src/autoschedulers/li2018/demo_generator.cpp' l='12'/>
<use f='halide/test/generator/acquire_release_generator.cpp' l='8'/>
<use f='halide/test/generator/alias_generator.cpp' l='9'/>
<use f='halide/test/generator/argvcall_generator.cpp' l='10'/>
<use f='halide/test/generator/async_parallel_generator.cpp' l='13'/>
<use f='halide/test/generator/autograd_generator.cpp' l='17'/>
<use f='halide/test/generator/autograd_generator.cpp' l='18'/>
<use f='halide/test/generator/bit_operations_generator.cpp' l='12'/>
<use f='halide/test/generator/bit_operations_generator.cpp' l='13'/>
<use f='halide/test/generator/bit_operations_generator.cpp' l='14'/>
<use f='halide/test/generator/bit_operations_generator.cpp' l='15'/>
<use f='halide/test/generator/blur2x2_generator.cpp' l='22'/>
<use f='halide/test/generator/buffer_copy_generator.cpp' l='9'/>
<use f='halide/test/generator/can_use_target_generator.cpp' l='7'/>
<use f='halide/test/generator/configure_generator.cpp' l='12'/>
<use f='halide/test/generator/configure_generator.cpp' l='103'/>
<use f='halide/test/generator/configure_generator.cpp' l='104'/>
<use f='halide/test/generator/cxx_mangling_define_extern_generator.cpp' l='14'/>
<use f='halide/test/generator/cxx_mangling_define_extern_generator.cpp' l='15'/>
<use f='halide/test/generator/cxx_mangling_define_extern_generator.cpp' l='16'/>
<use f='halide/test/generator/cxx_mangling_generator.cpp' l='68'/>
<use f='halide/test/generator/define_extern_opencl_generator.cpp' l='8'/>
<use f='halide/test/generator/embed_image_generator.cpp' l='8'/>
<use f='halide/test/generator/error_codes_generator.cpp' l='10'/>
<use f='halide/test/generator/example_generator.cpp' l='72'/>
<use f='halide/test/generator/extern_output_generator.cpp' l='10'/>
<use f='halide/test/generator/external_code_generator.cpp' l='16'/>
<use f='halide/test/generator/float16_t_generator.cpp' l='5'/>
<use f='halide/test/generator/gpu_multi_context_threaded_generator.cpp' l='9'/>
<use f='halide/test/generator/gpu_multi_context_threaded_generator.cpp' l='29'/>
<use f='halide/test/generator/gpu_object_lifetime_generator.cpp' l='7'/>
<use f='halide/test/generator/gpu_only_generator.cpp' l='9'/>
<use f='halide/test/generator/gpu_texture_generator.cpp' l='9'/>
<use f='halide/test/generator/image_from_array_generator.cpp' l='7'/>
<use f='halide/test/generator/mandelbrot_generator.cpp' l='62'/>
<use f='halide/test/generator/matlab_generator.cpp' l='13'/>
<use f='halide/test/generator/memory_profiler_mandelbrot_generator.cpp' l='62'/>
<use f='halide/test/generator/metadata_tester_generator.cpp' l='59'/>
<use f='halide/test/generator/metadata_tester_generator.cpp' l='60'/>
<use f='halide/test/generator/metadata_tester_generator.cpp' l='61'/>
<use f='halide/test/generator/metadata_tester_generator.cpp' l='62'/>
<use f='halide/test/generator/metadata_tester_generator.cpp' l='63'/>
<use f='halide/test/generator/metadata_tester_generator.cpp' l='64'/>
<use f='halide/test/generator/metadata_tester_generator.cpp' l='65'/>
<use f='halide/test/generator/metadata_tester_generator.cpp' l='66'/>
<use f='halide/test/generator/metadata_tester_generator.cpp' l='67'/>
<use f='halide/test/generator/metadata_tester_generator.cpp' l='68'/>
<use f='halide/test/generator/metadata_tester_generator.cpp' l='70'/>
<use f='halide/test/generator/metadata_tester_generator.cpp' l='71'/>
<use f='halide/test/generator/metadata_tester_generator.cpp' l='72'/>
<use f='halide/test/generator/metadata_tester_generator.cpp' l='75'/>
<use f='halide/test/generator/metadata_tester_generator.cpp' l='76'/>
<use f='halide/test/generator/metadata_tester_generator.cpp' l='77'/>
<use f='halide/test/generator/msan_generator.cpp' l='8'/>
<use f='halide/test/generator/multitarget_generator.cpp' l='7'/>
<use f='halide/test/generator/nested_externs_generator.cpp' l='17'/>
<use f='halide/test/generator/nested_externs_generator.cpp' l='35'/>
<use f='halide/test/generator/nested_externs_generator.cpp' l='62'/>
<use f='halide/test/generator/nested_externs_generator.cpp' l='78'/>
<use f='halide/test/generator/opencl_runtime_generator.cpp' l='9'/>
<use f='halide/test/generator/output_assign_generator.cpp' l='16'/>
<use f='halide/test/generator/output_assign_generator.cpp' l='17'/>
<use f='halide/test/generator/pyramid_generator.cpp' l='10'/>
<use f='halide/test/generator/rdom_input_generator.cpp' l='8'/>
<use f='halide/test/generator/shuffler_generator.cpp' l='8'/>
<use f='halide/test/generator/string_param_generator.cpp' l='10'/>
<use f='halide/test/generator/tiled_blur_generator.cpp' l='20'/>
<use f='halide/test/generator/user_context_generator.cpp' l='8'/>
<use f='halide/test/generator/user_context_insanity_generator.cpp' l='8'/>
<use f='halide/test/generator/variable_num_threads_generator.cpp' l='7'/>
<use f='halide/tutorial/lesson_15_generators.cpp' l='38'/>
<use f='halide/tutorial/lesson_15_generators.cpp' l='105'/>
<use f='halide/tutorial/lesson_16_rgb_generate.cpp' l='59'/>
<use f='halide/tutorial/lesson_21_auto_scheduler_generate.cpp' l='35'/>
<use f='halide/tutorial/lesson_21_auto_scheduler_generate.cpp' l='36'/>
