<def f='halide/build/include/Halide.h' l='13917' ll='13934'/>
<use f='halide/build/include/Halide.h' l='13964' c='_ZN6Halide8Internal15get_output_infoERKNS_6TargetE'/>
<use f='halide/build/include/Halide.h' l='14068' c='_ZNK6Halide6Module7compileERKSt3mapINS_6OutputENSt7__cxx1112basic_stringIcSt11char_traitsIcESaIcEEESt4lessIS2_ESaISt4pairIKS2_S8_EEE'/>
<use f='halide/build/include/Halide.h' l='14108' c='_ZN6Halide26compile_standalone_runtimeERKSt3mapINS_6OutputENSt7__cxx1112basic_stringIcSt11char_traitsIcESaIcEEESt4lessIS1_ESaISt4pairIKS1_S7_EEERKNS_6TargetE'/>
<use f='halide/build/include/Halide.h' l='14108' c='_ZN6Halide26compile_standalone_runtimeERKSt3mapINS_6OutputENSt7__cxx1112basic_stringIcSt11char_traitsIcESaIcEEESt4lessIS1_ESaISt4pairIKS1_S7_EEERKNS_6TargetE'/>
<use f='halide/build/include/Halide.h' l='14114' c='_ZN6Halide19compile_multitargetERKNSt7__cxx1112basic_stringIcSt11char_traitsIcESaIcEEERKSt3mapINS_6OutputES5_St4lessIS9_ESaISt4pairIKS9_S5_EEERKSt6vec11731248'/>
<use f='halide/build/include/Halide.h' l='14871' c='_ZN6Halide8Pipeline10compile_toERKSt3mapINS_6OutputENSt7__cxx1112basic_stringIcSt11char_traitsIcESaIcEEESt4lessIS2_ESaISt4pairIKS2_S8_EEERKSt6vectorIN1789966'/>
<use f='halide/build/include/Halide.h' l='16888' c='_ZN6Halide4Func10compile_toERKSt3mapINS_6OutputENSt7__cxx1112basic_stringIcSt11char_traitsIcESaIcEEESt4lessIS2_ESaISt4pairIKS2_S8_EEERKSt6vectorINS_8A11496458'/>
<doc f='halide/build/include/Halide.h' l='13916'>/** Enums specifying various kinds of outputs that can be produced from a Halide Pipeline. */</doc>
<use f='halide/python_bindings/src/PyEnums.cpp' l='163' c='_ZN6Halide14PythonBindings12define_enumsERN8pybind117module_E'/>
<use f='halide/python_bindings/src/PyModule.cpp' l='65' c='_ZN6Halide14PythonBindings13define_moduleERN8pybind117module_E'/>
<def f='halide/src/Module.h' l='27' ll='44'/>
<use f='halide/src/Module.h' l='74' c='_ZN6Halide8Internal15get_output_infoERKNS_6TargetE'/>
<use f='halide/src/Module.h' l='178' c='_ZNK6Halide6Module7compileERKSt3mapINS_6OutputENSt7__cxx1112basic_stringIcSt11char_traitsIcESaIcEEESt4lessIS2_ESaISt4pairIKS2_S8_EEE'/>
<use f='halide/src/Module.h' l='218' c='_ZN6Halide26compile_standalone_runtimeERKSt3mapINS_6OutputENSt7__cxx1112basic_stringIcSt11char_traitsIcESaIcEEESt4lessIS1_ESaISt4pairIKS1_S7_EEERKNS_6TargetE'/>
<use f='halide/src/Module.h' l='218' c='_ZN6Halide26compile_standalone_runtimeERKSt3mapINS_6OutputENSt7__cxx1112basic_stringIcSt11char_traitsIcESaIcEEESt4lessIS1_ESaISt4pairIKS1_S7_EEERKNS_6TargetE'/>
<use f='halide/src/Module.h' l='224' c='_ZN6Halide19compile_multitargetERKNSt7__cxx1112basic_stringIcSt11char_traitsIcESaIcEEERKSt3mapINS_6OutputES5_St4lessIS9_ESaISt4pairIKS9_S5_EEERKSt6vec11731248'/>
<use f='halide/src/Pipeline.h' l='215' c='_ZN6Halide8Pipeline10compile_toERKSt3mapINS_6OutputENSt7__cxx1112basic_stringIcSt11char_traitsIcESaIcEEESt4lessIS2_ESaISt4pairIKS2_S8_EEERKSt6vectorIN1789966'/>
<use f='halide/src/Func.h' l='1008' c='_ZN6Halide4Func10compile_toERKSt3mapINS_6OutputENSt7__cxx1112basic_stringIcSt11char_traitsIcESaIcEEESt4lessIS2_ESaISt4pairIKS2_S8_EEERKSt6vectorINS_8A11496458'/>
<doc f='halide/src/Module.h' l='26'>/** Enums specifying various kinds of outputs that can be produced from a Halide Pipeline. */</doc>
<use f='halide/src/Func.cpp' l='3167' c='_ZN6Halide4Func10compile_toERKSt3mapINS_6OutputENSt7__cxx1112basic_stringIcSt11char_traitsIcESaIcEEESt4lessIS2_ESaISt4pairIKS2_S8_EEERKSt6vectorINS_8A11496458'/>
<use f='halide/src/Generator.cpp' l='81' c='_ZN6Halide8Internal12_GLOBAL__N_120compute_output_filesERKNS_6TargetERKNSt7__cxx1112basic_stringIcSt11char_traitsIcESaIcEEERKSt3setINS_6OutputESt4lessISE_ESaISE_EE'/>
<use f='halide/src/Generator.cpp' l='83' c='_ZN6Halide8Internal12_GLOBAL__N_120compute_output_filesERKNS_6TargetERKNSt7__cxx1112basic_stringIcSt11char_traitsIcESaIcEEERKSt3setINS_6OutputESt4lessISE_ESaISE_EE'/>
<use f='halide/src/Generator.cpp' l='84' c='_ZN6Halide8Internal12_GLOBAL__N_120compute_output_filesERKNS_6TargetERKNSt7__cxx1112basic_stringIcSt11char_traitsIcESaIcEEERKSt3setINS_6OutputESt4lessISE_ESaISE_EE'/>
<use f='halide/src/Generator.cpp' l='86' c='_ZN6Halide8Internal12_GLOBAL__N_120compute_output_filesERKNS_6TargetERKNSt7__cxx1112basic_stringIcSt11char_traitsIcESaIcEEERKSt3setINS_6OutputESt4lessISE_ESaISE_EE'/>
<use f='halide/src/Generator.cpp' l='908' c='_ZN6Halide8Internal26generate_filter_main_innerEiPPcRSo'/>
<use f='halide/src/Generator.cpp' l='910' c='_ZN6Halide8Internal26generate_filter_main_innerEiPPcRSo'/>
<use f='halide/src/Generator.cpp' l='919' c='_ZN6Halide8Internal26generate_filter_main_innerEiPPcRSo'/>
<use f='halide/src/Module.cpp' l='39' c='_ZN6Halide8Internal15get_output_infoERKNS_6TargetE'/>
<use f='halide/src/Module.cpp' l='43' c='_ZN6Halide8Internal15get_output_infoERKNS_6TargetE'/>
<use f='halide/src/Module.cpp' l='143' c='_ZN6Halide8Internal12_GLOBAL__N_116validate_outputsERKSt3mapINS_6OutputENSt7__cxx1112basic_stringIcSt11char_traitsIcESaIcEEESt4lessIS3_ESaISt4pairIKS3_S9_EEE'/>
<use f='halide/src/Module.cpp' l='151' c='_ZN6Halide8Internal12_GLOBAL__N_18containsERKSt3mapINS_6OutputENSt7__cxx1112basic_stringIcSt11char_traitsIcESaIcEEESt4lessIS3_ESaISt4pairIKS3_S9_EEERSD_'/>
<use f='halide/src/Module.cpp' l='151' c='_ZN6Halide8Internal12_GLOBAL__N_18containsERKSt3mapINS_6OutputENSt7__cxx1112basic_stringIcSt11char_traitsIcESaIcEEESt4lessIS3_ESaISt4pairIKS3_S9_EEERSD_'/>
<use f='halide/src/Module.cpp' l='557' c='_ZNK6Halide6Module7compileERKSt3mapINS_6OutputENSt7__cxx1112basic_stringIcSt11char_traitsIcESaIcEEESt4lessIS2_ESaISt4pairIKS2_S8_EEE'/>
<use f='halide/src/Module.cpp' l='577' c='_ZNK6Halide6Module7compileERKSt3mapINS_6OutputENSt7__cxx1112basic_stringIcSt11char_traitsIcESaIcEEESt4lessIS2_ESaISt4pairIKS2_S8_EEE'/>
<use f='halide/src/Module.cpp' l='711' c='_ZN6Halide26compile_standalone_runtimeERKSt3mapINS_6OutputENSt7__cxx1112basic_stringIcSt11char_traitsIcESaIcEEESt4lessIS1_ESaISt4pairIKS1_S7_EEERKNS_6TargetE'/>
<use f='halide/src/Module.cpp' l='711' c='_ZN6Halide26compile_standalone_runtimeERKSt3mapINS_6OutputENSt7__cxx1112basic_stringIcSt11char_traitsIcESaIcEEESt4lessIS1_ESaISt4pairIKS1_S7_EEERKNS_6TargetE'/>
<use f='halide/src/Module.cpp' l='717' c='_ZN6Halide26compile_standalone_runtimeERKSt3mapINS_6OutputENSt7__cxx1112basic_stringIcSt11char_traitsIcESaIcEEESt4lessIS1_ESaISt4pairIKS1_S7_EEERKNS_6TargetE'/>
<use f='halide/src/Module.cpp' l='753' c='_ZN6Halide19compile_multitargetERKNSt7__cxx1112basic_stringIcSt11char_traitsIcESaIcEEERKSt3mapINS_6OutputES5_St4lessIS9_ESaISt4pairIKS9_S5_EEERKSt6vec11731248'/>
<use f='halide/src/Module.cpp' l='777' c='_ZN6Halide19compile_multitargetERKNSt7__cxx1112basic_stringIcSt11char_traitsIcESaIcEEERKSt3mapINS_6OutputES5_St4lessIS9_ESaISt4pairIKS9_S5_EEERKSt6vec11731248'/>
<use f='halide/src/Module.cpp' l='777' c='_ZN6Halide19compile_multitargetERKNSt7__cxx1112basic_stringIcSt11char_traitsIcESaIcEEERKSt3mapINS_6OutputES5_St4lessIS9_ESaISt4pairIKS9_S5_EEERKSt6vec11731248'/>
<use f='halide/src/Module.cpp' l='780' c='_ZN6Halide19compile_multitargetERKNSt7__cxx1112basic_stringIcSt11char_traitsIcESaIcEEERKSt3mapINS_6OutputES5_St4lessIS9_ESaISt4pairIKS9_S5_EEERKSt6vec11731248'/>
<use f='halide/src/Module.cpp' l='943' c='_ZN6Halide19compile_multitargetERKNSt7__cxx1112basic_stringIcSt11char_traitsIcESaIcEEERKSt3mapINS_6OutputES5_St4lessIS9_ESaISt4pairIKS9_S5_EEERKSt6vec11731248'/>
<use f='halide/src/Module.cpp' l='980' c='_ZN6Halide19compile_multitargetERKNSt7__cxx1112basic_stringIcSt11char_traitsIcESaIcEEERKSt3mapINS_6OutputES5_St4lessIS9_ESaISt4pairIKS9_S5_EEERKSt6vec11731248'/>
<use f='halide/src/Module.cpp' l='988' c='_ZN6Halide19compile_multitargetERKNSt7__cxx1112basic_stringIcSt11char_traitsIcESaIcEEERKSt3mapINS_6OutputES5_St4lessIS9_ESaISt4pairIKS9_S5_EEERKSt6vec11731248'/>
<use f='halide/src/Module.cpp' l='997' c='_ZN6Halide19compile_multitargetERKNSt7__cxx1112basic_stringIcSt11char_traitsIcESaIcEEERKSt3mapINS_6OutputES5_St4lessIS9_ESaISt4pairIKS9_S5_EEERKSt6vec11731248'/>
<use f='halide/src/Pipeline.cpp' l='37' c='_ZN6Halide12_GLOBAL__N_113single_outputERKNSt7__cxx1112basic_stringIcSt11char_traitsIcESaIcEEERKNS_6ModuleENS_6OutputE'/>
<use f='halide/src/Pipeline.cpp' l='37' c='_ZN6Halide12_GLOBAL__N_113single_outputERKNSt7__cxx1112basic_stringIcSt11char_traitsIcESaIcEEERKNS_6ModuleENS_6OutputE'/>
<use f='halide/src/Pipeline.cpp' l='39' c='_ZN6Halide12_GLOBAL__N_113single_outputERKNSt7__cxx1112basic_stringIcSt11char_traitsIcESaIcEEERKNS_6ModuleENS_6OutputE'/>
<use f='halide/src/Pipeline.cpp' l='44' c='_ZN6Halide12_GLOBAL__N_122static_library_outputsERKNSt7__cxx1112basic_stringIcSt11char_traitsIcESaIcEEERKNS_6TargetE'/>
<use f='halide/src/Pipeline.cpp' l='46' c='_ZN6Halide12_GLOBAL__N_122static_library_outputsERKNSt7__cxx1112basic_stringIcSt11char_traitsIcESaIcEEERKNS_6TargetE'/>
<use f='halide/src/Pipeline.cpp' l='53' c='_ZN6Halide12_GLOBAL__N_119object_file_outputsERKNSt7__cxx1112basic_stringIcSt11char_traitsIcESaIcEEERKNS_6TargetE'/>
<use f='halide/src/Pipeline.cpp' l='55' c='_ZN6Halide12_GLOBAL__N_119object_file_outputsERKNSt7__cxx1112basic_stringIcSt11char_traitsIcESaIcEEERKNS_6TargetE'/>
<use f='halide/src/Pipeline.cpp' l='258' c='_ZN6Halide8Pipeline10compile_toERKSt3mapINS_6OutputENSt7__cxx1112basic_stringIcSt11char_traitsIcESaIcEEESt4lessIS2_ESaISt4pairIKS2_S8_EEERKSt6vectorIN1789966'/>
<use f='halide/src/Pipeline.cpp' l='362' c='_ZN6Halide8Pipeline15compile_to_fileERKNSt7__cxx1112basic_stringIcSt11char_traitsIcESaIcEEERKSt6vectorINS_8ArgumentESaISA_EES8_RKNS_6TargetE'/>
