<dec f='x264/common/common.h' l='299' type='struct (anonymous struct at /fast/tmp/x264_git/b/../common/common.h:291:5)'/>
<offset>18560</offset>
<doc f='x264/common/common.h' l='290'>/* bitstream output */</doc>
<use f='x264/encoder/cavlc.c' l='72' u='m' c='cavlc_block_residual_escape'/>
<use f='x264/encoder/cavlc.c' l='123' u='m' c='cavlc_block_residual_internal'/>
<use f='x264/encoder/cavlc.c' l='213' u='m' c='cavlc_qp_delta'/>
<use f='x264/encoder/cavlc.c' l='243' u='m' c='cavlc_mvd'/>
<use f='x264/encoder/cavlc.c' l='206' u='m' c='cavlc_macroblock_luma_residual'/>
<use f='x264/encoder/cavlc.c' l='206' u='m' c='cavlc_partition_luma_residual'/>
<use f='x264/encoder/cavlc.c' l='307' u='m' c='cavlc_mb_header_i'/>
<use f='x264/encoder/cavlc.c' l='339' u='m' c='cavlc_mb_header_p'/>
<use f='x264/encoder/cavlc.c' l='413' u='m' c='cavlc_mb_header_b'/>
<use f='x264/encoder/cavlc.c' l='489' u='m' c='macroblock_size_cavlc'/>
<use f='x264/encoder/cavlc.c' l='206' u='m' c='macroblock_size_cavlc'/>
<use f='x264/encoder/cavlc.c' l='206' u='m' c='macroblock_size_cavlc'/>
<use f='x264/encoder/cavlc.c' l='206' u='m' c='macroblock_size_cavlc'/>
<use f='x264/encoder/cavlc.c' l='206' u='m' c='macroblock_size_cavlc'/>
<use f='x264/encoder/cavlc.c' l='206' u='m' c='macroblock_size_cavlc'/>
<use f='x264/encoder/cavlc.c' l='607' u='m' c='partition_size_cavlc'/>
<use f='x264/encoder/cavlc.c' l='613' u='m' c='partition_size_cavlc'/>
<use f='x264/encoder/cavlc.c' l='206' u='m' c='partition_size_cavlc'/>
<use f='x264/encoder/cavlc.c' l='206' u='m' c='partition_size_cavlc'/>
<use f='x264/encoder/cavlc.c' l='206' u='m' c='partition_size_cavlc'/>
<use f='x264/encoder/cavlc.c' l='206' u='m' c='partition_size_cavlc'/>
<use f='x264/encoder/cavlc.c' l='206' u='m' c='partition_size_cavlc'/>
<use f='x264/encoder/cavlc.c' l='206' u='m' c='partition_size_cavlc'/>
<use f='x264/encoder/cavlc.c' l='658' u='m' c='partition_size_cavlc'/>
<use f='x264/encoder/cavlc.c' l='665' u='m' c='subpartition_size_cavlc'/>
<use f='x264/encoder/cavlc.c' l='206' u='m' c='subpartition_size_cavlc'/>
<use f='x264/encoder/cavlc.c' l='206' u='m' c='subpartition_size_cavlc'/>
<use f='x264/encoder/cavlc.c' l='674' u='m' c='subpartition_size_cavlc'/>
<use f='x264/encoder/cavlc.c' l='688' u='m' c='partition_i8x8_size_cavlc'/>
<use f='x264/encoder/cavlc.c' l='689' u='m' c='partition_i8x8_size_cavlc'/>
<use f='x264/encoder/cavlc.c' l='692' u='m' c='partition_i8x8_size_cavlc'/>
<use f='x264/encoder/cavlc.c' l='698' u='m' c='partition_i4x4_size_cavlc'/>
<use f='x264/encoder/cavlc.c' l='206' u='m' c='partition_i4x4_size_cavlc'/>
<use f='x264/encoder/cavlc.c' l='701' u='m' c='partition_i4x4_size_cavlc'/>
<use f='x264/encoder/cavlc.c' l='706' u='m' c='chroma_size_cavlc'/>
<use f='x264/encoder/cavlc.c' l='206' u='m' c='chroma_size_cavlc'/>
<use f='x264/encoder/cavlc.c' l='206' u='m' c='chroma_size_cavlc'/>
<use f='x264/encoder/cavlc.c' l='206' u='m' c='chroma_size_cavlc'/>
<use f='x264/encoder/cavlc.c' l='720' u='m' c='chroma_size_cavlc'/>
<use f='x264/encoder/rdo.c' l='189' u='m' c='rd_cost_mb'/>
<use f='x264/encoder/rdo.c' l='1013' u='m' c='quant_trellis_cavlc'/>
<use f='x264/encoder/rdo.c' l='1015' u='m' c='quant_trellis_cavlc'/>
<use f='x264/encoder/rdo.c' l='1018' u='m' c='quant_trellis_cavlc'/>
<use f='x264/encoder/rdo.c' l='1046' u='m' c='quant_trellis_cavlc'/>
<use f='x264/encoder/rdo.c' l='1048' u='m' c='quant_trellis_cavlc'/>
<use f='x264/encoder/rdo.c' l='1051' u='m' c='quant_trellis_cavlc'/>
<use f='x264/encoder/encoder.c' l='371' u='m' c='bitstream_check_buffer_internal'/>
<use f='x264/encoder/encoder.c' l='371' u='m' c='bitstream_check_buffer_internal'/>
<use f='x264/encoder/encoder.c' l='373' u='m' c='bitstream_check_buffer_internal'/>
<use f='x264/encoder/encoder.c' l='375' u='m' c='bitstream_check_buffer_internal'/>
<use f='x264/encoder/encoder.c' l='379' u='m' c='bitstream_check_buffer_internal'/>
<use f='x264/encoder/encoder.c' l='380' u='m' c='bitstream_check_buffer_internal'/>
<use f='x264/encoder/encoder.c' l='381' u='m' c='bitstream_check_buffer_internal'/>
<use f='x264/encoder/encoder.c' l='381' u='m' c='bitstream_check_buffer_internal'/>
<use f='x264/encoder/encoder.c' l='383' u='m' c='bitstream_check_buffer_internal'/>
<use f='x264/encoder/encoder.c' l='385' u='m' c='bitstream_check_buffer_internal'/>
<use f='x264/encoder/encoder.c' l='386' u='m' c='bitstream_check_buffer_internal'/>
<use f='x264/encoder/encoder.c' l='387' u='m' c='bitstream_check_buffer_internal'/>
<use f='x264/encoder/encoder.c' l='394' u='m' c='bitstream_check_buffer_internal'/>
<use f='x264/encoder/encoder.c' l='396' u='m' c='bitstream_check_buffer_internal'/>
<use f='x264/encoder/encoder.c' l='397' u='m' c='bitstream_check_buffer_internal'/>
<use f='x264/encoder/encoder.c' l='398' u='m' c='bitstream_check_buffer_internal'/>
<use f='x264/encoder/encoder.c' l='406' u='m' c='bitstream_check_buffer'/>
<use f='x264/encoder/encoder.c' l='1731' u='m' c='x264_10_encoder_open'/>
<use f='x264/encoder/encoder.c' l='1732' u='m' c='x264_10_encoder_open'/>
<use f='x264/encoder/encoder.c' l='1740' u='m' c='x264_10_encoder_open'/>
<use f='x264/encoder/encoder.c' l='1796' u='m' c='x264_10_encoder_open'/>
<use f='x264/encoder/encoder.c' l='1796' u='m' c='x264_10_encoder_open'/>
<use f='x264/encoder/encoder.c' l='1796' u='m' c='x264_10_encoder_open'/>
<use f='x264/encoder/encoder.c' l='1798' u='m' c='x264_10_encoder_open'/>
<use f='x264/encoder/encoder.c' l='1798' u='m' c='x264_10_encoder_open'/>
<use f='x264/encoder/encoder.c' l='1799' u='m' c='x264_10_encoder_open'/>
<use f='x264/encoder/encoder.c' l='1991' u='m' c='nal_start'/>
<use f='x264/encoder/encoder.c' l='1991' u='m' c='nal_start'/>
<use f='x264/encoder/encoder.c' l='1998' u='m' c='nal_start'/>
<use f='x264/encoder/encoder.c' l='1998' u='m' c='nal_start'/>
<use f='x264/encoder/encoder.c' l='2005' u='m' c='nal_check_buffer'/>
<use f='x264/encoder/encoder.c' l='2005' u='m' c='nal_check_buffer'/>
<use f='x264/encoder/encoder.c' l='2007' u='m' c='nal_check_buffer'/>
<use f='x264/encoder/encoder.c' l='2010' u='m' c='nal_check_buffer'/>
<use f='x264/encoder/encoder.c' l='2010' u='m' c='nal_check_buffer'/>
<use f='x264/encoder/encoder.c' l='2011' u='m' c='nal_check_buffer'/>
<use f='x264/encoder/encoder.c' l='2012' u='m' c='nal_check_buffer'/>
<use f='x264/encoder/encoder.c' l='2013' u='m' c='nal_check_buffer'/>
<use f='x264/encoder/encoder.c' l='2020' u='m' c='nal_end'/>
<use f='x264/encoder/encoder.c' l='2020' u='m' c='nal_end'/>
<use f='x264/encoder/encoder.c' l='2021' u='m' c='nal_end'/>
<use f='x264/encoder/encoder.c' l='2021' u='m' c='nal_end'/>
<use f='x264/encoder/encoder.c' l='2028' u='m' c='nal_end'/>
<use f='x264/encoder/encoder.c' l='2049' u='m' c='check_encapsulated_buffer'/>
<use f='x264/encoder/encoder.c' l='2066' u='m' c='encoder_encapsulate_nals'/>
<use f='x264/encoder/encoder.c' l='2067' u='m' c='encoder_encapsulate_nals'/>
<use f='x264/encoder/encoder.c' l='2074' u='m' c='encoder_encapsulate_nals'/>
<use f='x264/encoder/encoder.c' l='2076' u='m' c='encoder_encapsulate_nals'/>
<use f='x264/encoder/encoder.c' l='2077' u='m' c='encoder_encapsulate_nals'/>
<use f='x264/encoder/encoder.c' l='2080' u='m' c='encoder_encapsulate_nals'/>
<use f='x264/encoder/encoder.c' l='2081' u='m' c='encoder_encapsulate_nals'/>
<use f='x264/encoder/encoder.c' l='2082' u='m' c='encoder_encapsulate_nals'/>
<use f='x264/encoder/encoder.c' l='2088' u='m' c='encoder_encapsulate_nals'/>
<use f='x264/encoder/encoder.c' l='2090' u='m' c='encoder_encapsulate_nals'/>
<use f='x264/encoder/encoder.c' l='2090' u='m' c='encoder_encapsulate_nals'/>
<use f='x264/encoder/encoder.c' l='2090' u='m' c='encoder_encapsulate_nals'/>
<use f='x264/encoder/encoder.c' l='2092' u='m' c='encoder_encapsulate_nals'/>
<use f='x264/encoder/encoder.c' l='2093' u='m' c='encoder_encapsulate_nals'/>
<use f='x264/encoder/encoder.c' l='2108' u='m' c='x264_10_encoder_headers'/>
<use f='x264/encoder/encoder.c' l='2109' u='m' c='x264_10_encoder_headers'/>
<use f='x264/encoder/encoder.c' l='2109' u='m' c='x264_10_encoder_headers'/>
<use f='x264/encoder/encoder.c' l='2109' u='m' c='x264_10_encoder_headers'/>
<use f='x264/encoder/encoder.c' l='2115' u='m' c='x264_10_encoder_headers'/>
<use f='x264/encoder/encoder.c' l='2121' u='m' c='x264_10_encoder_headers'/>
<use f='x264/encoder/encoder.c' l='2127' u='m' c='x264_10_encoder_headers'/>
<use f='x264/encoder/encoder.c' l='2137' u='m' c='x264_10_encoder_headers'/>
<use f='x264/encoder/encoder.c' l='2138' u='m' c='x264_10_encoder_headers'/>
<use f='x264/encoder/encoder.c' l='2139' u='m' c='x264_10_encoder_headers'/>
<use f='x264/encoder/encoder.c' l='2726' u='m' c='bitstream_backup'/>
<use f='x264/encoder/encoder.c' l='2755' u='m' c='bitstream_restore'/>
<use f='x264/encoder/encoder.c' l='2768' u='m' c='slice_write'/>
<use f='x264/encoder/encoder.c' l='2772' u='m' c='slice_write'/>
<use f='x264/encoder/encoder.c' l='2784' u='m' c='slice_write'/>
<use f='x264/encoder/encoder.c' l='2788' u='m' c='slice_write'/>
<use f='x264/encoder/encoder.c' l='2788' u='m' c='slice_write'/>
<use f='x264/encoder/encoder.c' l='2799' u='m' c='slice_write'/>
<use f='x264/encoder/encoder.c' l='2803' u='m' c='slice_write'/>
<use f='x264/encoder/encoder.c' l='2807' u='m' c='slice_write'/>
<use f='x264/encoder/encoder.c' l='2807' u='m' c='slice_write'/>
<use f='x264/encoder/encoder.c' l='2811' u='m' c='slice_write'/>
<use f='x264/encoder/encoder.c' l='2823' u='m' c='slice_write'/>
<use f='x264/encoder/encoder.c' l='2897' u='m' c='slice_write'/>
<use f='x264/encoder/encoder.c' l='2914' u='m' c='slice_write'/>
<use f='x264/encoder/encoder.c' l='2923' u='m' c='slice_write'/>
<use f='x264/encoder/encoder.c' l='3086' u='m' c='slice_write'/>
<use f='x264/encoder/encoder.c' l='3086' u='m' c='slice_write'/>
<use f='x264/encoder/encoder.c' l='3091' u='m' c='slice_write'/>
<use f='x264/encoder/encoder.c' l='3096' u='m' c='slice_write'/>
<use f='x264/encoder/encoder.c' l='3098' u='m' c='slice_write'/>
<use f='x264/encoder/encoder.c' l='3099' u='m' c='slice_write'/>
<use f='x264/encoder/encoder.c' l='3106' u='m' c='slice_write'/>
<use f='x264/encoder/encoder.c' l='3107' u='m' c='slice_write'/>
<use f='x264/encoder/encoder.c' l='3270' u='m' c='threaded_slices_write'/>
<use f='x264/encoder/encoder.c' l='3272' u='m' c='threaded_slices_write'/>
<use f='x264/encoder/encoder.c' l='3272' u='m' c='threaded_slices_write'/>
<use f='x264/encoder/encoder.c' l='3272' u='m' c='threaded_slices_write'/>
<use f='x264/encoder/encoder.c' l='3273' u='m' c='threaded_slices_write'/>
<use f='x264/encoder/encoder.c' l='3599' u='m' c='x264_10_encoder_encode'/>
<use f='x264/encoder/encoder.c' l='3599' u='m' c='x264_10_encoder_encode'/>
<use f='x264/encoder/encoder.c' l='3599' u='m' c='x264_10_encoder_encode'/>
<use f='x264/encoder/encoder.c' l='3600' u='m' c='x264_10_encoder_encode'/>
<use f='x264/encoder/encoder.c' l='3605' u='m' c='x264_10_encoder_encode'/>
<use f='x264/encoder/encoder.c' l='3605' u='m' c='x264_10_encoder_encode'/>
<use f='x264/encoder/encoder.c' l='3605' u='m' c='x264_10_encoder_encode'/>
<use f='x264/encoder/encoder.c' l='3606' u='m' c='x264_10_encoder_encode'/>
<use f='x264/encoder/encoder.c' l='3623' u='m' c='x264_10_encoder_encode'/>
<use f='x264/encoder/encoder.c' l='3624' u='m' c='x264_10_encoder_encode'/>
<use f='x264/encoder/encoder.c' l='3625' u='m' c='x264_10_encoder_encode'/>
<use f='x264/encoder/encoder.c' l='3628' u='m' c='x264_10_encoder_encode'/>
<use f='x264/encoder/encoder.c' l='3628' u='m' c='x264_10_encoder_encode'/>
<use f='x264/encoder/encoder.c' l='3677' u='m' c='x264_10_encoder_encode'/>
<use f='x264/encoder/encoder.c' l='3682' u='m' c='x264_10_encoder_encode'/>
<use f='x264/encoder/encoder.c' l='3682' u='m' c='x264_10_encoder_encode'/>
<use f='x264/encoder/encoder.c' l='3682' u='m' c='x264_10_encoder_encode'/>
<use f='x264/encoder/encoder.c' l='3683' u='m' c='x264_10_encoder_encode'/>
<use f='x264/encoder/encoder.c' l='3683' u='m' c='x264_10_encoder_encode'/>
<use f='x264/encoder/encoder.c' l='3683' u='m' c='x264_10_encoder_encode'/>
<use f='x264/encoder/encoder.c' l='3683' u='m' c='x264_10_encoder_encode'/>
<use f='x264/encoder/encoder.c' l='3687' u='m' c='x264_10_encoder_encode'/>
<use f='x264/encoder/encoder.c' l='3696' u='m' c='x264_10_encoder_encode'/>
<use f='x264/encoder/encoder.c' l='3696' u='m' c='x264_10_encoder_encode'/>
<use f='x264/encoder/encoder.c' l='3696' u='m' c='x264_10_encoder_encode'/>
<use f='x264/encoder/encoder.c' l='3696' u='m' c='x264_10_encoder_encode'/>
<use f='x264/encoder/encoder.c' l='3698' u='m' c='x264_10_encoder_encode'/>
<use f='x264/encoder/encoder.c' l='3698' u='m' c='x264_10_encoder_encode'/>
<use f='x264/encoder/encoder.c' l='3698' u='m' c='x264_10_encoder_encode'/>
<use f='x264/encoder/encoder.c' l='3698' u='m' c='x264_10_encoder_encode'/>
<use f='x264/encoder/encoder.c' l='3706' u='m' c='x264_10_encoder_encode'/>
<use f='x264/encoder/encoder.c' l='3709' u='m' c='x264_10_encoder_encode'/>
<use f='x264/encoder/encoder.c' l='3709' u='m' c='x264_10_encoder_encode'/>
<use f='x264/encoder/encoder.c' l='3709' macro='1' u='m' c='x264_10_encoder_encode'/>
<use f='x264/encoder/encoder.c' l='3717' u='m' c='x264_10_encoder_encode'/>
<use f='x264/encoder/encoder.c' l='3721' u='m' c='x264_10_encoder_encode'/>
<use f='x264/encoder/encoder.c' l='3721' u='m' c='x264_10_encoder_encode'/>
<use f='x264/encoder/encoder.c' l='3721' macro='1' u='m' c='x264_10_encoder_encode'/>
<use f='x264/encoder/encoder.c' l='3743' u='m' c='x264_10_encoder_encode'/>
<use f='x264/encoder/encoder.c' l='3747' u='m' c='x264_10_encoder_encode'/>
<use f='x264/encoder/encoder.c' l='3747' u='m' c='x264_10_encoder_encode'/>
<use f='x264/encoder/encoder.c' l='3747' macro='1' u='m' c='x264_10_encoder_encode'/>
<use f='x264/encoder/encoder.c' l='3754' u='m' c='x264_10_encoder_encode'/>
<use f='x264/encoder/encoder.c' l='3757' u='m' c='x264_10_encoder_encode'/>
<use f='x264/encoder/encoder.c' l='3757' u='m' c='x264_10_encoder_encode'/>
<use f='x264/encoder/encoder.c' l='3757' macro='1' u='m' c='x264_10_encoder_encode'/>
<use f='x264/encoder/encoder.c' l='3763' u='m' c='x264_10_encoder_encode'/>
<use f='x264/encoder/encoder.c' l='3766' u='m' c='x264_10_encoder_encode'/>
<use f='x264/encoder/encoder.c' l='3766' u='m' c='x264_10_encoder_encode'/>
<use f='x264/encoder/encoder.c' l='3766' macro='1' u='m' c='x264_10_encoder_encode'/>
<use f='x264/encoder/encoder.c' l='3772' u='m' c='x264_10_encoder_encode'/>
<use f='x264/encoder/encoder.c' l='3775' u='m' c='x264_10_encoder_encode'/>
<use f='x264/encoder/encoder.c' l='3775' u='m' c='x264_10_encoder_encode'/>
<use f='x264/encoder/encoder.c' l='3775' macro='1' u='m' c='x264_10_encoder_encode'/>
<use f='x264/encoder/encoder.c' l='3781' u='m' c='x264_10_encoder_encode'/>
<use f='x264/encoder/encoder.c' l='3784' u='m' c='x264_10_encoder_encode'/>
<use f='x264/encoder/encoder.c' l='3784' u='m' c='x264_10_encoder_encode'/>
<use f='x264/encoder/encoder.c' l='3784' macro='1' u='m' c='x264_10_encoder_encode'/>
<use f='x264/encoder/encoder.c' l='3791' u='m' c='x264_10_encoder_encode'/>
<use f='x264/encoder/encoder.c' l='3794' u='m' c='x264_10_encoder_encode'/>
<use f='x264/encoder/encoder.c' l='3794' u='m' c='x264_10_encoder_encode'/>
<use f='x264/encoder/encoder.c' l='3794' macro='1' u='m' c='x264_10_encoder_encode'/>
<use f='x264/encoder/encoder.c' l='3801' u='m' c='x264_10_encoder_encode'/>
<use f='x264/encoder/encoder.c' l='3804' u='m' c='x264_10_encoder_encode'/>
<use f='x264/encoder/encoder.c' l='3804' u='m' c='x264_10_encoder_encode'/>
<use f='x264/encoder/encoder.c' l='3804' macro='1' u='m' c='x264_10_encoder_encode'/>
<use f='x264/encoder/encoder.c' l='3812' u='m' c='x264_10_encoder_encode'/>
<use f='x264/encoder/encoder.c' l='3815' u='m' c='x264_10_encoder_encode'/>
<use f='x264/encoder/encoder.c' l='3815' u='m' c='x264_10_encoder_encode'/>
<use f='x264/encoder/encoder.c' l='3815' macro='1' u='m' c='x264_10_encoder_encode'/>
<use f='x264/encoder/encoder.c' l='3826' u='m' c='x264_10_encoder_encode'/>
<use f='x264/encoder/encoder.c' l='3829' u='m' c='x264_10_encoder_encode'/>
<use f='x264/encoder/encoder.c' l='3829' u='m' c='x264_10_encoder_encode'/>
<use f='x264/encoder/encoder.c' l='3834' u='m' c='x264_10_encoder_encode'/>
<use f='x264/encoder/encoder.c' l='3838' u='m' c='x264_10_encoder_encode'/>
<use f='x264/encoder/encoder.c' l='3838' u='m' c='x264_10_encoder_encode'/>
<use f='x264/encoder/encoder.c' l='3838' macro='1' u='m' c='x264_10_encoder_encode'/>
<use f='x264/encoder/encoder.c' l='3854' u='m' c='x264_10_encoder_encode'/>
<use f='x264/encoder/encoder.c' l='3859' u='m' c='x264_10_encoder_encode'/>
<use f='x264/encoder/encoder.c' l='3859' u='m' c='x264_10_encoder_encode'/>
<use f='x264/encoder/encoder.c' l='3859' u='m' c='x264_10_encoder_encode'/>
<use f='x264/encoder/encoder.c' l='3859' u='m' c='x264_10_encoder_encode'/>
<use f='x264/encoder/encoder.c' l='3859' macro='1' u='m' c='x264_10_encoder_encode'/>
<use f='x264/encoder/encoder.c' l='3860' u='m' c='x264_10_encoder_encode'/>
<use f='x264/encoder/encoder.c' l='3860' u='m' c='x264_10_encoder_encode'/>
<use f='x264/encoder/encoder.c' l='3860' u='m' c='x264_10_encoder_encode'/>
<use f='x264/encoder/encoder.c' l='3860' u='m' c='x264_10_encoder_encode'/>
<use f='x264/encoder/encoder.c' l='3860' macro='1' u='m' c='x264_10_encoder_encode'/>
<use f='x264/encoder/encoder.c' l='3924' u='m' c='encoder_frame_end'/>
<use f='x264/encoder/encoder.c' l='3937' u='m' c='encoder_frame_end'/>
<use f='x264/encoder/encoder.c' l='3942' u='m' c='encoder_frame_end'/>
<use f='x264/encoder/encoder.c' l='3943' u='m' c='encoder_frame_end'/>
<use f='x264/encoder/encoder.c' l='3944' u='m' c='encoder_frame_end'/>
<use f='x264/encoder/encoder.c' l='3946' u='m' c='encoder_frame_end'/>
<use f='x264/encoder/encoder.c' l='3946' u='m' c='encoder_frame_end'/>
<use f='x264/encoder/encoder.c' l='3947' u='m' c='encoder_frame_end'/>
<use f='x264/encoder/encoder.c' l='3947' u='m' c='encoder_frame_end'/>
<use f='x264/encoder/encoder.c' l='3947' u='m' c='encoder_frame_end'/>
<use f='x264/encoder/encoder.c' l='3948' u='m' c='encoder_frame_end'/>
<use f='x264/encoder/encoder.c' l='3996' u='m' c='encoder_frame_end'/>
<use f='x264/encoder/encoder.c' l='3999' u='m' c='encoder_frame_end'/>
<use f='x264/encoder/encoder.c' l='3999' u='m' c='encoder_frame_end'/>
<use f='x264/encoder/encoder.c' l='4034' u='m' c='encoder_frame_end'/>
<use f='x264/encoder/encoder.c' l='4037' u='m' c='encoder_frame_end'/>
<use f='x264/encoder/encoder.c' l='4046' u='m' c='encoder_frame_end'/>
<use f='x264/encoder/encoder.c' l='4047' u='m' c='encoder_frame_end'/>
<use f='x264/encoder/encoder.c' l='4049' u='m' c='encoder_frame_end'/>
<use f='x264/encoder/encoder.c' l='4576' u='m' c='x264_10_encoder_close'/>
<use f='x264/encoder/encoder.c' l='4577' u='m' c='x264_10_encoder_close'/>
<use f='x264/encoder/set.c' l='844' u='m' c='x264_10_sei_avcintra_umid_write'/>
<use f='x264/encoder/set.c' l='863' u='m' c='x264_10_sei_avcintra_vanc_write'/>
