<dec f='llvm/compiler-rt/lib/sanitizer_common/sanitizer_stacktrace.h' l='42' type='const __sanitizer::uptr *'/>
<use f='llvm/compiler-rt/lib/sanitizer_common/sanitizer_stacktrace.h' l='51' u='w' c='__sanitizer::StackTrace::StackTrace'/>
<use f='llvm/compiler-rt/lib/sanitizer_common/sanitizer_stacktrace.h' l='52' u='w' c='__sanitizer::StackTrace::StackTrace'/>
<use f='llvm/compiler-rt/lib/sanitizer_common/sanitizer_stacktrace.h' l='54' u='w' c='__sanitizer::StackTrace::StackTrace'/>
<offset>0</offset>
<use f='llvm/compiler-rt/lib/asan/asan_allocator.cpp' l='914' u='r' c='__asan::GetStackTraceFromId'/>
<use f='llvm/compiler-rt/lib/asan/asan_debugging.cpp' l='68' u='r' c='_ZN12_GLOBAL__N_112AsanGetStackEmPmjPjb'/>
<use f='llvm/compiler-rt/lib/asan/asan_descriptions.cpp' l='177' u='r' c='__asan::GetStackTraceFromId'/>
<use f='llvm/compiler-rt/lib/asan/asan_errors.cpp' l='55' u='r' c='__asan::ErrorDoubleFree::Print'/>
<use f='llvm/compiler-rt/lib/asan/asan_errors.cpp' l='94' u='r' c='__asan::ErrorNewDeleteTypeMismatch::Print'/>
<use f='llvm/compiler-rt/lib/asan/asan_errors.cpp' l='113' u='r' c='__asan::ErrorFreeNotMalloced::Print'/>
<use f='llvm/compiler-rt/lib/asan/asan_errors.cpp' l='133' u='r' c='__asan::ErrorAllocTypeMismatch::Print'/>
<use f='llvm/compiler-rt/lib/asan/asan_suppressions.cpp' l='73' u='r' c='__asan::IsStackTraceSuppressed'/>
<use f='llvm/compiler-rt/lib/asan/asan_suppressions.cpp' l='74' u='r' c='__asan::IsStackTraceSuppressed'/>
<use f='llvm/compiler-rt/lib/gwp_asan/optional/backtrace_sanitizer_common.cpp' l='52' u='r' c='_ZN12_GLOBAL__N_115BacktraceCommonEPjjPv'/>
<use f='llvm/compiler-rt/lib/gwp_asan/optional/backtrace_sanitizer_common.cpp' l='67' u='w' c='_ZN12_GLOBAL__N_114PrintBacktraceEPjjPFvPKczE'/>
<use f='llvm/compiler-rt/lib/hwasan/hwasan_malloc_bisect.h' l='27' u='r' c='__hwasan::malloc_hash'/>
<use f='llvm/compiler-rt/lib/hwasan/hwasan_linux.cpp' l='390' u='r' c='__hwasan::HandleTagMismatch'/>
<use f='llvm/compiler-rt/lib/hwasan/hwasan_linux.cpp' l='391' u='w' c='__hwasan::HandleTagMismatch'/>
<use f='llvm/compiler-rt/lib/hwasan/hwasan_report.cpp' l='101' u='r' c='__hwasan::GetStackTraceFromId'/>
<use f='llvm/compiler-rt/lib/hwasan/hwasan_report.cpp' l='513' u='r' c='__hwasan::ReportInvalidFree'/>
<use f='llvm/compiler-rt/lib/hwasan/hwasan_report.cpp' l='600' u='r' c='__hwasan::ReportTagMismatch'/>
<use f='llvm/compiler-rt/lib/lsan/lsan_common.cpp' l='485' u='r' c='__lsan::GetCallerPC'/>
<use f='llvm/compiler-rt/lib/lsan/lsan_common.cpp' l='788' u='r' c='__lsan::LeakSuppressionContext::GetSuppressionForStack'/>
<use f='llvm/compiler-rt/lib/sanitizer_common/sanitizer_stackdepot.cpp' l='45' u='r' c='__sanitizer::StackDepotNode::eq'/>
<use f='llvm/compiler-rt/lib/sanitizer_common/sanitizer_stackdepot.cpp' l='54' u='r' c='__sanitizer::StackDepotNode::hash'/>
<use f='llvm/compiler-rt/lib/sanitizer_common/sanitizer_stackdepot.cpp' l='58' u='r' c='__sanitizer::StackDepotNode::is_valid'/>
<use f='llvm/compiler-rt/lib/sanitizer_common/sanitizer_stackdepot.cpp' l='64' u='r' c='__sanitizer::StackDepotNode::store'/>
<use f='llvm/compiler-rt/lib/sanitizer_common/sanitizer_stacktrace.cpp' l='161' u='r' c='__sanitizer::BufferedStackTrace::LocatePcInTrace'/>
<use f='llvm/compiler-rt/lib/sanitizer_common/sanitizer_stacktrace.cpp' l='161' u='r' c='__sanitizer::BufferedStackTrace::LocatePcInTrace'/>
<use f='llvm/compiler-rt/lib/sanitizer_common/sanitizer_stacktrace_libcdep.cpp' l='22' u='r' c='__sanitizer::StackTrace::Print'/>
<use f='llvm/compiler-rt/lib/sanitizer_common/sanitizer_stacktrace_libcdep.cpp' l='31' u='r' c='__sanitizer::StackTrace::Print'/>
<use f='llvm/compiler-rt/lib/sanitizer_common/sanitizer_stacktrace_libcdep.cpp' l='34' u='r' c='__sanitizer::StackTrace::Print'/>
<use f='llvm/compiler-rt/lib/sanitizer_common/sanitizer_symbolizer_report.cpp' l='84' u='r' c='__sanitizer::ReportErrorSummary'/>
<use f='llvm/compiler-rt/lib/tsan/dd/dd_rtl.cpp' l='28' u='r' c='__dsan::CurrentStackTrace'/>
<use f='llvm/compiler-rt/lib/tsan/rtl/tsan_debugging.cpp' l='260' u='r' c='__tsan_get_alloc_stack'/>
<use f='llvm/compiler-rt/lib/tsan/rtl/tsan_rtl_report.cpp' l='111' u='r' c='__tsan::SymbolizeStackId'/>
<use f='llvm/compiler-rt/lib/tsan/rtl/tsan_rtl_report.cpp' l='121' u='r' c='__tsan::SymbolizeStack'/>
<use f='llvm/compiler-rt/lib/tsan/rtl/tsan_rtl_report.cpp' l='399' u='r' c='__tsan::RestoreStack'/>
<use f='llvm/compiler-rt/lib/tsan/rtl/tsan_rtl_report.cpp' l='456' u='r' c='__tsan::HandleRacyStacks'/>
<use f='llvm/compiler-rt/lib/tsan/rtl/tsan_rtl_report.cpp' l='457' u='r' c='__tsan::HandleRacyStacks'/>
<use f='llvm/compiler-rt/lib/tsan/rtl/tsan_rtl_report.cpp' l='547' u='r' c='__tsan::IsFiredSuppression'/>
<use f='llvm/compiler-rt/lib/tsan/rtl/tsan_stack_trace.cpp' l='34' u='w' c='__tsan::VarSizeStackTrace::ResizeBuffer'/>
