<dec f='llvm/lldb/tools/lldb-vscode/VSCode.h' l='94' type='std::unique_ptr&lt;std::ofstream&gt;'/>
<offset>1152</offset>
<use f='llvm/lldb/tools/lldb-vscode/VSCode.cpp' l='32' u='w' c='_ZN11lldb_vscode6VSCodeC1Ev'/>
<use f='llvm/lldb/tools/lldb-vscode/VSCode.cpp' l='55' u='m' c='_ZN11lldb_vscode6VSCodeC1Ev'/>
<use f='llvm/lldb/tools/lldb-vscode/VSCode.cpp' l='93' u='m' c='_ZN11lldb_vscode6VSCode8SendJSONERKNSt7__cxx1112basic_stringIcSt11char_traitsIcESaIcEEE'/>
<use f='llvm/lldb/tools/lldb-vscode/VSCode.cpp' l='94' u='m' c='_ZN11lldb_vscode6VSCode8SendJSONERKNSt7__cxx1112basic_stringIcSt11char_traitsIcESaIcEEE'/>
<use f='llvm/lldb/tools/lldb-vscode/VSCode.cpp' l='117' u='m' c='_ZN11lldb_vscode6VSCode8ReadJSONB5cxx11Ev'/>
<use f='llvm/lldb/tools/lldb-vscode/VSCode.cpp' l='120' u='m' c='_ZN11lldb_vscode6VSCode8ReadJSONB5cxx11Ev'/>
<use f='llvm/lldb/tools/lldb-vscode/VSCode.cpp' l='126' u='m' c='_ZN11lldb_vscode6VSCode8ReadJSONB5cxx11Ev'/>
<use f='llvm/lldb/tools/lldb-vscode/VSCode.cpp' l='129' u='m' c='_ZN11lldb_vscode6VSCode8ReadJSONB5cxx11Ev'/>
<use f='llvm/lldb/tools/lldb-vscode/VSCode.cpp' l='132' u='m' c='_ZN11lldb_vscode6VSCode8ReadJSONB5cxx11Ev'/>
<use f='llvm/lldb/tools/lldb-vscode/VSCode.cpp' l='133' u='m' c='_ZN11lldb_vscode6VSCode8ReadJSONB5cxx11Ev'/>
<use f='llvm/lldb/tools/lldb-vscode/VSCode.cpp' l='370' u='m' c='_ZN11lldb_vscode6VSCode13GetNextObjectERN4llvm4json6ObjectE'/>
<use f='llvm/lldb/tools/lldb-vscode/VSCode.cpp' l='375' u='m' c='_ZN11lldb_vscode6VSCode13GetNextObjectERN4llvm4json6ObjectE'/>
<use f='llvm/lldb/tools/lldb-vscode/VSCode.cpp' l='382' u='m' c='_ZN11lldb_vscode6VSCode13GetNextObjectERN4llvm4json6ObjectE'/>
<use f='llvm/lldb/tools/lldb-vscode/VSCode.cpp' l='383' u='m' c='_ZN11lldb_vscode6VSCode13GetNextObjectERN4llvm4json6ObjectE'/>
<use f='llvm/lldb/tools/lldb-vscode/VSCode.cpp' l='398' u='m' c='_ZN11lldb_vscode6VSCode12HandleObjectERKN4llvm4json6ObjectE'/>
<use f='llvm/lldb/tools/lldb-vscode/VSCode.cpp' l='399' u='m' c='_ZN11lldb_vscode6VSCode12HandleObjectERKN4llvm4json6ObjectE'/>
<use f='llvm/lldb/tools/lldb-vscode/lldb-vscode.cpp' l='111' u='m' c='_ZN12_GLOBAL__N_116AcceptConnectionEi'/>
<use f='llvm/lldb/tools/lldb-vscode/lldb-vscode.cpp' l='112' u='m' c='_ZN12_GLOBAL__N_116AcceptConnectionEi'/>
<use f='llvm/lldb/tools/lldb-vscode/lldb-vscode.cpp' l='121' u='m' c='_ZN12_GLOBAL__N_116AcceptConnectionEi'/>
<use f='llvm/lldb/tools/lldb-vscode/lldb-vscode.cpp' l='122' u='m' c='_ZN12_GLOBAL__N_116AcceptConnectionEi'/>
<use f='llvm/lldb/tools/lldb-vscode/lldb-vscode.cpp' l='131' u='m' c='_ZN12_GLOBAL__N_116AcceptConnectionEi'/>
<use f='llvm/lldb/tools/lldb-vscode/lldb-vscode.cpp' l='132' u='m' c='_ZN12_GLOBAL__N_116AcceptConnectionEi'/>
<use f='llvm/lldb/tools/lldb-vscode/lldb-vscode.cpp' l='246' u='m' c='_ZN12_GLOBAL__N_122SendThreadStoppedEventEv'/>
<use f='llvm/lldb/tools/lldb-vscode/lldb-vscode.cpp' l='247' u='m' c='_ZN12_GLOBAL__N_122SendThreadStoppedEventEv'/>
<use f='llvm/lldb/tools/lldb-vscode/lldb-vscode.cpp' l='253' u='m' c='_ZN12_GLOBAL__N_122SendThreadStoppedEventEv'/>
<use f='llvm/lldb/tools/lldb-vscode/lldb-vscode.cpp' l='254' u='m' c='_ZN12_GLOBAL__N_122SendThreadStoppedEventEv'/>
