<use f='llvm/lldb/include/lldb/lldb-forward.h' l='438'/>
<inh f='llvm/lldb/include/lldb/Core/PluginInterface.h' l='16' c='lldb_private::PluginInterface'/>
<def f='llvm/lldb/include/lldb/Target/Trace.h' l='40' ll='199'/>
<use f='llvm/lldb/include/lldb/Target/Trace.h' l='41'/>
<size>24</size>
<doc f='llvm/lldb/include/lldb/Target/Trace.h' l='21'>/// \class Trace Trace.h &quot;lldb/Target/Trace.h&quot;
/// A plug-in interface definition class for trace information.
///
/// Trace plug-ins allow processor trace information to be loaded into LLDB so
/// that the data can be dumped, used for reverse and forward stepping to allow
/// introspection into the reason your process crashed or found its way to its
/// current state.
///
/// Trace information can be loaded into a target without a process to allow
/// introspection of the trace information during post mortem analysis, such as
/// when loading core files.
///
/// Processor trace information can also be fetched through the process
/// interfaces during a live debug session if your process supports gathering
/// this information.
///
/// In order to support live tracing, the name of the plug-in should match the
/// name of the tracing type returned by the gdb-remote packet
/// \a jLLDBTraceSupportedType.</doc>
<fun r='_ZNK12lldb_private5Trace4DumpEPNS_6StreamE'/>
<fun r='_ZN12lldb_private5Trace10FindPluginERNS_8DebuggerERKN4llvm4json5ValueENS3_9StringRefE'/>
<fun r='_ZN12lldb_private5Trace16FindPluginSchemaEN4llvm9StringRefE'/>
<fun r='_ZN12lldb_private5Trace9GetSchemaEv'/>
<fun r='_ZN12lldb_private5Trace17GetCursorPositionERKNS_6ThreadE'/>
<fun r='_ZN12lldb_private5Trace21DumpTraceInstructionsERNS_6ThreadERNS_6StreamEmmb'/>
<fun r='_ZN12lldb_private5Trace20TraverseInstructionsERKNS_6ThreadEmNS0_14TraceDirectionESt8functionIFbmN4llvm8ExpectedImEEEE'/>
<fun r='_ZN12lldb_private5Trace17StopTracingThreadERKNS_6ThreadE'/>
<fun r='_ZN12lldb_private5Trace19GetInstructionCountERKNS_6ThreadE'/>
<use f='llvm/lldb/source/Commands/CommandObjectThread.cpp' l='2060' c='_ZN22CommandObjectTraceStop15HandleOneThreadEmRN12lldb_private19CommandReturnObjectE'/>
<size>24</size>
