<dec f='llvm/llvm/include/llvm/CodeGen/MachineScheduler.h' l='268' type='llvm::LiveIntervals *'/>
<use f='llvm/llvm/include/llvm/CodeGen/MachineScheduler.h' l='294' u='w' c='_ZN4llvm13ScheduleDAGMIC1EPNS_19MachineSchedContextESt10unique_ptrINS_20MachineSchedStrategyESt14default_deleteIS4_EEb'/>
<use f='llvm/llvm/include/llvm/CodeGen/MachineScheduler.h' l='307' u='r' c='_ZNK4llvm13ScheduleDAGMI6getLISEv'/>
<use f='llvm/llvm/lib/CodeGen/MachineScheduler.cpp' l='743' u='r' c='_ZN4llvm13ScheduleDAGMI15moveInstructionEPNS_12MachineInstrENS_26MachineInstrBundleIteratorIS1_Lb0EEE'/>
<use f='llvm/llvm/lib/CodeGen/MachineScheduler.cpp' l='744' u='r' c='_ZN4llvm13ScheduleDAGMI15moveInstructionEPNS_12MachineInstrENS_26MachineInstrBundleIteratorIS1_Lb0EEE'/>
<use f='llvm/llvm/lib/CodeGen/MachineScheduler.cpp' l='1018' u='r' c='_ZN4llvm17ScheduleDAGMILive15initRegPressureEv'/>
<use f='llvm/llvm/lib/CodeGen/MachineScheduler.cpp' l='1020' u='r' c='_ZN4llvm17ScheduleDAGMILive15initRegPressureEv'/>
<use f='llvm/llvm/lib/CodeGen/MachineScheduler.cpp' l='1150' u='r' c='_ZN4llvm17ScheduleDAGMILive19updatePressureDiffsENS_8ArrayRefINS_16RegisterMaskPairEEE'/>
<use f='llvm/llvm/lib/CodeGen/MachineScheduler.cpp' l='1155' u='r' c='_ZN4llvm17ScheduleDAGMILive19updatePressureDiffsENS_8ArrayRefINS_16RegisterMaskPairEEE'/>
<use f='llvm/llvm/lib/CodeGen/MachineScheduler.cpp' l='1157' u='r' c='_ZN4llvm17ScheduleDAGMILive19updatePressureDiffsENS_8ArrayRefINS_16RegisterMaskPairEEE'/>
<use f='llvm/llvm/lib/CodeGen/MachineScheduler.cpp' l='1169' u='r' c='_ZN4llvm17ScheduleDAGMILive19updatePressureDiffsENS_8ArrayRefINS_16RegisterMaskPairEEE'/>
<use f='llvm/llvm/lib/CodeGen/MachineScheduler.cpp' l='1285' u='r' c='_ZN4llvm17ScheduleDAGMILive23buildDAGWithRegPressureEv'/>
<use f='llvm/llvm/lib/CodeGen/MachineScheduler.cpp' l='1293' u='r' c='_ZN4llvm17ScheduleDAGMILive23buildDAGWithRegPressureEv'/>
<use f='llvm/llvm/lib/CodeGen/MachineScheduler.cpp' l='1346' u='r' c='_ZN4llvm17ScheduleDAGMILive25computeCyclicCriticalPathEv'/>
<use f='llvm/llvm/lib/CodeGen/MachineScheduler.cpp' l='1347' u='r' c='_ZN4llvm17ScheduleDAGMILive25computeCyclicCriticalPathEv'/>
<use f='llvm/llvm/lib/CodeGen/MachineScheduler.cpp' l='1351' u='r' c='_ZN4llvm17ScheduleDAGMILive25computeCyclicCriticalPathEv'/>
<use f='llvm/llvm/lib/CodeGen/MachineScheduler.cpp' l='1366' u='r' c='_ZN4llvm17ScheduleDAGMILive25computeCyclicCriticalPathEv'/>
<use f='llvm/llvm/lib/CodeGen/MachineScheduler.cpp' l='1425' u='r' c='_ZN4llvm17ScheduleDAGMILive10scheduleMIEPNS_5SUnitEb'/>
<use f='llvm/llvm/lib/CodeGen/MachineScheduler.cpp' l='1426' u='r' c='_ZN4llvm17ScheduleDAGMILive10scheduleMIEPNS_5SUnitEb'/>
<use f='llvm/llvm/lib/CodeGen/MachineScheduler.cpp' l='1429' u='r' c='_ZN4llvm17ScheduleDAGMILive10scheduleMIEPNS_5SUnitEb'/>
<use f='llvm/llvm/lib/CodeGen/MachineScheduler.cpp' l='1459' u='r' c='_ZN4llvm17ScheduleDAGMILive10scheduleMIEPNS_5SUnitEb'/>
<use f='llvm/llvm/lib/CodeGen/MachineScheduler.cpp' l='1460' u='r' c='_ZN4llvm17ScheduleDAGMILive10scheduleMIEPNS_5SUnitEb'/>
<use f='llvm/llvm/lib/CodeGen/MachineScheduler.cpp' l='1463' u='r' c='_ZN4llvm17ScheduleDAGMILive10scheduleMIEPNS_5SUnitEb'/>
<offset>20736</offset>
<use f='llvm/llvm/lib/Target/AMDGPU/SIMachineScheduler.h' l='446' u='r' c='_ZN4llvm15SIScheduleDAGMI13initRPTrackerERNS_18RegPressureTrackerE'/>
<use f='llvm/llvm/lib/Target/AMDGPU/SIMachineScheduler.h' l='452' u='r' c='_ZN4llvm15SIScheduleDAGMI6getLISEv'/>
<use f='llvm/llvm/lib/Target/AMDGPU/GCNIterativeScheduler.cpp' l='227' u='r' c='_ZN4llvm21GCNIterativeSchedulerC1EPNS_19MachineSchedContextENS0_12StrategyKindE'/>
<use f='llvm/llvm/lib/Target/AMDGPU/GCNIterativeScheduler.cpp' l='267' u='r' c='_ZNK4llvm21GCNIterativeScheduler19getSchedulePressureERKNS0_6RegionEOT_'/>
<use f='llvm/llvm/lib/Target/AMDGPU/GCNIterativeScheduler.cpp' l='371' u='r' c='_ZN4llvm21GCNIterativeScheduler14scheduleRegionERNS0_6RegionEOT_RKNS_14GCNRegPressureE'/>
<use f='llvm/llvm/lib/Target/AMDGPU/GCNIterativeScheduler.cpp' l='383' u='r' c='_ZN4llvm21GCNIterativeScheduler14scheduleRegionERNS0_6RegionEOT_RKNS_14GCNRegPressureE'/>
<use f='llvm/llvm/lib/Target/AMDGPU/GCNIterativeScheduler.cpp' l='384' u='r' c='_ZN4llvm21GCNIterativeScheduler14scheduleRegionERNS0_6RegionEOT_RKNS_14GCNRegPressureE'/>
<use f='llvm/llvm/lib/Target/AMDGPU/GCNSchedStrategy.cpp' l='312' u='r' c='_ZN4llvm20GCNScheduleDAGMILive8scheduleEv'/>
<use f='llvm/llvm/lib/Target/AMDGPU/GCNSchedStrategy.cpp' l='327' u='r' c='_ZN4llvm20GCNScheduleDAGMILive8scheduleEv'/>
<use f='llvm/llvm/lib/Target/AMDGPU/GCNSchedStrategy.cpp' l='398' u='r' c='_ZN4llvm20GCNScheduleDAGMILive8scheduleEv'/>
<use f='llvm/llvm/lib/Target/AMDGPU/GCNSchedStrategy.cpp' l='409' u='r' c='_ZN4llvm20GCNScheduleDAGMILive8scheduleEv'/>
<use f='llvm/llvm/lib/Target/AMDGPU/GCNSchedStrategy.cpp' l='410' u='r' c='_ZN4llvm20GCNScheduleDAGMILive8scheduleEv'/>
<use f='llvm/llvm/lib/Target/AMDGPU/GCNSchedStrategy.cpp' l='413' u='r' c='_ZN4llvm20GCNScheduleDAGMILive8scheduleEv'/>
<use f='llvm/llvm/lib/Target/AMDGPU/GCNSchedStrategy.cpp' l='427' u='r' c='_ZNK4llvm20GCNScheduleDAGMILive18getRealRegPressureEv'/>
<use f='llvm/llvm/lib/Target/AMDGPU/GCNSchedStrategy.cpp' l='433' u='r' c='_ZN4llvm20GCNScheduleDAGMILive20computeBlockPressureEPKNS_17MachineBasicBlockE'/>
<use f='llvm/llvm/lib/Target/AMDGPU/GCNSchedStrategy.cpp' l='440' u='r' c='_ZN4llvm20GCNScheduleDAGMILive20computeBlockPressureEPKNS_17MachineBasicBlockE'/>
<use f='llvm/llvm/lib/Target/AMDGPU/GCNSchedStrategy.cpp' l='509' u='r' c='_ZNK4llvm20GCNScheduleDAGMILive14getBBLiveInMapEv'/>
<use f='llvm/llvm/lib/Target/AMDGPU/GCNSchedStrategy.cpp' l='532' u='r' c='_ZN4llvm20GCNScheduleDAGMILive16finalizeScheduleEv'/>
