<def f='llvm/llvm/include/llvm/CodeGen/MachineTraceMetrics.h' l='255' ll='316'/>
<use f='llvm/llvm/include/llvm/CodeGen/MachineTraceMetrics.h' l='322'/>
<use f='llvm/llvm/include/llvm/CodeGen/MachineTraceMetrics.h' l='361' c='_ZN4llvm19MachineTraceMetrics8Ensemble8getTraceEPKNS_17MachineBasicBlockE'/>
<use f='llvm/llvm/include/llvm/CodeGen/MachineTraceMetrics.h' l='422' c='_ZN4llvmlsERNS_11raw_ostreamERKNS_19MachineTraceMetrics5TraceE'/>
<use f='llvm/llvm/lib/CodeGen/EarlyIfConversion.cpp' l='822' c='_ZN12_GLOBAL__N_116EarlyIfConverter15shouldConvertIfEv'/>
<use f='llvm/llvm/lib/CodeGen/EarlyIfConversion.cpp' l='823' c='_ZN12_GLOBAL__N_116EarlyIfConverter15shouldConvertIfEv'/>
<use f='llvm/llvm/lib/CodeGen/EarlyIfConversion.cpp' l='862' c='_ZN12_GLOBAL__N_116EarlyIfConverter15shouldConvertIfEv'/>
<use f='llvm/llvm/lib/CodeGen/EarlyIfConversion.cpp' l='869' c='_ZN12_GLOBAL__N_116EarlyIfConverter15shouldConvertIfEv'/>
<size>16</size>
<doc f='llvm/llvm/include/llvm/CodeGen/MachineTraceMetrics.h' l='252'>/// A trace represents a plausible sequence of executed basic blocks that
  /// passes through the current basic block one. The Trace class serves as a
  /// handle to internal cached data structures.</doc>
<mbr r='llvm::MachineTraceMetrics::Trace::TE' o='0' t='llvm::MachineTraceMetrics::Ensemble &amp;'/>
<mbr r='llvm::MachineTraceMetrics::Trace::TBI' o='64' t='llvm::MachineTraceMetrics::TraceBlockInfo &amp;'/>
<fun r='_ZNK4llvm19MachineTraceMetrics5Trace11getBlockNumEv'/>
<fun r='_ZN4llvm19MachineTraceMetrics5TraceC1ERNS0_8EnsembleERNS0_14TraceBlockInfoE'/>
<fun r='_ZNK4llvm19MachineTraceMetrics5Trace5printERNS_11raw_ostreamE'/>
<fun r='_ZNK4llvm19MachineTraceMetrics5Trace13getInstrCountEv'/>
<fun r='_ZNK4llvm19MachineTraceMetrics5Trace16getResourceDepthEb'/>
<fun r='_ZNK4llvm19MachineTraceMetrics5Trace17getResourceLengthENS_8ArrayRefIPKNS_17MachineBasicBlockEEENS2_IPKNS_16MCSchedClassDescEEESA_'/>
<fun r='_ZNK4llvm19MachineTraceMetrics5Trace15getCriticalPathEv'/>
<fun r='_ZNK4llvm19MachineTraceMetrics5Trace14getInstrCyclesERKNS_12MachineInstrE'/>
<fun r='_ZNK4llvm19MachineTraceMetrics5Trace13getInstrSlackERKNS_12MachineInstrE'/>
<fun r='_ZNK4llvm19MachineTraceMetrics5Trace11getPHIDepthERKNS_12MachineInstrE'/>
<fun r='_ZNK4llvm19MachineTraceMetrics5Trace12isDepInTraceERKNS_12MachineInstrES4_'/>
<use f='llvm/llvm/lib/CodeGen/MachineCombiner.cpp' l='98' c='_ZN12_GLOBAL__N_115MachineCombiner8getDepthERN4llvm15SmallVectorImplIPNS1_12MachineInstrEEERNS1_8DenseMapIjjNS1_12DenseMapInfoIjEENS1_6detail12DenseMa222803'/>
<use f='llvm/llvm/lib/CodeGen/MachineCombiner.cpp' l='100' c='_ZN12_GLOBAL__N_115MachineCombiner10getLatencyEPN4llvm12MachineInstrES3_NS1_19MachineTraceMetrics5TraceE'/>
<use f='llvm/llvm/lib/CodeGen/MachineCombiner.cpp' l='103' c='_ZN12_GLOBAL__N_115MachineCombiner23improvesCriticalPathLenEPN4llvm17MachineBasicBlockEPNS1_12MachineInstrENS1_19MachineTraceMetrics5TraceERNS1_15Smal11425229'/>
<use f='llvm/llvm/lib/CodeGen/MachineCombiner.cpp' l='113' c='_ZN12_GLOBAL__N_115MachineCombiner20preservesResourceLenEPN4llvm17MachineBasicBlockENS1_19MachineTraceMetrics5TraceERNS1_15SmallVectorImplIPNS1_12MachineInstrEEESA_'/>
<use f='llvm/llvm/lib/CodeGen/MachineCombiner.cpp' l='122' c='_ZN12_GLOBAL__N_115MachineCombiner29getLatenciesForInstrSequencesERN4llvm12MachineInstrERNS1_15SmallVectorImplIPS2_EES7_NS1_19MachineTraceMetrics5TraceE'/>
<use f='llvm/llvm/lib/CodeGen/MachineCombiner.cpp' l='173' c='_ZN12_GLOBAL__N_115MachineCombiner8getDepthERN4llvm15SmallVectorImplIPNS1_12MachineInstrEEERNS1_8DenseMapIjjNS1_12DenseMapInfoIjEENS1_6detail12DenseMa222803'/>
<use f='llvm/llvm/lib/CodeGen/MachineCombiner.cpp' l='231' c='_ZN12_GLOBAL__N_115MachineCombiner10getLatencyEPN4llvm12MachineInstrES3_NS1_19MachineTraceMetrics5TraceE'/>
<use f='llvm/llvm/lib/CodeGen/MachineCombiner.cpp' l='297' c='_ZN12_GLOBAL__N_115MachineCombiner29getLatenciesForInstrSequencesERN4llvm12MachineInstrERNS1_15SmallVectorImplIPS2_EES7_NS1_19MachineTraceMetrics5TraceE'/>
<use f='llvm/llvm/lib/CodeGen/MachineCombiner.cpp' l='332' c='_ZN12_GLOBAL__N_115MachineCombiner23improvesCriticalPathLenEPN4llvm17MachineBasicBlockEPNS1_12MachineInstrENS1_19MachineTraceMetrics5TraceERNS1_15Smal11425229'/>
<use f='llvm/llvm/lib/CodeGen/MachineCombiner.cpp' l='402' c='_ZN12_GLOBAL__N_115MachineCombiner20preservesResourceLenEPN4llvm17MachineBasicBlockENS1_19MachineTraceMetrics5TraceERNS1_15SmallVectorImplIPNS1_12MachineInstrEEESA_'/>
<use f='llvm/llvm/lib/CodeGen/MachineCombiner.cpp' l='673' c='_ZN12_GLOBAL__N_115MachineCombiner19combineInstructionsEPN4llvm17MachineBasicBlockE'/>
<size>16</size>
<use f='llvm/llvm/lib/CodeGen/MachineTraceMetrics.cpp' l='1159' c='_ZN4llvm19MachineTraceMetrics8Ensemble8getTraceEPKNS_17MachineBasicBlockE'/>
<use f='llvm/llvm/lib/CodeGen/MachineTraceMetrics.cpp' l='1170' c='_ZN4llvm19MachineTraceMetrics8Ensemble8getTraceEPKNS_17MachineBasicBlockE'/>
<size>16</size>
<fun r='_ZNK4llvm19MachineTraceMetrics5Trace13getInstrSlackERKNS_12MachineInstrE'/>
<fun r='_ZNK4llvm19MachineTraceMetrics5Trace11getPHIDepthERKNS_12MachineInstrE'/>
<fun r='_ZNK4llvm19MachineTraceMetrics5Trace16getResourceDepthEb'/>
<fun r='_ZNK4llvm19MachineTraceMetrics5Trace17getResourceLengthENS_8ArrayRefIPKNS_17MachineBasicBlockEEENS2_IPKNS_16MCSchedClassDescEEESA_'/>
<fun r='_ZNK4llvm19MachineTraceMetrics5Trace12isDepInTraceERKNS_12MachineInstrES4_'/>
<fun r='_ZNK4llvm19MachineTraceMetrics5Trace5printERNS_11raw_ostreamE'/>
<use f='llvm/llvm/lib/Target/AArch64/AArch64ConditionalCompares.cpp' l='862' c='_ZN12_GLOBAL__N_126AArch64ConditionalCompares13shouldConvertEv'/>
<size>16</size>
<use f='llvm/llvm/lib/Target/AArch64/AArch64StorePairSuppress.cpp' l='80' c='_ZN12_GLOBAL__N_124AArch64StorePairSuppress19shouldAddSTPToBlockEPKN4llvm17MachineBasicBlockE'/>
<size>16</size>
