<dec f='llvm/build/lib/Target/PowerPC/PPCGenInstrInfo.inc' l='1157' type='1142'/>
<use f='llvm/build/lib/Target/PowerPC/PPCGenAsmMatcher.inc' l='6333'/>
<use f='llvm/build/lib/Target/PowerPC/PPCGenMCCodeEmitter.inc' l='2933' c='_ZNK4llvm16PPCMCCodeEmitter21getBinaryCodeForInstrERKNS_6MCInstERNS_15SmallVectorImplINS_7MCFixupEEERKNS_15MCSubtargetInfoE'/>
<use f='llvm/llvm/lib/Target/PowerPC/PPCFastISel.cpp' l='2139' u='r' c='_ZN12_GLOBAL__N_111PPCFastISel22PPCMaterialize32BitIntElPKN4llvm19TargetRegisterClassE'/>
<use f='llvm/llvm/lib/Target/PowerPC/PPCFastISel.cpp' l='2147' u='r' c='_ZN12_GLOBAL__N_111PPCFastISel22PPCMaterialize32BitIntElPKN4llvm19TargetRegisterClassE'/>
<use f='llvm/llvm/lib/Target/PowerPC/PPCFrameLowering.cpp' l='663' u='r' c='_ZNK4llvm16PPCFrameLowering12emitPrologueERNS_15MachineFunctionERNS_17MachineBasicBlockE'/>
<use f='llvm/llvm/lib/Target/PowerPC/PPCFrameLowering.cpp' l='1252' u='r' c='_ZNK4llvm16PPCFrameLowering16inlineStackProbeERNS_15MachineFunctionERNS_17MachineBasicBlockE'/>
<use f='llvm/llvm/lib/Target/PowerPC/PPCFrameLowering.cpp' l='1526' u='r' c='_ZNK4llvm16PPCFrameLowering12emitEpilogueERNS_15MachineFunctionERNS_17MachineBasicBlockE'/>
<use f='llvm/llvm/lib/Target/PowerPC/PPCFrameLowering.cpp' l='2408' u='r' c='_ZNK4llvm16PPCFrameLowering29eliminateCallFramePseudoInstrERNS_15MachineFunctionERNS_17MachineBasicBlockENS_26MachineInstrBundleIteratorINS_12MachineInstrELb0EEE'/>
<use f='llvm/build/lib/Target/PowerPC/PPCGenDAGISel.inc' l='39167' u='r' c='_ZN12_GLOBAL__N_115PPCDAGToDAGISel10SelectCodeEPN4llvm6SDNodeE'/>
<use f='llvm/build/lib/Target/PowerPC/PPCGenDAGISel.inc' l='39167' u='r' c='_ZN12_GLOBAL__N_115PPCDAGToDAGISel10SelectCodeEPN4llvm6SDNodeE'/>
<use f='llvm/build/lib/Target/PowerPC/PPCGenDAGISel.inc' l='39182' u='r' c='_ZN12_GLOBAL__N_115PPCDAGToDAGISel10SelectCodeEPN4llvm6SDNodeE'/>
<use f='llvm/build/lib/Target/PowerPC/PPCGenDAGISel.inc' l='39182' u='r' c='_ZN12_GLOBAL__N_115PPCDAGToDAGISel10SelectCodeEPN4llvm6SDNodeE'/>
<use f='llvm/build/lib/Target/PowerPC/PPCGenDAGISel.inc' l='39197' u='r' c='_ZN12_GLOBAL__N_115PPCDAGToDAGISel10SelectCodeEPN4llvm6SDNodeE'/>
<use f='llvm/build/lib/Target/PowerPC/PPCGenDAGISel.inc' l='39197' u='r' c='_ZN12_GLOBAL__N_115PPCDAGToDAGISel10SelectCodeEPN4llvm6SDNodeE'/>
<use f='llvm/build/lib/Target/PowerPC/PPCGenDAGISel.inc' l='39212' u='r' c='_ZN12_GLOBAL__N_115PPCDAGToDAGISel10SelectCodeEPN4llvm6SDNodeE'/>
<use f='llvm/build/lib/Target/PowerPC/PPCGenDAGISel.inc' l='39212' u='r' c='_ZN12_GLOBAL__N_115PPCDAGToDAGISel10SelectCodeEPN4llvm6SDNodeE'/>
<use f='llvm/build/lib/Target/PowerPC/PPCGenDAGISel.inc' l='44369' u='r' c='_ZN12_GLOBAL__N_115PPCDAGToDAGISel10SelectCodeEPN4llvm6SDNodeE'/>
<use f='llvm/build/lib/Target/PowerPC/PPCGenDAGISel.inc' l='44369' u='r' c='_ZN12_GLOBAL__N_115PPCDAGToDAGISel10SelectCodeEPN4llvm6SDNodeE'/>
<use f='llvm/build/lib/Target/PowerPC/PPCGenDAGISel.inc' l='44376' u='r' c='_ZN12_GLOBAL__N_115PPCDAGToDAGISel10SelectCodeEPN4llvm6SDNodeE'/>
<use f='llvm/build/lib/Target/PowerPC/PPCGenDAGISel.inc' l='44376' u='r' c='_ZN12_GLOBAL__N_115PPCDAGToDAGISel10SelectCodeEPN4llvm6SDNodeE'/>
<use f='llvm/build/lib/Target/PowerPC/PPCGenDAGISel.inc' l='48050' u='r' c='_ZN12_GLOBAL__N_115PPCDAGToDAGISel10SelectCodeEPN4llvm6SDNodeE'/>
<use f='llvm/build/lib/Target/PowerPC/PPCGenDAGISel.inc' l='48050' u='r' c='_ZN12_GLOBAL__N_115PPCDAGToDAGISel10SelectCodeEPN4llvm6SDNodeE'/>
<use f='llvm/build/lib/Target/PowerPC/PPCGenDAGISel.inc' l='48063' u='r' c='_ZN12_GLOBAL__N_115PPCDAGToDAGISel10SelectCodeEPN4llvm6SDNodeE'/>
<use f='llvm/build/lib/Target/PowerPC/PPCGenDAGISel.inc' l='48063' u='r' c='_ZN12_GLOBAL__N_115PPCDAGToDAGISel10SelectCodeEPN4llvm6SDNodeE'/>
<use f='llvm/build/lib/Target/PowerPC/PPCGenDAGISel.inc' l='48078' u='r' c='_ZN12_GLOBAL__N_115PPCDAGToDAGISel10SelectCodeEPN4llvm6SDNodeE'/>
<use f='llvm/build/lib/Target/PowerPC/PPCGenDAGISel.inc' l='48078' u='r' c='_ZN12_GLOBAL__N_115PPCDAGToDAGISel10SelectCodeEPN4llvm6SDNodeE'/>
<use f='llvm/build/lib/Target/PowerPC/PPCGenDAGISel.inc' l='48091' u='r' c='_ZN12_GLOBAL__N_115PPCDAGToDAGISel10SelectCodeEPN4llvm6SDNodeE'/>
<use f='llvm/build/lib/Target/PowerPC/PPCGenDAGISel.inc' l='48091' u='r' c='_ZN12_GLOBAL__N_115PPCDAGToDAGISel10SelectCodeEPN4llvm6SDNodeE'/>
<use f='llvm/build/lib/Target/PowerPC/PPCGenDAGISel.inc' l='48104' u='r' c='_ZN12_GLOBAL__N_115PPCDAGToDAGISel10SelectCodeEPN4llvm6SDNodeE'/>
<use f='llvm/build/lib/Target/PowerPC/PPCGenDAGISel.inc' l='48104' u='r' c='_ZN12_GLOBAL__N_115PPCDAGToDAGISel10SelectCodeEPN4llvm6SDNodeE'/>
<use f='llvm/build/lib/Target/PowerPC/PPCGenDAGISel.inc' l='48119' u='r' c='_ZN12_GLOBAL__N_115PPCDAGToDAGISel10SelectCodeEPN4llvm6SDNodeE'/>
<use f='llvm/build/lib/Target/PowerPC/PPCGenDAGISel.inc' l='48119' u='r' c='_ZN12_GLOBAL__N_115PPCDAGToDAGISel10SelectCodeEPN4llvm6SDNodeE'/>
<use f='llvm/build/lib/Target/PowerPC/PPCGenDAGISel.inc' l='48134' u='r' c='_ZN12_GLOBAL__N_115PPCDAGToDAGISel10SelectCodeEPN4llvm6SDNodeE'/>
<use f='llvm/build/lib/Target/PowerPC/PPCGenDAGISel.inc' l='48134' u='r' c='_ZN12_GLOBAL__N_115PPCDAGToDAGISel10SelectCodeEPN4llvm6SDNodeE'/>
<use f='llvm/build/lib/Target/PowerPC/PPCGenDAGISel.inc' l='48147' u='r' c='_ZN12_GLOBAL__N_115PPCDAGToDAGISel10SelectCodeEPN4llvm6SDNodeE'/>
<use f='llvm/build/lib/Target/PowerPC/PPCGenDAGISel.inc' l='48147' u='r' c='_ZN12_GLOBAL__N_115PPCDAGToDAGISel10SelectCodeEPN4llvm6SDNodeE'/>
<use f='llvm/build/lib/Target/PowerPC/PPCGenDAGISel.inc' l='48160' u='r' c='_ZN12_GLOBAL__N_115PPCDAGToDAGISel10SelectCodeEPN4llvm6SDNodeE'/>
<use f='llvm/build/lib/Target/PowerPC/PPCGenDAGISel.inc' l='48160' u='r' c='_ZN12_GLOBAL__N_115PPCDAGToDAGISel10SelectCodeEPN4llvm6SDNodeE'/>
<use f='llvm/build/lib/Target/PowerPC/PPCGenDAGISel.inc' l='48175' u='r' c='_ZN12_GLOBAL__N_115PPCDAGToDAGISel10SelectCodeEPN4llvm6SDNodeE'/>
<use f='llvm/build/lib/Target/PowerPC/PPCGenDAGISel.inc' l='48175' u='r' c='_ZN12_GLOBAL__N_115PPCDAGToDAGISel10SelectCodeEPN4llvm6SDNodeE'/>
<use f='llvm/build/lib/Target/PowerPC/PPCGenDAGISel.inc' l='48188' u='r' c='_ZN12_GLOBAL__N_115PPCDAGToDAGISel10SelectCodeEPN4llvm6SDNodeE'/>
<use f='llvm/build/lib/Target/PowerPC/PPCGenDAGISel.inc' l='48188' u='r' c='_ZN12_GLOBAL__N_115PPCDAGToDAGISel10SelectCodeEPN4llvm6SDNodeE'/>
<use f='llvm/build/lib/Target/PowerPC/PPCGenDAGISel.inc' l='48201' u='r' c='_ZN12_GLOBAL__N_115PPCDAGToDAGISel10SelectCodeEPN4llvm6SDNodeE'/>
<use f='llvm/build/lib/Target/PowerPC/PPCGenDAGISel.inc' l='48201' u='r' c='_ZN12_GLOBAL__N_115PPCDAGToDAGISel10SelectCodeEPN4llvm6SDNodeE'/>
<use f='llvm/build/lib/Target/PowerPC/PPCGenDAGISel.inc' l='48216' u='r' c='_ZN12_GLOBAL__N_115PPCDAGToDAGISel10SelectCodeEPN4llvm6SDNodeE'/>
<use f='llvm/build/lib/Target/PowerPC/PPCGenDAGISel.inc' l='48216' u='r' c='_ZN12_GLOBAL__N_115PPCDAGToDAGISel10SelectCodeEPN4llvm6SDNodeE'/>
<use f='llvm/build/lib/Target/PowerPC/PPCGenDAGISel.inc' l='48231' u='r' c='_ZN12_GLOBAL__N_115PPCDAGToDAGISel10SelectCodeEPN4llvm6SDNodeE'/>
<use f='llvm/build/lib/Target/PowerPC/PPCGenDAGISel.inc' l='48231' u='r' c='_ZN12_GLOBAL__N_115PPCDAGToDAGISel10SelectCodeEPN4llvm6SDNodeE'/>
<use f='llvm/build/lib/Target/PowerPC/PPCGenDAGISel.inc' l='48251' u='r' c='_ZN12_GLOBAL__N_115PPCDAGToDAGISel10SelectCodeEPN4llvm6SDNodeE'/>
<use f='llvm/build/lib/Target/PowerPC/PPCGenDAGISel.inc' l='48251' u='r' c='_ZN12_GLOBAL__N_115PPCDAGToDAGISel10SelectCodeEPN4llvm6SDNodeE'/>
<use f='llvm/build/lib/Target/PowerPC/PPCGenDAGISel.inc' l='48264' u='r' c='_ZN12_GLOBAL__N_115PPCDAGToDAGISel10SelectCodeEPN4llvm6SDNodeE'/>
<use f='llvm/build/lib/Target/PowerPC/PPCGenDAGISel.inc' l='48264' u='r' c='_ZN12_GLOBAL__N_115PPCDAGToDAGISel10SelectCodeEPN4llvm6SDNodeE'/>
<use f='llvm/build/lib/Target/PowerPC/PPCGenDAGISel.inc' l='48279' u='r' c='_ZN12_GLOBAL__N_115PPCDAGToDAGISel10SelectCodeEPN4llvm6SDNodeE'/>
<use f='llvm/build/lib/Target/PowerPC/PPCGenDAGISel.inc' l='48279' u='r' c='_ZN12_GLOBAL__N_115PPCDAGToDAGISel10SelectCodeEPN4llvm6SDNodeE'/>
<use f='llvm/build/lib/Target/PowerPC/PPCGenDAGISel.inc' l='48292' u='r' c='_ZN12_GLOBAL__N_115PPCDAGToDAGISel10SelectCodeEPN4llvm6SDNodeE'/>
<use f='llvm/build/lib/Target/PowerPC/PPCGenDAGISel.inc' l='48292' u='r' c='_ZN12_GLOBAL__N_115PPCDAGToDAGISel10SelectCodeEPN4llvm6SDNodeE'/>
<use f='llvm/build/lib/Target/PowerPC/PPCGenDAGISel.inc' l='48305' u='r' c='_ZN12_GLOBAL__N_115PPCDAGToDAGISel10SelectCodeEPN4llvm6SDNodeE'/>
<use f='llvm/build/lib/Target/PowerPC/PPCGenDAGISel.inc' l='48305' u='r' c='_ZN12_GLOBAL__N_115PPCDAGToDAGISel10SelectCodeEPN4llvm6SDNodeE'/>
<use f='llvm/build/lib/Target/PowerPC/PPCGenDAGISel.inc' l='48320' u='r' c='_ZN12_GLOBAL__N_115PPCDAGToDAGISel10SelectCodeEPN4llvm6SDNodeE'/>
<use f='llvm/build/lib/Target/PowerPC/PPCGenDAGISel.inc' l='48320' u='r' c='_ZN12_GLOBAL__N_115PPCDAGToDAGISel10SelectCodeEPN4llvm6SDNodeE'/>
<use f='llvm/build/lib/Target/PowerPC/PPCGenDAGISel.inc' l='48335' u='r' c='_ZN12_GLOBAL__N_115PPCDAGToDAGISel10SelectCodeEPN4llvm6SDNodeE'/>
<use f='llvm/build/lib/Target/PowerPC/PPCGenDAGISel.inc' l='48335' u='r' c='_ZN12_GLOBAL__N_115PPCDAGToDAGISel10SelectCodeEPN4llvm6SDNodeE'/>
<use f='llvm/build/lib/Target/PowerPC/PPCGenDAGISel.inc' l='48348' u='r' c='_ZN12_GLOBAL__N_115PPCDAGToDAGISel10SelectCodeEPN4llvm6SDNodeE'/>
<use f='llvm/build/lib/Target/PowerPC/PPCGenDAGISel.inc' l='48348' u='r' c='_ZN12_GLOBAL__N_115PPCDAGToDAGISel10SelectCodeEPN4llvm6SDNodeE'/>
<use f='llvm/build/lib/Target/PowerPC/PPCGenDAGISel.inc' l='48361' u='r' c='_ZN12_GLOBAL__N_115PPCDAGToDAGISel10SelectCodeEPN4llvm6SDNodeE'/>
<use f='llvm/build/lib/Target/PowerPC/PPCGenDAGISel.inc' l='48361' u='r' c='_ZN12_GLOBAL__N_115PPCDAGToDAGISel10SelectCodeEPN4llvm6SDNodeE'/>
<use f='llvm/build/lib/Target/PowerPC/PPCGenDAGISel.inc' l='48376' u='r' c='_ZN12_GLOBAL__N_115PPCDAGToDAGISel10SelectCodeEPN4llvm6SDNodeE'/>
<use f='llvm/build/lib/Target/PowerPC/PPCGenDAGISel.inc' l='48376' u='r' c='_ZN12_GLOBAL__N_115PPCDAGToDAGISel10SelectCodeEPN4llvm6SDNodeE'/>
<use f='llvm/build/lib/Target/PowerPC/PPCGenDAGISel.inc' l='48389' u='r' c='_ZN12_GLOBAL__N_115PPCDAGToDAGISel10SelectCodeEPN4llvm6SDNodeE'/>
<use f='llvm/build/lib/Target/PowerPC/PPCGenDAGISel.inc' l='48389' u='r' c='_ZN12_GLOBAL__N_115PPCDAGToDAGISel10SelectCodeEPN4llvm6SDNodeE'/>
<use f='llvm/build/lib/Target/PowerPC/PPCGenDAGISel.inc' l='48402' u='r' c='_ZN12_GLOBAL__N_115PPCDAGToDAGISel10SelectCodeEPN4llvm6SDNodeE'/>
<use f='llvm/build/lib/Target/PowerPC/PPCGenDAGISel.inc' l='48402' u='r' c='_ZN12_GLOBAL__N_115PPCDAGToDAGISel10SelectCodeEPN4llvm6SDNodeE'/>
<use f='llvm/build/lib/Target/PowerPC/PPCGenDAGISel.inc' l='48417' u='r' c='_ZN12_GLOBAL__N_115PPCDAGToDAGISel10SelectCodeEPN4llvm6SDNodeE'/>
<use f='llvm/build/lib/Target/PowerPC/PPCGenDAGISel.inc' l='48417' u='r' c='_ZN12_GLOBAL__N_115PPCDAGToDAGISel10SelectCodeEPN4llvm6SDNodeE'/>
<use f='llvm/build/lib/Target/PowerPC/PPCGenDAGISel.inc' l='48432' u='r' c='_ZN12_GLOBAL__N_115PPCDAGToDAGISel10SelectCodeEPN4llvm6SDNodeE'/>
<use f='llvm/build/lib/Target/PowerPC/PPCGenDAGISel.inc' l='48432' u='r' c='_ZN12_GLOBAL__N_115PPCDAGToDAGISel10SelectCodeEPN4llvm6SDNodeE'/>
<use f='llvm/build/lib/Target/PowerPC/PPCGenDAGISel.inc' l='48452' u='r' c='_ZN12_GLOBAL__N_115PPCDAGToDAGISel10SelectCodeEPN4llvm6SDNodeE'/>
<use f='llvm/build/lib/Target/PowerPC/PPCGenDAGISel.inc' l='48452' u='r' c='_ZN12_GLOBAL__N_115PPCDAGToDAGISel10SelectCodeEPN4llvm6SDNodeE'/>
<use f='llvm/build/lib/Target/PowerPC/PPCGenDAGISel.inc' l='48465' u='r' c='_ZN12_GLOBAL__N_115PPCDAGToDAGISel10SelectCodeEPN4llvm6SDNodeE'/>
<use f='llvm/build/lib/Target/PowerPC/PPCGenDAGISel.inc' l='48465' u='r' c='_ZN12_GLOBAL__N_115PPCDAGToDAGISel10SelectCodeEPN4llvm6SDNodeE'/>
<use f='llvm/build/lib/Target/PowerPC/PPCGenDAGISel.inc' l='48480' u='r' c='_ZN12_GLOBAL__N_115PPCDAGToDAGISel10SelectCodeEPN4llvm6SDNodeE'/>
<use f='llvm/build/lib/Target/PowerPC/PPCGenDAGISel.inc' l='48480' u='r' c='_ZN12_GLOBAL__N_115PPCDAGToDAGISel10SelectCodeEPN4llvm6SDNodeE'/>
<use f='llvm/build/lib/Target/PowerPC/PPCGenDAGISel.inc' l='48493' u='r' c='_ZN12_GLOBAL__N_115PPCDAGToDAGISel10SelectCodeEPN4llvm6SDNodeE'/>
<use f='llvm/build/lib/Target/PowerPC/PPCGenDAGISel.inc' l='48493' u='r' c='_ZN12_GLOBAL__N_115PPCDAGToDAGISel10SelectCodeEPN4llvm6SDNodeE'/>
<use f='llvm/build/lib/Target/PowerPC/PPCGenDAGISel.inc' l='48506' u='r' c='_ZN12_GLOBAL__N_115PPCDAGToDAGISel10SelectCodeEPN4llvm6SDNodeE'/>
<use f='llvm/build/lib/Target/PowerPC/PPCGenDAGISel.inc' l='48506' u='r' c='_ZN12_GLOBAL__N_115PPCDAGToDAGISel10SelectCodeEPN4llvm6SDNodeE'/>
<use f='llvm/build/lib/Target/PowerPC/PPCGenDAGISel.inc' l='48521' u='r' c='_ZN12_GLOBAL__N_115PPCDAGToDAGISel10SelectCodeEPN4llvm6SDNodeE'/>
<use f='llvm/build/lib/Target/PowerPC/PPCGenDAGISel.inc' l='48521' u='r' c='_ZN12_GLOBAL__N_115PPCDAGToDAGISel10SelectCodeEPN4llvm6SDNodeE'/>
<use f='llvm/build/lib/Target/PowerPC/PPCGenDAGISel.inc' l='48536' u='r' c='_ZN12_GLOBAL__N_115PPCDAGToDAGISel10SelectCodeEPN4llvm6SDNodeE'/>
<use f='llvm/build/lib/Target/PowerPC/PPCGenDAGISel.inc' l='48536' u='r' c='_ZN12_GLOBAL__N_115PPCDAGToDAGISel10SelectCodeEPN4llvm6SDNodeE'/>
<use f='llvm/build/lib/Target/PowerPC/PPCGenDAGISel.inc' l='48549' u='r' c='_ZN12_GLOBAL__N_115PPCDAGToDAGISel10SelectCodeEPN4llvm6SDNodeE'/>
<use f='llvm/build/lib/Target/PowerPC/PPCGenDAGISel.inc' l='48549' u='r' c='_ZN12_GLOBAL__N_115PPCDAGToDAGISel10SelectCodeEPN4llvm6SDNodeE'/>
<use f='llvm/build/lib/Target/PowerPC/PPCGenDAGISel.inc' l='48562' u='r' c='_ZN12_GLOBAL__N_115PPCDAGToDAGISel10SelectCodeEPN4llvm6SDNodeE'/>
<use f='llvm/build/lib/Target/PowerPC/PPCGenDAGISel.inc' l='48562' u='r' c='_ZN12_GLOBAL__N_115PPCDAGToDAGISel10SelectCodeEPN4llvm6SDNodeE'/>
<use f='llvm/build/lib/Target/PowerPC/PPCGenDAGISel.inc' l='48577' u='r' c='_ZN12_GLOBAL__N_115PPCDAGToDAGISel10SelectCodeEPN4llvm6SDNodeE'/>
<use f='llvm/build/lib/Target/PowerPC/PPCGenDAGISel.inc' l='48577' u='r' c='_ZN12_GLOBAL__N_115PPCDAGToDAGISel10SelectCodeEPN4llvm6SDNodeE'/>
<use f='llvm/build/lib/Target/PowerPC/PPCGenDAGISel.inc' l='48590' u='r' c='_ZN12_GLOBAL__N_115PPCDAGToDAGISel10SelectCodeEPN4llvm6SDNodeE'/>
<use f='llvm/build/lib/Target/PowerPC/PPCGenDAGISel.inc' l='48590' u='r' c='_ZN12_GLOBAL__N_115PPCDAGToDAGISel10SelectCodeEPN4llvm6SDNodeE'/>
<use f='llvm/build/lib/Target/PowerPC/PPCGenDAGISel.inc' l='48603' u='r' c='_ZN12_GLOBAL__N_115PPCDAGToDAGISel10SelectCodeEPN4llvm6SDNodeE'/>
<use f='llvm/build/lib/Target/PowerPC/PPCGenDAGISel.inc' l='48603' u='r' c='_ZN12_GLOBAL__N_115PPCDAGToDAGISel10SelectCodeEPN4llvm6SDNodeE'/>
<use f='llvm/build/lib/Target/PowerPC/PPCGenDAGISel.inc' l='48618' u='r' c='_ZN12_GLOBAL__N_115PPCDAGToDAGISel10SelectCodeEPN4llvm6SDNodeE'/>
<use f='llvm/build/lib/Target/PowerPC/PPCGenDAGISel.inc' l='48618' u='r' c='_ZN12_GLOBAL__N_115PPCDAGToDAGISel10SelectCodeEPN4llvm6SDNodeE'/>
<use f='llvm/build/lib/Target/PowerPC/PPCGenDAGISel.inc' l='48633' u='r' c='_ZN12_GLOBAL__N_115PPCDAGToDAGISel10SelectCodeEPN4llvm6SDNodeE'/>
<use f='llvm/build/lib/Target/PowerPC/PPCGenDAGISel.inc' l='48633' u='r' c='_ZN12_GLOBAL__N_115PPCDAGToDAGISel10SelectCodeEPN4llvm6SDNodeE'/>
<use f='llvm/build/lib/Target/PowerPC/PPCGenDAGISel.inc' l='48657' u='r' c='_ZN12_GLOBAL__N_115PPCDAGToDAGISel10SelectCodeEPN4llvm6SDNodeE'/>
<use f='llvm/build/lib/Target/PowerPC/PPCGenDAGISel.inc' l='48657' u='r' c='_ZN12_GLOBAL__N_115PPCDAGToDAGISel10SelectCodeEPN4llvm6SDNodeE'/>
<use f='llvm/build/lib/Target/PowerPC/PPCGenDAGISel.inc' l='48670' u='r' c='_ZN12_GLOBAL__N_115PPCDAGToDAGISel10SelectCodeEPN4llvm6SDNodeE'/>
<use f='llvm/build/lib/Target/PowerPC/PPCGenDAGISel.inc' l='48670' u='r' c='_ZN12_GLOBAL__N_115PPCDAGToDAGISel10SelectCodeEPN4llvm6SDNodeE'/>
<use f='llvm/build/lib/Target/PowerPC/PPCGenDAGISel.inc' l='48685' u='r' c='_ZN12_GLOBAL__N_115PPCDAGToDAGISel10SelectCodeEPN4llvm6SDNodeE'/>
<use f='llvm/build/lib/Target/PowerPC/PPCGenDAGISel.inc' l='48685' u='r' c='_ZN12_GLOBAL__N_115PPCDAGToDAGISel10SelectCodeEPN4llvm6SDNodeE'/>
<use f='llvm/build/lib/Target/PowerPC/PPCGenDAGISel.inc' l='48698' u='r' c='_ZN12_GLOBAL__N_115PPCDAGToDAGISel10SelectCodeEPN4llvm6SDNodeE'/>
<use f='llvm/build/lib/Target/PowerPC/PPCGenDAGISel.inc' l='48698' u='r' c='_ZN12_GLOBAL__N_115PPCDAGToDAGISel10SelectCodeEPN4llvm6SDNodeE'/>
<use f='llvm/build/lib/Target/PowerPC/PPCGenDAGISel.inc' l='48711' u='r' c='_ZN12_GLOBAL__N_115PPCDAGToDAGISel10SelectCodeEPN4llvm6SDNodeE'/>
<use f='llvm/build/lib/Target/PowerPC/PPCGenDAGISel.inc' l='48711' u='r' c='_ZN12_GLOBAL__N_115PPCDAGToDAGISel10SelectCodeEPN4llvm6SDNodeE'/>
<use f='llvm/build/lib/Target/PowerPC/PPCGenDAGISel.inc' l='48726' u='r' c='_ZN12_GLOBAL__N_115PPCDAGToDAGISel10SelectCodeEPN4llvm6SDNodeE'/>
<use f='llvm/build/lib/Target/PowerPC/PPCGenDAGISel.inc' l='48726' u='r' c='_ZN12_GLOBAL__N_115PPCDAGToDAGISel10SelectCodeEPN4llvm6SDNodeE'/>
<use f='llvm/build/lib/Target/PowerPC/PPCGenDAGISel.inc' l='48741' u='r' c='_ZN12_GLOBAL__N_115PPCDAGToDAGISel10SelectCodeEPN4llvm6SDNodeE'/>
<use f='llvm/build/lib/Target/PowerPC/PPCGenDAGISel.inc' l='48741' u='r' c='_ZN12_GLOBAL__N_115PPCDAGToDAGISel10SelectCodeEPN4llvm6SDNodeE'/>
<use f='llvm/build/lib/Target/PowerPC/PPCGenDAGISel.inc' l='48754' u='r' c='_ZN12_GLOBAL__N_115PPCDAGToDAGISel10SelectCodeEPN4llvm6SDNodeE'/>
<use f='llvm/build/lib/Target/PowerPC/PPCGenDAGISel.inc' l='48754' u='r' c='_ZN12_GLOBAL__N_115PPCDAGToDAGISel10SelectCodeEPN4llvm6SDNodeE'/>
<use f='llvm/build/lib/Target/PowerPC/PPCGenDAGISel.inc' l='48767' u='r' c='_ZN12_GLOBAL__N_115PPCDAGToDAGISel10SelectCodeEPN4llvm6SDNodeE'/>
<use f='llvm/build/lib/Target/PowerPC/PPCGenDAGISel.inc' l='48767' u='r' c='_ZN12_GLOBAL__N_115PPCDAGToDAGISel10SelectCodeEPN4llvm6SDNodeE'/>
<use f='llvm/build/lib/Target/PowerPC/PPCGenDAGISel.inc' l='48782' u='r' c='_ZN12_GLOBAL__N_115PPCDAGToDAGISel10SelectCodeEPN4llvm6SDNodeE'/>
<use f='llvm/build/lib/Target/PowerPC/PPCGenDAGISel.inc' l='48782' u='r' c='_ZN12_GLOBAL__N_115PPCDAGToDAGISel10SelectCodeEPN4llvm6SDNodeE'/>
<use f='llvm/build/lib/Target/PowerPC/PPCGenDAGISel.inc' l='48795' u='r' c='_ZN12_GLOBAL__N_115PPCDAGToDAGISel10SelectCodeEPN4llvm6SDNodeE'/>
<use f='llvm/build/lib/Target/PowerPC/PPCGenDAGISel.inc' l='48795' u='r' c='_ZN12_GLOBAL__N_115PPCDAGToDAGISel10SelectCodeEPN4llvm6SDNodeE'/>
<use f='llvm/build/lib/Target/PowerPC/PPCGenDAGISel.inc' l='48808' u='r' c='_ZN12_GLOBAL__N_115PPCDAGToDAGISel10SelectCodeEPN4llvm6SDNodeE'/>
<use f='llvm/build/lib/Target/PowerPC/PPCGenDAGISel.inc' l='48808' u='r' c='_ZN12_GLOBAL__N_115PPCDAGToDAGISel10SelectCodeEPN4llvm6SDNodeE'/>
<use f='llvm/build/lib/Target/PowerPC/PPCGenDAGISel.inc' l='48823' u='r' c='_ZN12_GLOBAL__N_115PPCDAGToDAGISel10SelectCodeEPN4llvm6SDNodeE'/>
<use f='llvm/build/lib/Target/PowerPC/PPCGenDAGISel.inc' l='48823' u='r' c='_ZN12_GLOBAL__N_115PPCDAGToDAGISel10SelectCodeEPN4llvm6SDNodeE'/>
<use f='llvm/build/lib/Target/PowerPC/PPCGenDAGISel.inc' l='48838' u='r' c='_ZN12_GLOBAL__N_115PPCDAGToDAGISel10SelectCodeEPN4llvm6SDNodeE'/>
<use f='llvm/build/lib/Target/PowerPC/PPCGenDAGISel.inc' l='48838' u='r' c='_ZN12_GLOBAL__N_115PPCDAGToDAGISel10SelectCodeEPN4llvm6SDNodeE'/>
<use f='llvm/build/lib/Target/PowerPC/PPCGenDAGISel.inc' l='48858' u='r' c='_ZN12_GLOBAL__N_115PPCDAGToDAGISel10SelectCodeEPN4llvm6SDNodeE'/>
<use f='llvm/build/lib/Target/PowerPC/PPCGenDAGISel.inc' l='48858' u='r' c='_ZN12_GLOBAL__N_115PPCDAGToDAGISel10SelectCodeEPN4llvm6SDNodeE'/>
<use f='llvm/build/lib/Target/PowerPC/PPCGenDAGISel.inc' l='48871' u='r' c='_ZN12_GLOBAL__N_115PPCDAGToDAGISel10SelectCodeEPN4llvm6SDNodeE'/>
<use f='llvm/build/lib/Target/PowerPC/PPCGenDAGISel.inc' l='48871' u='r' c='_ZN12_GLOBAL__N_115PPCDAGToDAGISel10SelectCodeEPN4llvm6SDNodeE'/>
<use f='llvm/build/lib/Target/PowerPC/PPCGenDAGISel.inc' l='48886' u='r' c='_ZN12_GLOBAL__N_115PPCDAGToDAGISel10SelectCodeEPN4llvm6SDNodeE'/>
<use f='llvm/build/lib/Target/PowerPC/PPCGenDAGISel.inc' l='48886' u='r' c='_ZN12_GLOBAL__N_115PPCDAGToDAGISel10SelectCodeEPN4llvm6SDNodeE'/>
<use f='llvm/build/lib/Target/PowerPC/PPCGenDAGISel.inc' l='48899' u='r' c='_ZN12_GLOBAL__N_115PPCDAGToDAGISel10SelectCodeEPN4llvm6SDNodeE'/>
<use f='llvm/build/lib/Target/PowerPC/PPCGenDAGISel.inc' l='48899' u='r' c='_ZN12_GLOBAL__N_115PPCDAGToDAGISel10SelectCodeEPN4llvm6SDNodeE'/>
<use f='llvm/build/lib/Target/PowerPC/PPCGenDAGISel.inc' l='48912' u='r' c='_ZN12_GLOBAL__N_115PPCDAGToDAGISel10SelectCodeEPN4llvm6SDNodeE'/>
<use f='llvm/build/lib/Target/PowerPC/PPCGenDAGISel.inc' l='48912' u='r' c='_ZN12_GLOBAL__N_115PPCDAGToDAGISel10SelectCodeEPN4llvm6SDNodeE'/>
<use f='llvm/build/lib/Target/PowerPC/PPCGenDAGISel.inc' l='48927' u='r' c='_ZN12_GLOBAL__N_115PPCDAGToDAGISel10SelectCodeEPN4llvm6SDNodeE'/>
<use f='llvm/build/lib/Target/PowerPC/PPCGenDAGISel.inc' l='48927' u='r' c='_ZN12_GLOBAL__N_115PPCDAGToDAGISel10SelectCodeEPN4llvm6SDNodeE'/>
<use f='llvm/build/lib/Target/PowerPC/PPCGenDAGISel.inc' l='48942' u='r' c='_ZN12_GLOBAL__N_115PPCDAGToDAGISel10SelectCodeEPN4llvm6SDNodeE'/>
<use f='llvm/build/lib/Target/PowerPC/PPCGenDAGISel.inc' l='48942' u='r' c='_ZN12_GLOBAL__N_115PPCDAGToDAGISel10SelectCodeEPN4llvm6SDNodeE'/>
<use f='llvm/build/lib/Target/PowerPC/PPCGenDAGISel.inc' l='48955' u='r' c='_ZN12_GLOBAL__N_115PPCDAGToDAGISel10SelectCodeEPN4llvm6SDNodeE'/>
<use f='llvm/build/lib/Target/PowerPC/PPCGenDAGISel.inc' l='48955' u='r' c='_ZN12_GLOBAL__N_115PPCDAGToDAGISel10SelectCodeEPN4llvm6SDNodeE'/>
<use f='llvm/build/lib/Target/PowerPC/PPCGenDAGISel.inc' l='48968' u='r' c='_ZN12_GLOBAL__N_115PPCDAGToDAGISel10SelectCodeEPN4llvm6SDNodeE'/>
<use f='llvm/build/lib/Target/PowerPC/PPCGenDAGISel.inc' l='48968' u='r' c='_ZN12_GLOBAL__N_115PPCDAGToDAGISel10SelectCodeEPN4llvm6SDNodeE'/>
<use f='llvm/build/lib/Target/PowerPC/PPCGenDAGISel.inc' l='48983' u='r' c='_ZN12_GLOBAL__N_115PPCDAGToDAGISel10SelectCodeEPN4llvm6SDNodeE'/>
<use f='llvm/build/lib/Target/PowerPC/PPCGenDAGISel.inc' l='48983' u='r' c='_ZN12_GLOBAL__N_115PPCDAGToDAGISel10SelectCodeEPN4llvm6SDNodeE'/>
<use f='llvm/build/lib/Target/PowerPC/PPCGenDAGISel.inc' l='48996' u='r' c='_ZN12_GLOBAL__N_115PPCDAGToDAGISel10SelectCodeEPN4llvm6SDNodeE'/>
<use f='llvm/build/lib/Target/PowerPC/PPCGenDAGISel.inc' l='48996' u='r' c='_ZN12_GLOBAL__N_115PPCDAGToDAGISel10SelectCodeEPN4llvm6SDNodeE'/>
<use f='llvm/build/lib/Target/PowerPC/PPCGenDAGISel.inc' l='49009' u='r' c='_ZN12_GLOBAL__N_115PPCDAGToDAGISel10SelectCodeEPN4llvm6SDNodeE'/>
<use f='llvm/build/lib/Target/PowerPC/PPCGenDAGISel.inc' l='49009' u='r' c='_ZN12_GLOBAL__N_115PPCDAGToDAGISel10SelectCodeEPN4llvm6SDNodeE'/>
<use f='llvm/build/lib/Target/PowerPC/PPCGenDAGISel.inc' l='49024' u='r' c='_ZN12_GLOBAL__N_115PPCDAGToDAGISel10SelectCodeEPN4llvm6SDNodeE'/>
<use f='llvm/build/lib/Target/PowerPC/PPCGenDAGISel.inc' l='49024' u='r' c='_ZN12_GLOBAL__N_115PPCDAGToDAGISel10SelectCodeEPN4llvm6SDNodeE'/>
<use f='llvm/build/lib/Target/PowerPC/PPCGenDAGISel.inc' l='49039' u='r' c='_ZN12_GLOBAL__N_115PPCDAGToDAGISel10SelectCodeEPN4llvm6SDNodeE'/>
<use f='llvm/build/lib/Target/PowerPC/PPCGenDAGISel.inc' l='49039' u='r' c='_ZN12_GLOBAL__N_115PPCDAGToDAGISel10SelectCodeEPN4llvm6SDNodeE'/>
<use f='llvm/build/lib/Target/PowerPC/PPCGenDAGISel.inc' l='49059' u='r' c='_ZN12_GLOBAL__N_115PPCDAGToDAGISel10SelectCodeEPN4llvm6SDNodeE'/>
<use f='llvm/build/lib/Target/PowerPC/PPCGenDAGISel.inc' l='49059' u='r' c='_ZN12_GLOBAL__N_115PPCDAGToDAGISel10SelectCodeEPN4llvm6SDNodeE'/>
<use f='llvm/build/lib/Target/PowerPC/PPCGenDAGISel.inc' l='49072' u='r' c='_ZN12_GLOBAL__N_115PPCDAGToDAGISel10SelectCodeEPN4llvm6SDNodeE'/>
<use f='llvm/build/lib/Target/PowerPC/PPCGenDAGISel.inc' l='49072' u='r' c='_ZN12_GLOBAL__N_115PPCDAGToDAGISel10SelectCodeEPN4llvm6SDNodeE'/>
<use f='llvm/build/lib/Target/PowerPC/PPCGenDAGISel.inc' l='49087' u='r' c='_ZN12_GLOBAL__N_115PPCDAGToDAGISel10SelectCodeEPN4llvm6SDNodeE'/>
<use f='llvm/build/lib/Target/PowerPC/PPCGenDAGISel.inc' l='49087' u='r' c='_ZN12_GLOBAL__N_115PPCDAGToDAGISel10SelectCodeEPN4llvm6SDNodeE'/>
<use f='llvm/build/lib/Target/PowerPC/PPCGenDAGISel.inc' l='49100' u='r' c='_ZN12_GLOBAL__N_115PPCDAGToDAGISel10SelectCodeEPN4llvm6SDNodeE'/>
<use f='llvm/build/lib/Target/PowerPC/PPCGenDAGISel.inc' l='49100' u='r' c='_ZN12_GLOBAL__N_115PPCDAGToDAGISel10SelectCodeEPN4llvm6SDNodeE'/>
<use f='llvm/build/lib/Target/PowerPC/PPCGenDAGISel.inc' l='49113' u='r' c='_ZN12_GLOBAL__N_115PPCDAGToDAGISel10SelectCodeEPN4llvm6SDNodeE'/>
<use f='llvm/build/lib/Target/PowerPC/PPCGenDAGISel.inc' l='49113' u='r' c='_ZN12_GLOBAL__N_115PPCDAGToDAGISel10SelectCodeEPN4llvm6SDNodeE'/>
<use f='llvm/build/lib/Target/PowerPC/PPCGenDAGISel.inc' l='49128' u='r' c='_ZN12_GLOBAL__N_115PPCDAGToDAGISel10SelectCodeEPN4llvm6SDNodeE'/>
<use f='llvm/build/lib/Target/PowerPC/PPCGenDAGISel.inc' l='49128' u='r' c='_ZN12_GLOBAL__N_115PPCDAGToDAGISel10SelectCodeEPN4llvm6SDNodeE'/>
<use f='llvm/build/lib/Target/PowerPC/PPCGenDAGISel.inc' l='49143' u='r' c='_ZN12_GLOBAL__N_115PPCDAGToDAGISel10SelectCodeEPN4llvm6SDNodeE'/>
<use f='llvm/build/lib/Target/PowerPC/PPCGenDAGISel.inc' l='49143' u='r' c='_ZN12_GLOBAL__N_115PPCDAGToDAGISel10SelectCodeEPN4llvm6SDNodeE'/>
<use f='llvm/build/lib/Target/PowerPC/PPCGenDAGISel.inc' l='49156' u='r' c='_ZN12_GLOBAL__N_115PPCDAGToDAGISel10SelectCodeEPN4llvm6SDNodeE'/>
<use f='llvm/build/lib/Target/PowerPC/PPCGenDAGISel.inc' l='49156' u='r' c='_ZN12_GLOBAL__N_115PPCDAGToDAGISel10SelectCodeEPN4llvm6SDNodeE'/>
<use f='llvm/build/lib/Target/PowerPC/PPCGenDAGISel.inc' l='49169' u='r' c='_ZN12_GLOBAL__N_115PPCDAGToDAGISel10SelectCodeEPN4llvm6SDNodeE'/>
<use f='llvm/build/lib/Target/PowerPC/PPCGenDAGISel.inc' l='49169' u='r' c='_ZN12_GLOBAL__N_115PPCDAGToDAGISel10SelectCodeEPN4llvm6SDNodeE'/>
<use f='llvm/build/lib/Target/PowerPC/PPCGenDAGISel.inc' l='49184' u='r' c='_ZN12_GLOBAL__N_115PPCDAGToDAGISel10SelectCodeEPN4llvm6SDNodeE'/>
<use f='llvm/build/lib/Target/PowerPC/PPCGenDAGISel.inc' l='49184' u='r' c='_ZN12_GLOBAL__N_115PPCDAGToDAGISel10SelectCodeEPN4llvm6SDNodeE'/>
<use f='llvm/build/lib/Target/PowerPC/PPCGenDAGISel.inc' l='49197' u='r' c='_ZN12_GLOBAL__N_115PPCDAGToDAGISel10SelectCodeEPN4llvm6SDNodeE'/>
<use f='llvm/build/lib/Target/PowerPC/PPCGenDAGISel.inc' l='49197' u='r' c='_ZN12_GLOBAL__N_115PPCDAGToDAGISel10SelectCodeEPN4llvm6SDNodeE'/>
<use f='llvm/build/lib/Target/PowerPC/PPCGenDAGISel.inc' l='49210' u='r' c='_ZN12_GLOBAL__N_115PPCDAGToDAGISel10SelectCodeEPN4llvm6SDNodeE'/>
<use f='llvm/build/lib/Target/PowerPC/PPCGenDAGISel.inc' l='49210' u='r' c='_ZN12_GLOBAL__N_115PPCDAGToDAGISel10SelectCodeEPN4llvm6SDNodeE'/>
<use f='llvm/build/lib/Target/PowerPC/PPCGenDAGISel.inc' l='49225' u='r' c='_ZN12_GLOBAL__N_115PPCDAGToDAGISel10SelectCodeEPN4llvm6SDNodeE'/>
<use f='llvm/build/lib/Target/PowerPC/PPCGenDAGISel.inc' l='49225' u='r' c='_ZN12_GLOBAL__N_115PPCDAGToDAGISel10SelectCodeEPN4llvm6SDNodeE'/>
<use f='llvm/build/lib/Target/PowerPC/PPCGenDAGISel.inc' l='49240' u='r' c='_ZN12_GLOBAL__N_115PPCDAGToDAGISel10SelectCodeEPN4llvm6SDNodeE'/>
<use f='llvm/build/lib/Target/PowerPC/PPCGenDAGISel.inc' l='49240' u='r' c='_ZN12_GLOBAL__N_115PPCDAGToDAGISel10SelectCodeEPN4llvm6SDNodeE'/>
<use f='llvm/build/lib/Target/PowerPC/PPCGenDAGISel.inc' l='49271' u='r' c='_ZN12_GLOBAL__N_115PPCDAGToDAGISel10SelectCodeEPN4llvm6SDNodeE'/>
<use f='llvm/build/lib/Target/PowerPC/PPCGenDAGISel.inc' l='49271' u='r' c='_ZN12_GLOBAL__N_115PPCDAGToDAGISel10SelectCodeEPN4llvm6SDNodeE'/>
<use f='llvm/build/lib/Target/PowerPC/PPCGenDAGISel.inc' l='49298' u='r' c='_ZN12_GLOBAL__N_115PPCDAGToDAGISel10SelectCodeEPN4llvm6SDNodeE'/>
<use f='llvm/build/lib/Target/PowerPC/PPCGenDAGISel.inc' l='49298' u='r' c='_ZN12_GLOBAL__N_115PPCDAGToDAGISel10SelectCodeEPN4llvm6SDNodeE'/>
<use f='llvm/build/lib/Target/PowerPC/PPCGenDAGISel.inc' l='49327' u='r' c='_ZN12_GLOBAL__N_115PPCDAGToDAGISel10SelectCodeEPN4llvm6SDNodeE'/>
<use f='llvm/build/lib/Target/PowerPC/PPCGenDAGISel.inc' l='49327' u='r' c='_ZN12_GLOBAL__N_115PPCDAGToDAGISel10SelectCodeEPN4llvm6SDNodeE'/>
<use f='llvm/build/lib/Target/PowerPC/PPCGenDAGISel.inc' l='49354' u='r' c='_ZN12_GLOBAL__N_115PPCDAGToDAGISel10SelectCodeEPN4llvm6SDNodeE'/>
<use f='llvm/build/lib/Target/PowerPC/PPCGenDAGISel.inc' l='49354' u='r' c='_ZN12_GLOBAL__N_115PPCDAGToDAGISel10SelectCodeEPN4llvm6SDNodeE'/>
<use f='llvm/build/lib/Target/PowerPC/PPCGenDAGISel.inc' l='49381' u='r' c='_ZN12_GLOBAL__N_115PPCDAGToDAGISel10SelectCodeEPN4llvm6SDNodeE'/>
<use f='llvm/build/lib/Target/PowerPC/PPCGenDAGISel.inc' l='49381' u='r' c='_ZN12_GLOBAL__N_115PPCDAGToDAGISel10SelectCodeEPN4llvm6SDNodeE'/>
<use f='llvm/build/lib/Target/PowerPC/PPCGenDAGISel.inc' l='49410' u='r' c='_ZN12_GLOBAL__N_115PPCDAGToDAGISel10SelectCodeEPN4llvm6SDNodeE'/>
<use f='llvm/build/lib/Target/PowerPC/PPCGenDAGISel.inc' l='49410' u='r' c='_ZN12_GLOBAL__N_115PPCDAGToDAGISel10SelectCodeEPN4llvm6SDNodeE'/>
<use f='llvm/build/lib/Target/PowerPC/PPCGenDAGISel.inc' l='49439' u='r' c='_ZN12_GLOBAL__N_115PPCDAGToDAGISel10SelectCodeEPN4llvm6SDNodeE'/>
<use f='llvm/build/lib/Target/PowerPC/PPCGenDAGISel.inc' l='49439' u='r' c='_ZN12_GLOBAL__N_115PPCDAGToDAGISel10SelectCodeEPN4llvm6SDNodeE'/>
<use f='llvm/build/lib/Target/PowerPC/PPCGenDAGISel.inc' l='49466' u='r' c='_ZN12_GLOBAL__N_115PPCDAGToDAGISel10SelectCodeEPN4llvm6SDNodeE'/>
<use f='llvm/build/lib/Target/PowerPC/PPCGenDAGISel.inc' l='49466' u='r' c='_ZN12_GLOBAL__N_115PPCDAGToDAGISel10SelectCodeEPN4llvm6SDNodeE'/>
<use f='llvm/build/lib/Target/PowerPC/PPCGenDAGISel.inc' l='49493' u='r' c='_ZN12_GLOBAL__N_115PPCDAGToDAGISel10SelectCodeEPN4llvm6SDNodeE'/>
<use f='llvm/build/lib/Target/PowerPC/PPCGenDAGISel.inc' l='49493' u='r' c='_ZN12_GLOBAL__N_115PPCDAGToDAGISel10SelectCodeEPN4llvm6SDNodeE'/>
<use f='llvm/build/lib/Target/PowerPC/PPCGenDAGISel.inc' l='49522' u='r' c='_ZN12_GLOBAL__N_115PPCDAGToDAGISel10SelectCodeEPN4llvm6SDNodeE'/>
<use f='llvm/build/lib/Target/PowerPC/PPCGenDAGISel.inc' l='49522' u='r' c='_ZN12_GLOBAL__N_115PPCDAGToDAGISel10SelectCodeEPN4llvm6SDNodeE'/>
<use f='llvm/build/lib/Target/PowerPC/PPCGenDAGISel.inc' l='49549' u='r' c='_ZN12_GLOBAL__N_115PPCDAGToDAGISel10SelectCodeEPN4llvm6SDNodeE'/>
<use f='llvm/build/lib/Target/PowerPC/PPCGenDAGISel.inc' l='49549' u='r' c='_ZN12_GLOBAL__N_115PPCDAGToDAGISel10SelectCodeEPN4llvm6SDNodeE'/>
<use f='llvm/build/lib/Target/PowerPC/PPCGenDAGISel.inc' l='49576' u='r' c='_ZN12_GLOBAL__N_115PPCDAGToDAGISel10SelectCodeEPN4llvm6SDNodeE'/>
<use f='llvm/build/lib/Target/PowerPC/PPCGenDAGISel.inc' l='49576' u='r' c='_ZN12_GLOBAL__N_115PPCDAGToDAGISel10SelectCodeEPN4llvm6SDNodeE'/>
<use f='llvm/build/lib/Target/PowerPC/PPCGenDAGISel.inc' l='49605' u='r' c='_ZN12_GLOBAL__N_115PPCDAGToDAGISel10SelectCodeEPN4llvm6SDNodeE'/>
<use f='llvm/build/lib/Target/PowerPC/PPCGenDAGISel.inc' l='49605' u='r' c='_ZN12_GLOBAL__N_115PPCDAGToDAGISel10SelectCodeEPN4llvm6SDNodeE'/>
<use f='llvm/build/lib/Target/PowerPC/PPCGenDAGISel.inc' l='49634' u='r' c='_ZN12_GLOBAL__N_115PPCDAGToDAGISel10SelectCodeEPN4llvm6SDNodeE'/>
<use f='llvm/build/lib/Target/PowerPC/PPCGenDAGISel.inc' l='49634' u='r' c='_ZN12_GLOBAL__N_115PPCDAGToDAGISel10SelectCodeEPN4llvm6SDNodeE'/>
<use f='llvm/build/lib/Target/PowerPC/PPCGenDAGISel.inc' l='49671' u='r' c='_ZN12_GLOBAL__N_115PPCDAGToDAGISel10SelectCodeEPN4llvm6SDNodeE'/>
<use f='llvm/build/lib/Target/PowerPC/PPCGenDAGISel.inc' l='49671' u='r' c='_ZN12_GLOBAL__N_115PPCDAGToDAGISel10SelectCodeEPN4llvm6SDNodeE'/>
<use f='llvm/build/lib/Target/PowerPC/PPCGenDAGISel.inc' l='49698' u='r' c='_ZN12_GLOBAL__N_115PPCDAGToDAGISel10SelectCodeEPN4llvm6SDNodeE'/>
<use f='llvm/build/lib/Target/PowerPC/PPCGenDAGISel.inc' l='49698' u='r' c='_ZN12_GLOBAL__N_115PPCDAGToDAGISel10SelectCodeEPN4llvm6SDNodeE'/>
<use f='llvm/build/lib/Target/PowerPC/PPCGenDAGISel.inc' l='49727' u='r' c='_ZN12_GLOBAL__N_115PPCDAGToDAGISel10SelectCodeEPN4llvm6SDNodeE'/>
<use f='llvm/build/lib/Target/PowerPC/PPCGenDAGISel.inc' l='49727' u='r' c='_ZN12_GLOBAL__N_115PPCDAGToDAGISel10SelectCodeEPN4llvm6SDNodeE'/>
<use f='llvm/build/lib/Target/PowerPC/PPCGenDAGISel.inc' l='49754' u='r' c='_ZN12_GLOBAL__N_115PPCDAGToDAGISel10SelectCodeEPN4llvm6SDNodeE'/>
<use f='llvm/build/lib/Target/PowerPC/PPCGenDAGISel.inc' l='49754' u='r' c='_ZN12_GLOBAL__N_115PPCDAGToDAGISel10SelectCodeEPN4llvm6SDNodeE'/>
<use f='llvm/build/lib/Target/PowerPC/PPCGenDAGISel.inc' l='49781' u='r' c='_ZN12_GLOBAL__N_115PPCDAGToDAGISel10SelectCodeEPN4llvm6SDNodeE'/>
<use f='llvm/build/lib/Target/PowerPC/PPCGenDAGISel.inc' l='49781' u='r' c='_ZN12_GLOBAL__N_115PPCDAGToDAGISel10SelectCodeEPN4llvm6SDNodeE'/>
<use f='llvm/build/lib/Target/PowerPC/PPCGenDAGISel.inc' l='49810' u='r' c='_ZN12_GLOBAL__N_115PPCDAGToDAGISel10SelectCodeEPN4llvm6SDNodeE'/>
<use f='llvm/build/lib/Target/PowerPC/PPCGenDAGISel.inc' l='49810' u='r' c='_ZN12_GLOBAL__N_115PPCDAGToDAGISel10SelectCodeEPN4llvm6SDNodeE'/>
<use f='llvm/build/lib/Target/PowerPC/PPCGenDAGISel.inc' l='49839' u='r' c='_ZN12_GLOBAL__N_115PPCDAGToDAGISel10SelectCodeEPN4llvm6SDNodeE'/>
<use f='llvm/build/lib/Target/PowerPC/PPCGenDAGISel.inc' l='49839' u='r' c='_ZN12_GLOBAL__N_115PPCDAGToDAGISel10SelectCodeEPN4llvm6SDNodeE'/>
<use f='llvm/build/lib/Target/PowerPC/PPCGenDAGISel.inc' l='49866' u='r' c='_ZN12_GLOBAL__N_115PPCDAGToDAGISel10SelectCodeEPN4llvm6SDNodeE'/>
<use f='llvm/build/lib/Target/PowerPC/PPCGenDAGISel.inc' l='49866' u='r' c='_ZN12_GLOBAL__N_115PPCDAGToDAGISel10SelectCodeEPN4llvm6SDNodeE'/>
<use f='llvm/build/lib/Target/PowerPC/PPCGenDAGISel.inc' l='49893' u='r' c='_ZN12_GLOBAL__N_115PPCDAGToDAGISel10SelectCodeEPN4llvm6SDNodeE'/>
<use f='llvm/build/lib/Target/PowerPC/PPCGenDAGISel.inc' l='49893' u='r' c='_ZN12_GLOBAL__N_115PPCDAGToDAGISel10SelectCodeEPN4llvm6SDNodeE'/>
<use f='llvm/build/lib/Target/PowerPC/PPCGenDAGISel.inc' l='49922' u='r' c='_ZN12_GLOBAL__N_115PPCDAGToDAGISel10SelectCodeEPN4llvm6SDNodeE'/>
<use f='llvm/build/lib/Target/PowerPC/PPCGenDAGISel.inc' l='49922' u='r' c='_ZN12_GLOBAL__N_115PPCDAGToDAGISel10SelectCodeEPN4llvm6SDNodeE'/>
<use f='llvm/build/lib/Target/PowerPC/PPCGenDAGISel.inc' l='49949' u='r' c='_ZN12_GLOBAL__N_115PPCDAGToDAGISel10SelectCodeEPN4llvm6SDNodeE'/>
<use f='llvm/build/lib/Target/PowerPC/PPCGenDAGISel.inc' l='49949' u='r' c='_ZN12_GLOBAL__N_115PPCDAGToDAGISel10SelectCodeEPN4llvm6SDNodeE'/>
<use f='llvm/build/lib/Target/PowerPC/PPCGenDAGISel.inc' l='49976' u='r' c='_ZN12_GLOBAL__N_115PPCDAGToDAGISel10SelectCodeEPN4llvm6SDNodeE'/>
<use f='llvm/build/lib/Target/PowerPC/PPCGenDAGISel.inc' l='49976' u='r' c='_ZN12_GLOBAL__N_115PPCDAGToDAGISel10SelectCodeEPN4llvm6SDNodeE'/>
<use f='llvm/build/lib/Target/PowerPC/PPCGenDAGISel.inc' l='50005' u='r' c='_ZN12_GLOBAL__N_115PPCDAGToDAGISel10SelectCodeEPN4llvm6SDNodeE'/>
<use f='llvm/build/lib/Target/PowerPC/PPCGenDAGISel.inc' l='50005' u='r' c='_ZN12_GLOBAL__N_115PPCDAGToDAGISel10SelectCodeEPN4llvm6SDNodeE'/>
<use f='llvm/build/lib/Target/PowerPC/PPCGenDAGISel.inc' l='50034' u='r' c='_ZN12_GLOBAL__N_115PPCDAGToDAGISel10SelectCodeEPN4llvm6SDNodeE'/>
<use f='llvm/build/lib/Target/PowerPC/PPCGenDAGISel.inc' l='50034' u='r' c='_ZN12_GLOBAL__N_115PPCDAGToDAGISel10SelectCodeEPN4llvm6SDNodeE'/>
<use f='llvm/build/lib/Target/PowerPC/PPCGenDAGISel.inc' l='50071' u='r' c='_ZN12_GLOBAL__N_115PPCDAGToDAGISel10SelectCodeEPN4llvm6SDNodeE'/>
<use f='llvm/build/lib/Target/PowerPC/PPCGenDAGISel.inc' l='50071' u='r' c='_ZN12_GLOBAL__N_115PPCDAGToDAGISel10SelectCodeEPN4llvm6SDNodeE'/>
<use f='llvm/build/lib/Target/PowerPC/PPCGenDAGISel.inc' l='50098' u='r' c='_ZN12_GLOBAL__N_115PPCDAGToDAGISel10SelectCodeEPN4llvm6SDNodeE'/>
<use f='llvm/build/lib/Target/PowerPC/PPCGenDAGISel.inc' l='50098' u='r' c='_ZN12_GLOBAL__N_115PPCDAGToDAGISel10SelectCodeEPN4llvm6SDNodeE'/>
<use f='llvm/build/lib/Target/PowerPC/PPCGenDAGISel.inc' l='50127' u='r' c='_ZN12_GLOBAL__N_115PPCDAGToDAGISel10SelectCodeEPN4llvm6SDNodeE'/>
<use f='llvm/build/lib/Target/PowerPC/PPCGenDAGISel.inc' l='50127' u='r' c='_ZN12_GLOBAL__N_115PPCDAGToDAGISel10SelectCodeEPN4llvm6SDNodeE'/>
<use f='llvm/build/lib/Target/PowerPC/PPCGenDAGISel.inc' l='50154' u='r' c='_ZN12_GLOBAL__N_115PPCDAGToDAGISel10SelectCodeEPN4llvm6SDNodeE'/>
<use f='llvm/build/lib/Target/PowerPC/PPCGenDAGISel.inc' l='50154' u='r' c='_ZN12_GLOBAL__N_115PPCDAGToDAGISel10SelectCodeEPN4llvm6SDNodeE'/>
<use f='llvm/build/lib/Target/PowerPC/PPCGenDAGISel.inc' l='50181' u='r' c='_ZN12_GLOBAL__N_115PPCDAGToDAGISel10SelectCodeEPN4llvm6SDNodeE'/>
<use f='llvm/build/lib/Target/PowerPC/PPCGenDAGISel.inc' l='50181' u='r' c='_ZN12_GLOBAL__N_115PPCDAGToDAGISel10SelectCodeEPN4llvm6SDNodeE'/>
<use f='llvm/build/lib/Target/PowerPC/PPCGenDAGISel.inc' l='50210' u='r' c='_ZN12_GLOBAL__N_115PPCDAGToDAGISel10SelectCodeEPN4llvm6SDNodeE'/>
<use f='llvm/build/lib/Target/PowerPC/PPCGenDAGISel.inc' l='50210' u='r' c='_ZN12_GLOBAL__N_115PPCDAGToDAGISel10SelectCodeEPN4llvm6SDNodeE'/>
<use f='llvm/build/lib/Target/PowerPC/PPCGenDAGISel.inc' l='50239' u='r' c='_ZN12_GLOBAL__N_115PPCDAGToDAGISel10SelectCodeEPN4llvm6SDNodeE'/>
<use f='llvm/build/lib/Target/PowerPC/PPCGenDAGISel.inc' l='50239' u='r' c='_ZN12_GLOBAL__N_115PPCDAGToDAGISel10SelectCodeEPN4llvm6SDNodeE'/>
<use f='llvm/build/lib/Target/PowerPC/PPCGenDAGISel.inc' l='50266' u='r' c='_ZN12_GLOBAL__N_115PPCDAGToDAGISel10SelectCodeEPN4llvm6SDNodeE'/>
<use f='llvm/build/lib/Target/PowerPC/PPCGenDAGISel.inc' l='50266' u='r' c='_ZN12_GLOBAL__N_115PPCDAGToDAGISel10SelectCodeEPN4llvm6SDNodeE'/>
<use f='llvm/build/lib/Target/PowerPC/PPCGenDAGISel.inc' l='50293' u='r' c='_ZN12_GLOBAL__N_115PPCDAGToDAGISel10SelectCodeEPN4llvm6SDNodeE'/>
<use f='llvm/build/lib/Target/PowerPC/PPCGenDAGISel.inc' l='50293' u='r' c='_ZN12_GLOBAL__N_115PPCDAGToDAGISel10SelectCodeEPN4llvm6SDNodeE'/>
<use f='llvm/build/lib/Target/PowerPC/PPCGenDAGISel.inc' l='50322' u='r' c='_ZN12_GLOBAL__N_115PPCDAGToDAGISel10SelectCodeEPN4llvm6SDNodeE'/>
<use f='llvm/build/lib/Target/PowerPC/PPCGenDAGISel.inc' l='50322' u='r' c='_ZN12_GLOBAL__N_115PPCDAGToDAGISel10SelectCodeEPN4llvm6SDNodeE'/>
<use f='llvm/build/lib/Target/PowerPC/PPCGenDAGISel.inc' l='50349' u='r' c='_ZN12_GLOBAL__N_115PPCDAGToDAGISel10SelectCodeEPN4llvm6SDNodeE'/>
<use f='llvm/build/lib/Target/PowerPC/PPCGenDAGISel.inc' l='50349' u='r' c='_ZN12_GLOBAL__N_115PPCDAGToDAGISel10SelectCodeEPN4llvm6SDNodeE'/>
<use f='llvm/build/lib/Target/PowerPC/PPCGenDAGISel.inc' l='50376' u='r' c='_ZN12_GLOBAL__N_115PPCDAGToDAGISel10SelectCodeEPN4llvm6SDNodeE'/>
<use f='llvm/build/lib/Target/PowerPC/PPCGenDAGISel.inc' l='50376' u='r' c='_ZN12_GLOBAL__N_115PPCDAGToDAGISel10SelectCodeEPN4llvm6SDNodeE'/>
<use f='llvm/build/lib/Target/PowerPC/PPCGenDAGISel.inc' l='50405' u='r' c='_ZN12_GLOBAL__N_115PPCDAGToDAGISel10SelectCodeEPN4llvm6SDNodeE'/>
<use f='llvm/build/lib/Target/PowerPC/PPCGenDAGISel.inc' l='50405' u='r' c='_ZN12_GLOBAL__N_115PPCDAGToDAGISel10SelectCodeEPN4llvm6SDNodeE'/>
<use f='llvm/build/lib/Target/PowerPC/PPCGenDAGISel.inc' l='50434' u='r' c='_ZN12_GLOBAL__N_115PPCDAGToDAGISel10SelectCodeEPN4llvm6SDNodeE'/>
<use f='llvm/build/lib/Target/PowerPC/PPCGenDAGISel.inc' l='50434' u='r' c='_ZN12_GLOBAL__N_115PPCDAGToDAGISel10SelectCodeEPN4llvm6SDNodeE'/>
<use f='llvm/build/lib/Target/PowerPC/PPCGenDAGISel.inc' l='50480' u='r' c='_ZN12_GLOBAL__N_115PPCDAGToDAGISel10SelectCodeEPN4llvm6SDNodeE'/>
<use f='llvm/build/lib/Target/PowerPC/PPCGenDAGISel.inc' l='50480' u='r' c='_ZN12_GLOBAL__N_115PPCDAGToDAGISel10SelectCodeEPN4llvm6SDNodeE'/>
<use f='llvm/build/lib/Target/PowerPC/PPCGenDAGISel.inc' l='50507' u='r' c='_ZN12_GLOBAL__N_115PPCDAGToDAGISel10SelectCodeEPN4llvm6SDNodeE'/>
<use f='llvm/build/lib/Target/PowerPC/PPCGenDAGISel.inc' l='50507' u='r' c='_ZN12_GLOBAL__N_115PPCDAGToDAGISel10SelectCodeEPN4llvm6SDNodeE'/>
<use f='llvm/build/lib/Target/PowerPC/PPCGenDAGISel.inc' l='50536' u='r' c='_ZN12_GLOBAL__N_115PPCDAGToDAGISel10SelectCodeEPN4llvm6SDNodeE'/>
<use f='llvm/build/lib/Target/PowerPC/PPCGenDAGISel.inc' l='50536' u='r' c='_ZN12_GLOBAL__N_115PPCDAGToDAGISel10SelectCodeEPN4llvm6SDNodeE'/>
<use f='llvm/build/lib/Target/PowerPC/PPCGenDAGISel.inc' l='50563' u='r' c='_ZN12_GLOBAL__N_115PPCDAGToDAGISel10SelectCodeEPN4llvm6SDNodeE'/>
<use f='llvm/build/lib/Target/PowerPC/PPCGenDAGISel.inc' l='50563' u='r' c='_ZN12_GLOBAL__N_115PPCDAGToDAGISel10SelectCodeEPN4llvm6SDNodeE'/>
<use f='llvm/build/lib/Target/PowerPC/PPCGenDAGISel.inc' l='50590' u='r' c='_ZN12_GLOBAL__N_115PPCDAGToDAGISel10SelectCodeEPN4llvm6SDNodeE'/>
<use f='llvm/build/lib/Target/PowerPC/PPCGenDAGISel.inc' l='50590' u='r' c='_ZN12_GLOBAL__N_115PPCDAGToDAGISel10SelectCodeEPN4llvm6SDNodeE'/>
<use f='llvm/build/lib/Target/PowerPC/PPCGenDAGISel.inc' l='50619' u='r' c='_ZN12_GLOBAL__N_115PPCDAGToDAGISel10SelectCodeEPN4llvm6SDNodeE'/>
<use f='llvm/build/lib/Target/PowerPC/PPCGenDAGISel.inc' l='50619' u='r' c='_ZN12_GLOBAL__N_115PPCDAGToDAGISel10SelectCodeEPN4llvm6SDNodeE'/>
<use f='llvm/build/lib/Target/PowerPC/PPCGenDAGISel.inc' l='50648' u='r' c='_ZN12_GLOBAL__N_115PPCDAGToDAGISel10SelectCodeEPN4llvm6SDNodeE'/>
<use f='llvm/build/lib/Target/PowerPC/PPCGenDAGISel.inc' l='50648' u='r' c='_ZN12_GLOBAL__N_115PPCDAGToDAGISel10SelectCodeEPN4llvm6SDNodeE'/>
<use f='llvm/build/lib/Target/PowerPC/PPCGenDAGISel.inc' l='50675' u='r' c='_ZN12_GLOBAL__N_115PPCDAGToDAGISel10SelectCodeEPN4llvm6SDNodeE'/>
<use f='llvm/build/lib/Target/PowerPC/PPCGenDAGISel.inc' l='50675' u='r' c='_ZN12_GLOBAL__N_115PPCDAGToDAGISel10SelectCodeEPN4llvm6SDNodeE'/>
<use f='llvm/build/lib/Target/PowerPC/PPCGenDAGISel.inc' l='50702' u='r' c='_ZN12_GLOBAL__N_115PPCDAGToDAGISel10SelectCodeEPN4llvm6SDNodeE'/>
<use f='llvm/build/lib/Target/PowerPC/PPCGenDAGISel.inc' l='50702' u='r' c='_ZN12_GLOBAL__N_115PPCDAGToDAGISel10SelectCodeEPN4llvm6SDNodeE'/>
<use f='llvm/build/lib/Target/PowerPC/PPCGenDAGISel.inc' l='50731' u='r' c='_ZN12_GLOBAL__N_115PPCDAGToDAGISel10SelectCodeEPN4llvm6SDNodeE'/>
<use f='llvm/build/lib/Target/PowerPC/PPCGenDAGISel.inc' l='50731' u='r' c='_ZN12_GLOBAL__N_115PPCDAGToDAGISel10SelectCodeEPN4llvm6SDNodeE'/>
<use f='llvm/build/lib/Target/PowerPC/PPCGenDAGISel.inc' l='50758' u='r' c='_ZN12_GLOBAL__N_115PPCDAGToDAGISel10SelectCodeEPN4llvm6SDNodeE'/>
<use f='llvm/build/lib/Target/PowerPC/PPCGenDAGISel.inc' l='50758' u='r' c='_ZN12_GLOBAL__N_115PPCDAGToDAGISel10SelectCodeEPN4llvm6SDNodeE'/>
<use f='llvm/build/lib/Target/PowerPC/PPCGenDAGISel.inc' l='50785' u='r' c='_ZN12_GLOBAL__N_115PPCDAGToDAGISel10SelectCodeEPN4llvm6SDNodeE'/>
<use f='llvm/build/lib/Target/PowerPC/PPCGenDAGISel.inc' l='50785' u='r' c='_ZN12_GLOBAL__N_115PPCDAGToDAGISel10SelectCodeEPN4llvm6SDNodeE'/>
<use f='llvm/build/lib/Target/PowerPC/PPCGenDAGISel.inc' l='50814' u='r' c='_ZN12_GLOBAL__N_115PPCDAGToDAGISel10SelectCodeEPN4llvm6SDNodeE'/>
<use f='llvm/build/lib/Target/PowerPC/PPCGenDAGISel.inc' l='50814' u='r' c='_ZN12_GLOBAL__N_115PPCDAGToDAGISel10SelectCodeEPN4llvm6SDNodeE'/>
<use f='llvm/build/lib/Target/PowerPC/PPCGenDAGISel.inc' l='50843' u='r' c='_ZN12_GLOBAL__N_115PPCDAGToDAGISel10SelectCodeEPN4llvm6SDNodeE'/>
<use f='llvm/build/lib/Target/PowerPC/PPCGenDAGISel.inc' l='50843' u='r' c='_ZN12_GLOBAL__N_115PPCDAGToDAGISel10SelectCodeEPN4llvm6SDNodeE'/>
<use f='llvm/build/lib/Target/PowerPC/PPCGenDAGISel.inc' l='50884' u='r' c='_ZN12_GLOBAL__N_115PPCDAGToDAGISel10SelectCodeEPN4llvm6SDNodeE'/>
<use f='llvm/build/lib/Target/PowerPC/PPCGenDAGISel.inc' l='50884' u='r' c='_ZN12_GLOBAL__N_115PPCDAGToDAGISel10SelectCodeEPN4llvm6SDNodeE'/>
<use f='llvm/build/lib/Target/PowerPC/PPCGenDAGISel.inc' l='50911' u='r' c='_ZN12_GLOBAL__N_115PPCDAGToDAGISel10SelectCodeEPN4llvm6SDNodeE'/>
<use f='llvm/build/lib/Target/PowerPC/PPCGenDAGISel.inc' l='50911' u='r' c='_ZN12_GLOBAL__N_115PPCDAGToDAGISel10SelectCodeEPN4llvm6SDNodeE'/>
<use f='llvm/build/lib/Target/PowerPC/PPCGenDAGISel.inc' l='50940' u='r' c='_ZN12_GLOBAL__N_115PPCDAGToDAGISel10SelectCodeEPN4llvm6SDNodeE'/>
<use f='llvm/build/lib/Target/PowerPC/PPCGenDAGISel.inc' l='50940' u='r' c='_ZN12_GLOBAL__N_115PPCDAGToDAGISel10SelectCodeEPN4llvm6SDNodeE'/>
<use f='llvm/build/lib/Target/PowerPC/PPCGenDAGISel.inc' l='50967' u='r' c='_ZN12_GLOBAL__N_115PPCDAGToDAGISel10SelectCodeEPN4llvm6SDNodeE'/>
<use f='llvm/build/lib/Target/PowerPC/PPCGenDAGISel.inc' l='50967' u='r' c='_ZN12_GLOBAL__N_115PPCDAGToDAGISel10SelectCodeEPN4llvm6SDNodeE'/>
<use f='llvm/build/lib/Target/PowerPC/PPCGenDAGISel.inc' l='50994' u='r' c='_ZN12_GLOBAL__N_115PPCDAGToDAGISel10SelectCodeEPN4llvm6SDNodeE'/>
<use f='llvm/build/lib/Target/PowerPC/PPCGenDAGISel.inc' l='50994' u='r' c='_ZN12_GLOBAL__N_115PPCDAGToDAGISel10SelectCodeEPN4llvm6SDNodeE'/>
<use f='llvm/build/lib/Target/PowerPC/PPCGenDAGISel.inc' l='51023' u='r' c='_ZN12_GLOBAL__N_115PPCDAGToDAGISel10SelectCodeEPN4llvm6SDNodeE'/>
<use f='llvm/build/lib/Target/PowerPC/PPCGenDAGISel.inc' l='51023' u='r' c='_ZN12_GLOBAL__N_115PPCDAGToDAGISel10SelectCodeEPN4llvm6SDNodeE'/>
<use f='llvm/build/lib/Target/PowerPC/PPCGenDAGISel.inc' l='51052' u='r' c='_ZN12_GLOBAL__N_115PPCDAGToDAGISel10SelectCodeEPN4llvm6SDNodeE'/>
<use f='llvm/build/lib/Target/PowerPC/PPCGenDAGISel.inc' l='51052' u='r' c='_ZN12_GLOBAL__N_115PPCDAGToDAGISel10SelectCodeEPN4llvm6SDNodeE'/>
<use f='llvm/build/lib/Target/PowerPC/PPCGenDAGISel.inc' l='51079' u='r' c='_ZN12_GLOBAL__N_115PPCDAGToDAGISel10SelectCodeEPN4llvm6SDNodeE'/>
<use f='llvm/build/lib/Target/PowerPC/PPCGenDAGISel.inc' l='51079' u='r' c='_ZN12_GLOBAL__N_115PPCDAGToDAGISel10SelectCodeEPN4llvm6SDNodeE'/>
<use f='llvm/build/lib/Target/PowerPC/PPCGenDAGISel.inc' l='51106' u='r' c='_ZN12_GLOBAL__N_115PPCDAGToDAGISel10SelectCodeEPN4llvm6SDNodeE'/>
<use f='llvm/build/lib/Target/PowerPC/PPCGenDAGISel.inc' l='51106' u='r' c='_ZN12_GLOBAL__N_115PPCDAGToDAGISel10SelectCodeEPN4llvm6SDNodeE'/>
<use f='llvm/build/lib/Target/PowerPC/PPCGenDAGISel.inc' l='51135' u='r' c='_ZN12_GLOBAL__N_115PPCDAGToDAGISel10SelectCodeEPN4llvm6SDNodeE'/>
<use f='llvm/build/lib/Target/PowerPC/PPCGenDAGISel.inc' l='51135' u='r' c='_ZN12_GLOBAL__N_115PPCDAGToDAGISel10SelectCodeEPN4llvm6SDNodeE'/>
<use f='llvm/build/lib/Target/PowerPC/PPCGenDAGISel.inc' l='51162' u='r' c='_ZN12_GLOBAL__N_115PPCDAGToDAGISel10SelectCodeEPN4llvm6SDNodeE'/>
<use f='llvm/build/lib/Target/PowerPC/PPCGenDAGISel.inc' l='51162' u='r' c='_ZN12_GLOBAL__N_115PPCDAGToDAGISel10SelectCodeEPN4llvm6SDNodeE'/>
<use f='llvm/build/lib/Target/PowerPC/PPCGenDAGISel.inc' l='51189' u='r' c='_ZN12_GLOBAL__N_115PPCDAGToDAGISel10SelectCodeEPN4llvm6SDNodeE'/>
<use f='llvm/build/lib/Target/PowerPC/PPCGenDAGISel.inc' l='51189' u='r' c='_ZN12_GLOBAL__N_115PPCDAGToDAGISel10SelectCodeEPN4llvm6SDNodeE'/>
<use f='llvm/build/lib/Target/PowerPC/PPCGenDAGISel.inc' l='51218' u='r' c='_ZN12_GLOBAL__N_115PPCDAGToDAGISel10SelectCodeEPN4llvm6SDNodeE'/>
<use f='llvm/build/lib/Target/PowerPC/PPCGenDAGISel.inc' l='51218' u='r' c='_ZN12_GLOBAL__N_115PPCDAGToDAGISel10SelectCodeEPN4llvm6SDNodeE'/>
<use f='llvm/build/lib/Target/PowerPC/PPCGenDAGISel.inc' l='51247' u='r' c='_ZN12_GLOBAL__N_115PPCDAGToDAGISel10SelectCodeEPN4llvm6SDNodeE'/>
<use f='llvm/build/lib/Target/PowerPC/PPCGenDAGISel.inc' l='51247' u='r' c='_ZN12_GLOBAL__N_115PPCDAGToDAGISel10SelectCodeEPN4llvm6SDNodeE'/>
<use f='llvm/build/lib/Target/PowerPC/PPCGenDAGISel.inc' l='51288' u='r' c='_ZN12_GLOBAL__N_115PPCDAGToDAGISel10SelectCodeEPN4llvm6SDNodeE'/>
<use f='llvm/build/lib/Target/PowerPC/PPCGenDAGISel.inc' l='51288' u='r' c='_ZN12_GLOBAL__N_115PPCDAGToDAGISel10SelectCodeEPN4llvm6SDNodeE'/>
<use f='llvm/build/lib/Target/PowerPC/PPCGenDAGISel.inc' l='51315' u='r' c='_ZN12_GLOBAL__N_115PPCDAGToDAGISel10SelectCodeEPN4llvm6SDNodeE'/>
<use f='llvm/build/lib/Target/PowerPC/PPCGenDAGISel.inc' l='51315' u='r' c='_ZN12_GLOBAL__N_115PPCDAGToDAGISel10SelectCodeEPN4llvm6SDNodeE'/>
<use f='llvm/build/lib/Target/PowerPC/PPCGenDAGISel.inc' l='51344' u='r' c='_ZN12_GLOBAL__N_115PPCDAGToDAGISel10SelectCodeEPN4llvm6SDNodeE'/>
<use f='llvm/build/lib/Target/PowerPC/PPCGenDAGISel.inc' l='51344' u='r' c='_ZN12_GLOBAL__N_115PPCDAGToDAGISel10SelectCodeEPN4llvm6SDNodeE'/>
<use f='llvm/build/lib/Target/PowerPC/PPCGenDAGISel.inc' l='51371' u='r' c='_ZN12_GLOBAL__N_115PPCDAGToDAGISel10SelectCodeEPN4llvm6SDNodeE'/>
<use f='llvm/build/lib/Target/PowerPC/PPCGenDAGISel.inc' l='51371' u='r' c='_ZN12_GLOBAL__N_115PPCDAGToDAGISel10SelectCodeEPN4llvm6SDNodeE'/>
<use f='llvm/build/lib/Target/PowerPC/PPCGenDAGISel.inc' l='51398' u='r' c='_ZN12_GLOBAL__N_115PPCDAGToDAGISel10SelectCodeEPN4llvm6SDNodeE'/>
<use f='llvm/build/lib/Target/PowerPC/PPCGenDAGISel.inc' l='51398' u='r' c='_ZN12_GLOBAL__N_115PPCDAGToDAGISel10SelectCodeEPN4llvm6SDNodeE'/>
<use f='llvm/build/lib/Target/PowerPC/PPCGenDAGISel.inc' l='51427' u='r' c='_ZN12_GLOBAL__N_115PPCDAGToDAGISel10SelectCodeEPN4llvm6SDNodeE'/>
<use f='llvm/build/lib/Target/PowerPC/PPCGenDAGISel.inc' l='51427' u='r' c='_ZN12_GLOBAL__N_115PPCDAGToDAGISel10SelectCodeEPN4llvm6SDNodeE'/>
<use f='llvm/build/lib/Target/PowerPC/PPCGenDAGISel.inc' l='51456' u='r' c='_ZN12_GLOBAL__N_115PPCDAGToDAGISel10SelectCodeEPN4llvm6SDNodeE'/>
<use f='llvm/build/lib/Target/PowerPC/PPCGenDAGISel.inc' l='51456' u='r' c='_ZN12_GLOBAL__N_115PPCDAGToDAGISel10SelectCodeEPN4llvm6SDNodeE'/>
<use f='llvm/build/lib/Target/PowerPC/PPCGenDAGISel.inc' l='51483' u='r' c='_ZN12_GLOBAL__N_115PPCDAGToDAGISel10SelectCodeEPN4llvm6SDNodeE'/>
<use f='llvm/build/lib/Target/PowerPC/PPCGenDAGISel.inc' l='51483' u='r' c='_ZN12_GLOBAL__N_115PPCDAGToDAGISel10SelectCodeEPN4llvm6SDNodeE'/>
<use f='llvm/build/lib/Target/PowerPC/PPCGenDAGISel.inc' l='51510' u='r' c='_ZN12_GLOBAL__N_115PPCDAGToDAGISel10SelectCodeEPN4llvm6SDNodeE'/>
<use f='llvm/build/lib/Target/PowerPC/PPCGenDAGISel.inc' l='51510' u='r' c='_ZN12_GLOBAL__N_115PPCDAGToDAGISel10SelectCodeEPN4llvm6SDNodeE'/>
<use f='llvm/build/lib/Target/PowerPC/PPCGenDAGISel.inc' l='51539' u='r' c='_ZN12_GLOBAL__N_115PPCDAGToDAGISel10SelectCodeEPN4llvm6SDNodeE'/>
<use f='llvm/build/lib/Target/PowerPC/PPCGenDAGISel.inc' l='51539' u='r' c='_ZN12_GLOBAL__N_115PPCDAGToDAGISel10SelectCodeEPN4llvm6SDNodeE'/>
<use f='llvm/build/lib/Target/PowerPC/PPCGenDAGISel.inc' l='51566' u='r' c='_ZN12_GLOBAL__N_115PPCDAGToDAGISel10SelectCodeEPN4llvm6SDNodeE'/>
<use f='llvm/build/lib/Target/PowerPC/PPCGenDAGISel.inc' l='51566' u='r' c='_ZN12_GLOBAL__N_115PPCDAGToDAGISel10SelectCodeEPN4llvm6SDNodeE'/>
<use f='llvm/build/lib/Target/PowerPC/PPCGenDAGISel.inc' l='51593' u='r' c='_ZN12_GLOBAL__N_115PPCDAGToDAGISel10SelectCodeEPN4llvm6SDNodeE'/>
<use f='llvm/build/lib/Target/PowerPC/PPCGenDAGISel.inc' l='51593' u='r' c='_ZN12_GLOBAL__N_115PPCDAGToDAGISel10SelectCodeEPN4llvm6SDNodeE'/>
<use f='llvm/build/lib/Target/PowerPC/PPCGenDAGISel.inc' l='51622' u='r' c='_ZN12_GLOBAL__N_115PPCDAGToDAGISel10SelectCodeEPN4llvm6SDNodeE'/>
<use f='llvm/build/lib/Target/PowerPC/PPCGenDAGISel.inc' l='51622' u='r' c='_ZN12_GLOBAL__N_115PPCDAGToDAGISel10SelectCodeEPN4llvm6SDNodeE'/>
<use f='llvm/build/lib/Target/PowerPC/PPCGenDAGISel.inc' l='51651' u='r' c='_ZN12_GLOBAL__N_115PPCDAGToDAGISel10SelectCodeEPN4llvm6SDNodeE'/>
<use f='llvm/build/lib/Target/PowerPC/PPCGenDAGISel.inc' l='51651' u='r' c='_ZN12_GLOBAL__N_115PPCDAGToDAGISel10SelectCodeEPN4llvm6SDNodeE'/>
<use f='llvm/llvm/lib/Target/PowerPC/PPCISelDAGToDAG.cpp' l='6401' u='r' c='_ZL23PeepholePPC64ZExtGatherN4llvm7SDValueERNS_15SmallPtrSetImplIPNS_6SDNodeEEE'/>
<use f='llvm/llvm/lib/Target/PowerPC/PPCISelDAGToDAG.cpp' l='6608' c='_ZN12_GLOBAL__N_115PPCDAGToDAGISel17PeepholePPC64ZExtEv'/>
<use f='llvm/llvm/lib/Target/PowerPC/PPCISelLowering.cpp' l='2644' u='r' c='_ZNK4llvm17PPCTargetLowering19SelectAddressRegImmENS_7SDValueERS1_S2_RNS_12SelectionDAGENS_10MaybeAlignE'/>
<use f='llvm/llvm/lib/Target/PowerPC/PPCISelLowering.cpp' l='11244' u='r' c='_ZNK4llvm17PPCTargetLowering16emitProbedAllocaERNS_12MachineInstrEPNS_17MachineBasicBlockE'/>
<use f='llvm/llvm/lib/Target/PowerPC/PPCInstrInfo.cpp' l='1099' c='_ZNK4llvm12PPCInstrInfo33isReallyTriviallyReMaterializableERKNS_12MachineInstrEPNS_9AAResultsE'/>
<use f='llvm/llvm/lib/Target/PowerPC/PPCInstrInfo.cpp' l='5059' u='r' c='_ZL17isSignExtendingOpRKN4llvm12MachineInstrE'/>
<use f='llvm/llvm/lib/Target/PowerPC/PPCInstrInfo.cpp' l='5097' u='r' c='_ZL17isZeroExtendingOpRKN4llvm12MachineInstrE'/>
<use f='llvm/llvm/lib/Target/PowerPC/PPCPreEmitPeephole.cpp' l='128' u='r' c='_ZN12_GLOBAL__N_118PPCPreEmitPeephole18removeRedundantLIsERN4llvm17MachineBasicBlockEPKNS1_18TargetRegisterInfoE'/>
<use f='llvm/llvm/lib/Target/PowerPC/PPCRegisterInfo.cpp' l='849' u='r' c='_ZNK4llvm15PPCRegisterInfo18lowerCRBitSpillingENS_26MachineInstrBundleIteratorINS_12MachineInstrELb0EEEj'/>
<use f='llvm/llvm/lib/Target/PowerPC/PPCRegisterInfo.cpp' l='1263' u='r' c='_ZNK4llvm15PPCRegisterInfo19eliminateFrameIndexENS_26MachineInstrBundleIteratorINS_12MachineInstrELb0EEEijPNS_12RegScavengerE'/>
