<use f='llvm/llvm/include/llvm/XRay/Profile.h' l='48' c='_ZN4llvm4xray16profileFromTraceERKNS0_5TraceE'/>
<def f='llvm/llvm/include/llvm/XRay/Trace.h' l='46' ll='67'/>
<use f='llvm/llvm/include/llvm/XRay/Trace.h' l='53' c='_ZN4llvm4xray9loadTraceERKNS_13DataExtractorEb'/>
<use f='llvm/llvm/include/llvm/XRay/Trace.h' l='71' c='_ZN4llvm4xray13loadTraceFileENS_9StringRefEb'/>
<use f='llvm/llvm/include/llvm/XRay/Trace.h' l='75' c='_ZN4llvm4xray9loadTraceERKNS_13DataExtractorEb'/>
<use f='llvm/llvm/lib/XRay/Profile.cpp' l='326' c='_ZN4llvm4xray16profileFromTraceERKNS0_5TraceE'/>
<size>56</size>
<doc f='llvm/llvm/include/llvm/XRay/Trace.h' l='26'>/// A Trace object represents the records that have been loaded from XRay
/// log files generated by instrumented binaries. We encapsulate the logic of
/// reading the traces in factory functions that populate the Trace object
/// appropriately.
///
/// Trace objects provide an accessor to an XRayFileHeader which says more about
/// details of the file from which the XRay trace was loaded from.
///
/// Usage:
///
///   if (auto TraceOrErr = loadTraceFile(&quot;xray-log.something.xray&quot;)) {
///     auto&amp; T = *TraceOrErr;
///     // T.getFileHeader() will provide information from the trace header.
///     for (const XRayRecord &amp;R : T) {
///       // ... do something with R here.
///     }
///   } else {
///     // Handle the error here.
///   }
///</doc>
<mbr r='llvm::xray::Trace::FileHeader' o='0' t='llvm::xray::XRayFileHeader'/>
<mbr r='llvm::xray::Trace::Records' o='256' t='llvm::xray::Trace::RecordVector'/>
<fun r='_ZNK4llvm4xray5Trace13getFileHeaderEv'/>
<fun r='_ZNK4llvm4xray5Trace5beginEv'/>
<fun r='_ZNK4llvm4xray5Trace3endEv'/>
<fun r='_ZNK4llvm4xray5Trace5emptyEv'/>
<fun r='_ZNK4llvm4xray5Trace4sizeEv'/>
<use f='llvm/llvm/lib/XRay/Trace.cpp' l='380' c='_ZN4llvm4xray13loadTraceFileENS_9StringRefEb'/>
<use f='llvm/llvm/lib/XRay/Trace.cpp' l='419' c='_ZN4llvm4xray9loadTraceERKNS_13DataExtractorEb'/>
<use f='llvm/llvm/lib/XRay/Trace.cpp' l='441' c='_ZN4llvm4xray9loadTraceERKNS_13DataExtractorEb'/>
<size>56</size>
<use f='llvm/llvm/tools/llvm-xray/xray-converter.h' l='31' c='_ZN4llvm4xray14TraceConverter12exportAsYAMLERKNS0_5TraceERNS_11raw_ostreamE'/>
<use f='llvm/llvm/tools/llvm-xray/xray-converter.h' l='32' c='_ZN4llvm4xray14TraceConverter13exportAsRAWv1ERKNS0_5TraceERNS_11raw_ostreamE'/>
<use f='llvm/llvm/tools/llvm-xray/xray-converter.h' l='37' c='_ZN4llvm4xray14TraceConverter30exportAsChromeTraceEventFormatERKNS0_5TraceERNS_11raw_ostreamE'/>
<use f='llvm/llvm/tools/llvm-xray/xray-converter.cpp' l='78' c='_ZN4llvm4xray14TraceConverter12exportAsYAMLERKNS0_5TraceERNS_11raw_ostreamE'/>
<use f='llvm/llvm/tools/llvm-xray/xray-converter.cpp' l='95' c='_ZN4llvm4xray14TraceConverter13exportAsRAWv1ERKNS0_5TraceERNS_11raw_ostreamE'/>
<use f='llvm/llvm/tools/llvm-xray/xray-converter.cpp' l='265' c='_ZN4llvm4xray14TraceConverter30exportAsChromeTraceEventFormatERKNS0_5TraceERNS_11raw_ostreamE'/>
<size>56</size>
<use f='llvm/llvm/tools/llvm-xray/xray-graph.h' l='150'/>
<use f='llvm/llvm/tools/llvm-xray/xray-graph-diff.cpp' l='423'/>
<use f='llvm/llvm/tools/llvm-xray/xray-graph-diff.cpp' l='429'/>
<size>56</size>
