<dec f='llvm/llvm/lib/CodeGen/RegAllocBase.h' l='67' type='llvm::LiveIntervals *'/>
<use f='llvm/llvm/lib/CodeGen/RegAllocBase.cpp' l='63' u='w' c='_ZN4llvm12RegAllocBase4initERNS_10VirtRegMapERNS_13LiveIntervalsERNS_13LiveRegMatrixE'/>
<use f='llvm/llvm/lib/CodeGen/RegAllocBase.cpp' l='79' u='r' c='_ZN4llvm12RegAllocBase12seedLiveRegsEv'/>
<use f='llvm/llvm/lib/CodeGen/RegAllocBase.cpp' l='96' u='r' c='_ZN4llvm12RegAllocBase16allocatePhysRegsEv'/>
<use f='llvm/llvm/lib/CodeGen/RegAllocBase.cpp' l='149' u='r' c='_ZN4llvm12RegAllocBase16allocatePhysRegsEv'/>
<use f='llvm/llvm/lib/CodeGen/RegAllocBase.cpp' l='155' u='r' c='_ZN4llvm12RegAllocBase16allocatePhysRegsEv'/>
<use f='llvm/llvm/lib/CodeGen/RegAllocBase.cpp' l='170' u='r' c='_ZN4llvm12RegAllocBase16postOptimizationEv'/>
<offset>256</offset>
<use f='llvm/llvm/lib/CodeGen/RegAllocBasic.cpp' l='150' u='r' c='_ZN12_GLOBAL__N_17RABasic19LRE_CanEraseVirtRegEN4llvm8RegisterE'/>
<use f='llvm/llvm/lib/CodeGen/RegAllocBasic.cpp' l='169' u='r' c='_ZN12_GLOBAL__N_17RABasic21LRE_WillShrinkVirtRegEN4llvm8RegisterE'/>
<use f='llvm/llvm/lib/CodeGen/RegAllocBasic.cpp' l='243' u='r' c='_ZN12_GLOBAL__N_17RABasic18spillInterferencesERN4llvm12LiveIntervalENS1_10MCRegisterERNS1_15SmallVectorImplINS1_8RegisterEEE'/>
<use f='llvm/llvm/lib/CodeGen/RegAllocBasic.cpp' l='305' u='r' c='_ZN12_GLOBAL__N_17RABasic13selectOrSplitERN4llvm12LiveIntervalERNS1_15SmallVectorImplINS1_8RegisterEEE'/>
<use f='llvm/llvm/lib/CodeGen/RegAllocBasic.cpp' l='321' u='r' c='_ZN12_GLOBAL__N_17RABasic20runOnMachineFunctionERN4llvm15MachineFunctionE'/>
<use f='llvm/llvm/lib/CodeGen/RegAllocGreedy.cpp' l='638' u='r' c='_ZN12_GLOBAL__N_18RAGreedy19LRE_CanEraseVirtRegEN4llvm8RegisterE'/>
<use f='llvm/llvm/lib/CodeGen/RegAllocGreedy.cpp' l='657' u='r' c='_ZN12_GLOBAL__N_18RAGreedy21LRE_WillShrinkVirtRegEN4llvm8RegisterE'/>
<use f='llvm/llvm/lib/CodeGen/RegAllocGreedy.cpp' l='716' u='r' c='_ZN12_GLOBAL__N_18RAGreedy7enqueueERSt14priority_queueISt4pairIjjESt6vectorIS3_SaIS3_EESt4lessIS3_EEPN4llvm12LiveIntervalE'/>
<use f='llvm/llvm/lib/CodeGen/RegAllocGreedy.cpp' l='752' u='r' c='_ZN12_GLOBAL__N_18RAGreedy7dequeueERSt14priority_queueISt4pairIjjESt6vectorIS3_SaIS3_EESt4lessIS3_EE'/>
<use f='llvm/llvm/lib/CodeGen/RegAllocGreedy.cpp' l='887' u='r' c='_ZN12_GLOBAL__N_18RAGreedy20canEvictInterferenceERN4llvm12LiveIntervalENS1_10MCRegisterEbRNS0_12EvictionCostERKNS1_8SmallSetINS1_8RegisterELj16ESt4lessIS8_EEE'/>
<use f='llvm/llvm/lib/CodeGen/RegAllocGreedy.cpp' l='958' u='r' c='_ZN12_GLOBAL__N_18RAGreedy20canEvictInterferenceERN4llvm12LiveIntervalENS1_10MCRegisterEbRNS0_12EvictionCostERKNS1_8SmallSetINS1_8RegisterELj16ESt4lessIS8_EEE'/>
<use f='llvm/llvm/lib/CodeGen/RegAllocGreedy.cpp' l='1209' u='r' c='_ZN12_GLOBAL__N_18RAGreedy19addSplitConstraintsEN4llvm17InterferenceCache6CursorERNS1_14BlockFrequencyE'/>
<use f='llvm/llvm/lib/CodeGen/RegAllocGreedy.cpp' l='1293' u='r' c='_ZN12_GLOBAL__N_18RAGreedy21addThroughConstraintsEN4llvm17InterferenceCache6CursorENS1_8ArrayRefIjEE'/>
<use f='llvm/llvm/lib/CodeGen/RegAllocGreedy.cpp' l='1502' u='r' c='_ZN12_GLOBAL__N_18RAGreedy26splitCanCauseEvictionChainEN4llvm8RegisterERNS0_20GlobalSplitCandidateEjRKNS1_15AllocationOrderE'/>
<use f='llvm/llvm/lib/CodeGen/RegAllocGreedy.cpp' l='1517' u='r' c='_ZN12_GLOBAL__N_18RAGreedy26splitCanCauseEvictionChainEN4llvm8RegisterERNS0_20GlobalSplitCandidateEjRKNS1_15AllocationOrderE'/>
<use f='llvm/llvm/lib/CodeGen/RegAllocGreedy.cpp' l='1519' u='r' c='_ZN12_GLOBAL__N_18RAGreedy26splitCanCauseEvictionChainEN4llvm8RegisterERNS0_20GlobalSplitCandidateEjRKNS1_15AllocationOrderE'/>
<use f='llvm/llvm/lib/CodeGen/RegAllocGreedy.cpp' l='1527' u='r' c='_ZN12_GLOBAL__N_18RAGreedy26splitCanCauseEvictionChainEN4llvm8RegisterERNS0_20GlobalSplitCandidateEjRKNS1_15AllocationOrderE'/>
<use f='llvm/llvm/lib/CodeGen/RegAllocGreedy.cpp' l='1563' u='r' c='_ZN12_GLOBAL__N_18RAGreedy23splitCanCauseLocalSpillEjRNS0_20GlobalSplitCandidateEjRKN4llvm15AllocationOrderE'/>
<use f='llvm/llvm/lib/CodeGen/RegAllocGreedy.cpp' l='1569' u='r' c='_ZN12_GLOBAL__N_18RAGreedy23splitCanCauseLocalSpillEjRNS0_20GlobalSplitCandidateEjRKN4llvm15AllocationOrderE'/>
<use f='llvm/llvm/lib/CodeGen/RegAllocGreedy.cpp' l='1774' u='r' c='_ZN12_GLOBAL__N_18RAGreedy17splitAroundRegionERN4llvm13LiveRangeEditENS1_8ArrayRefIjEE'/>
<use f='llvm/llvm/lib/CodeGen/RegAllocGreedy.cpp' l='1785' u='r' c='_ZN12_GLOBAL__N_18RAGreedy17splitAroundRegionERN4llvm13LiveRangeEditENS1_8ArrayRefIjEE'/>
<use f='llvm/llvm/lib/CodeGen/RegAllocGreedy.cpp' l='1967' u='r' c='_ZN12_GLOBAL__N_18RAGreedy13doRegionSplitERN4llvm12LiveIntervalEjbRNS1_15SmallVectorImplINS1_8RegisterEEE'/>
<use f='llvm/llvm/lib/CodeGen/RegAllocGreedy.cpp' l='2014' u='r' c='_ZN12_GLOBAL__N_18RAGreedy13tryBlockSplitERN4llvm12LiveIntervalERNS1_15AllocationOrderERNS1_15SmallVectorImplINS1_8RegisterEEE'/>
<use f='llvm/llvm/lib/CodeGen/RegAllocGreedy.cpp' l='2030' u='r' c='_ZN12_GLOBAL__N_18RAGreedy13tryBlockSplitERN4llvm12LiveIntervalERNS1_15AllocationOrderERNS1_15SmallVectorImplINS1_8RegisterEEE'/>
<use f='llvm/llvm/lib/CodeGen/RegAllocGreedy.cpp' l='2037' u='r' c='_ZN12_GLOBAL__N_18RAGreedy13tryBlockSplitERN4llvm12LiveIntervalERNS1_15AllocationOrderERNS1_15SmallVectorImplINS1_8RegisterEEE'/>
<use f='llvm/llvm/lib/CodeGen/RegAllocGreedy.cpp' l='2084' u='r' c='_ZN12_GLOBAL__N_18RAGreedy19tryInstructionSplitERN4llvm12LiveIntervalERNS1_15AllocationOrderERNS1_15SmallVectorImplINS1_8RegisterEEE'/>
<use f='llvm/llvm/lib/CodeGen/RegAllocGreedy.cpp' l='2123' u='r' c='_ZN12_GLOBAL__N_18RAGreedy19tryInstructionSplitERN4llvm12LiveIntervalERNS1_15AllocationOrderERNS1_15SmallVectorImplINS1_8RegisterEEE'/>
<use f='llvm/llvm/lib/CodeGen/RegAllocGreedy.cpp' l='2192' u='r' c='_ZN12_GLOBAL__N_18RAGreedy14calcGapWeightsEN4llvm10MCRegisterERNS1_15SmallVectorImplIfEE'/>
<use f='llvm/llvm/lib/CodeGen/RegAllocGreedy.cpp' l='2251' u='r' c='_ZN12_GLOBAL__N_18RAGreedy13tryLocalSplitERN4llvm12LiveIntervalERNS1_15AllocationOrderERNS1_15SmallVectorImplINS1_8RegisterEEE'/>
<use f='llvm/llvm/lib/CodeGen/RegAllocGreedy.cpp' l='2410' u='r' c='_ZN12_GLOBAL__N_18RAGreedy13tryLocalSplitERN4llvm12LiveIntervalERNS1_15AllocationOrderERNS1_15SmallVectorImplINS1_8RegisterEEE'/>
<use f='llvm/llvm/lib/CodeGen/RegAllocGreedy.cpp' l='2419' u='r' c='_ZN12_GLOBAL__N_18RAGreedy13tryLocalSplitERN4llvm12LiveIntervalERNS1_15AllocationOrderERNS1_15SmallVectorImplINS1_8RegisterEEE'/>
<use f='llvm/llvm/lib/CodeGen/RegAllocGreedy.cpp' l='2432' u='r' c='_ZN12_GLOBAL__N_18RAGreedy13tryLocalSplitERN4llvm12LiveIntervalERNS1_15AllocationOrderERNS1_15SmallVectorImplINS1_8RegisterEEE'/>
<use f='llvm/llvm/lib/CodeGen/RegAllocGreedy.cpp' l='2457' u='r' c='_ZN12_GLOBAL__N_18RAGreedy8trySplitERN4llvm12LiveIntervalERNS1_15AllocationOrderERNS1_15SmallVectorImplINS1_8RegisterEEERKNS1_8SmallSetIS7_Lj16ESt4lessIS7_EEE'/>
<use f='llvm/llvm/lib/CodeGen/RegAllocGreedy.cpp' l='2701' u='r' c='_ZN12_GLOBAL__N_18RAGreedy23tryLastChanceRecoloringERN4llvm12LiveIntervalERNS1_15AllocationOrderERNS1_15SmallVectorImplINS1_8RegisterEEERNS1_8SmallSet16690264'/>
<use f='llvm/llvm/lib/CodeGen/RegAllocGreedy.cpp' l='2931' u='r' c='_ZN12_GLOBAL__N_18RAGreedy17tryHintRecoloringERN4llvm12LiveIntervalE'/>
<use f='llvm/llvm/lib/CodeGen/RegAllocGreedy.cpp' l='3118' u='r' c='_ZN12_GLOBAL__N_18RAGreedy17selectOrSplitImplERN4llvm12LiveIntervalERNS1_15SmallVectorImplINS1_8RegisterEEERNS1_8SmallSetIS5_Lj16ESt4lessIS5_EEEj'/>
<use f='llvm/llvm/lib/CodeGen/RegAllocGreedy.cpp' l='3125' u='r' c='_ZN12_GLOBAL__N_18RAGreedy17selectOrSplitImplERN4llvm12LiveIntervalERNS1_15SmallVectorImplINS1_8RegisterEEERNS1_8SmallSetIS5_Lj16ESt4lessIS5_EEEj'/>
<use f='llvm/llvm/lib/CodeGen/RegAllocGreedy.cpp' l='3244' u='r' c='_ZN12_GLOBAL__N_18RAGreedy20runOnMachineFunctionERN4llvm15MachineFunctionE'/>
<use f='llvm/llvm/lib/CodeGen/RegAllocGreedy.cpp' l='3250' u='r' c='_ZN12_GLOBAL__N_18RAGreedy20runOnMachineFunctionERN4llvm15MachineFunctionE'/>
<use f='llvm/llvm/lib/CodeGen/RegAllocGreedy.cpp' l='3251' u='r' c='_ZN12_GLOBAL__N_18RAGreedy20runOnMachineFunctionERN4llvm15MachineFunctionE'/>
<use f='llvm/llvm/lib/CodeGen/RegAllocGreedy.cpp' l='3255' u='r' c='_ZN12_GLOBAL__N_18RAGreedy20runOnMachineFunctionERN4llvm15MachineFunctionE'/>
