<dec f='llvm/llvm/include/llvm/CodeGen/LiveRangeEdit.h' l='73' type='llvm::LiveIntervals &amp;'/>
<use f='llvm/llvm/include/llvm/CodeGen/LiveRangeEdit.h' l='142' u='w' c='_ZN4llvm13LiveRangeEditC1EPNS_12LiveIntervalERNS_15SmallVectorImplINS_8RegisterEEERNS_15MachineFunctionERNS_13LiveIntervalsEPNS_10VirtRegMapEPNS0_8Del3514980'/>
<offset>256</offset>
<use f='llvm/llvm/lib/CodeGen/LiveRangeEdit.cpp' l='39' u='m' c='_ZN4llvm13LiveRangeEdit23createEmptyIntervalFromENS_8RegisterEb'/>
<use f='llvm/llvm/lib/CodeGen/LiveRangeEdit.cpp' l='46' u='m' c='_ZN4llvm13LiveRangeEdit23createEmptyIntervalFromENS_8RegisterEb'/>
<use f='llvm/llvm/lib/CodeGen/LiveRangeEdit.cpp' l='47' u='m' c='_ZN4llvm13LiveRangeEdit23createEmptyIntervalFromENS_8RegisterEb'/>
<use f='llvm/llvm/lib/CodeGen/LiveRangeEdit.cpp' l='66' u='m' c='_ZN4llvm13LiveRangeEdit10createFromENS_8RegisterE'/>
<use f='llvm/llvm/lib/CodeGen/LiveRangeEdit.cpp' l='86' u='m' c='_ZN4llvm13LiveRangeEdit14scanRemattableEPNS_9AAResultsE'/>
<use f='llvm/llvm/lib/CodeGen/LiveRangeEdit.cpp' l='90' u='m' c='_ZN4llvm13LiveRangeEdit14scanRemattableEPNS_9AAResultsE'/>
<use f='llvm/llvm/lib/CodeGen/LiveRangeEdit.cpp' l='123' u='m' c='_ZNK4llvm13LiveRangeEdit18allUsesAvailableAtEPKNS_12MachineInstrENS_9SlotIndexES4_'/>
<use f='llvm/llvm/lib/CodeGen/LiveRangeEdit.cpp' l='151' u='m' c='_ZN4llvm13LiveRangeEdit18canRematerializeAtERNS0_5RematEPNS_6VNInfoENS_9SlotIndexEb'/>
<use f='llvm/llvm/lib/CodeGen/LiveRangeEdit.cpp' l='177' u='m' c='_ZN4llvm13LiveRangeEdit15rematerializeAtERNS_17MachineBasicBlockENS_26MachineInstrBundleIteratorINS_12MachineInstrELb0EEEjRKNS0_5RematERKNS_18TargetRegisterInfoEb'/>
<use f='llvm/llvm/lib/CodeGen/LiveRangeEdit.cpp' l='182' u='m' c='_ZN4llvm13LiveRangeEdit12eraseVirtRegENS_8RegisterE'/>
<use f='llvm/llvm/lib/CodeGen/LiveRangeEdit.cpp' l='212' u='m' c='_ZN4llvm13LiveRangeEdit10foldAsLoadEPNS_12LiveIntervalERNS_15SmallVectorImplIPNS_12MachineInstrEEE'/>
<use f='llvm/llvm/lib/CodeGen/LiveRangeEdit.cpp' l='213' u='m' c='_ZN4llvm13LiveRangeEdit10foldAsLoadEPNS_12LiveIntervalERNS_15SmallVectorImplIPNS_12MachineInstrEEE'/>
<use f='llvm/llvm/lib/CodeGen/LiveRangeEdit.cpp' l='229' u='a' c='_ZN4llvm13LiveRangeEdit10foldAsLoadEPNS_12LiveIntervalERNS_15SmallVectorImplIPNS_12MachineInstrEEE'/>
<use f='llvm/llvm/lib/CodeGen/LiveRangeEdit.cpp' l='233' u='m' c='_ZN4llvm13LiveRangeEdit10foldAsLoadEPNS_12LiveIntervalERNS_15SmallVectorImplIPNS_12MachineInstrEEE'/>
<use f='llvm/llvm/lib/CodeGen/LiveRangeEdit.cpp' l='247' u='m' c='_ZNK4llvm13LiveRangeEdit9useIsKillERKNS_12LiveIntervalERKNS_14MachineOperandE'/>
<use f='llvm/llvm/lib/CodeGen/LiveRangeEdit.cpp' l='264' u='m' c='_ZN4llvm13LiveRangeEdit16eliminateDeadDefEPNS_12MachineInstrERNS_9SetVectorIPNS_12LiveIntervalENS_11SmallVectorIS5_Lj8EEENS_11SmallPtrSetIS5_Lj8EEEEEPNS_9AAResultsE'/>
<use f='llvm/llvm/lib/CodeGen/LiveRangeEdit.cpp' l='297' u='m' c='_ZN4llvm13LiveRangeEdit16eliminateDeadDefEPNS_12MachineInstrERNS_9SetVectorIPNS_12LiveIntervalENS_11SmallVectorIS5_Lj8EEENS_11SmallPtrSetIS5_Lj8EEEEEPNS_9AAResultsE'/>
<use f='llvm/llvm/lib/CodeGen/LiveRangeEdit.cpp' l='318' u='m' c='_ZN4llvm13LiveRangeEdit16eliminateDeadDefEPNS_12MachineInstrERNS_9SetVectorIPNS_12LiveIntervalENS_11SmallVectorIS5_Lj8EEENS_11SmallPtrSetIS5_Lj8EEEEEPNS_9AAResultsE'/>
<use f='llvm/llvm/lib/CodeGen/LiveRangeEdit.cpp' l='321' u='m' c='_ZN4llvm13LiveRangeEdit16eliminateDeadDefEPNS_12MachineInstrERNS_9SetVectorIPNS_12LiveIntervalENS_11SmallVectorIS5_Lj8EEENS_11SmallPtrSetIS5_Lj8EEEEEPNS_9AAResultsE'/>
<use f='llvm/llvm/lib/CodeGen/LiveRangeEdit.cpp' l='335' u='m' c='_ZN4llvm13LiveRangeEdit16eliminateDeadDefEPNS_12MachineInstrERNS_9SetVectorIPNS_12LiveIntervalENS_11SmallVectorIS5_Lj8EEENS_11SmallPtrSetIS5_Lj8EEEEEPNS_9AAResultsE'/>
<use f='llvm/llvm/lib/CodeGen/LiveRangeEdit.cpp' l='366' u='m' c='_ZN4llvm13LiveRangeEdit16eliminateDeadDefEPNS_12MachineInstrERNS_9SetVectorIPNS_12LiveIntervalENS_11SmallVectorIS5_Lj8EEENS_11SmallPtrSetIS5_Lj8EEEEEPNS_9AAResultsE'/>
<use f='llvm/llvm/lib/CodeGen/LiveRangeEdit.cpp' l='376' u='m' c='_ZN4llvm13LiveRangeEdit16eliminateDeadDefEPNS_12MachineInstrERNS_9SetVectorIPNS_12LiveIntervalENS_11SmallVectorIS5_Lj8EEENS_11SmallPtrSetIS5_Lj8EEEEEPNS_9AAResultsE'/>
<use f='llvm/llvm/lib/CodeGen/LiveRangeEdit.cpp' l='386' u='m' c='_ZN4llvm13LiveRangeEdit16eliminateDeadDefEPNS_12MachineInstrERNS_9SetVectorIPNS_12LiveIntervalENS_11SmallVectorIS5_Lj8EEENS_11SmallPtrSetIS5_Lj8EEEEEPNS_9AAResultsE'/>
<use f='llvm/llvm/lib/CodeGen/LiveRangeEdit.cpp' l='387' u='m' c='_ZN4llvm13LiveRangeEdit16eliminateDeadDefEPNS_12MachineInstrERNS_9SetVectorIPNS_12LiveIntervalENS_11SmallVectorIS5_Lj8EEENS_11SmallPtrSetIS5_Lj8EEEEEPNS_9AAResultsE'/>
<use f='llvm/llvm/lib/CodeGen/LiveRangeEdit.cpp' l='414' u='m' c='_ZN4llvm13LiveRangeEdit17eliminateDeadDefsERNS_15SmallVectorImplIPNS_12MachineInstrEEENS_8ArrayRefINS_8RegisterEEEPNS_9AAResultsE'/>
<use f='llvm/llvm/lib/CodeGen/LiveRangeEdit.cpp' l='434' u='m' c='_ZN4llvm13LiveRangeEdit17eliminateDeadDefsERNS_15SmallVectorImplIPNS_12MachineInstrEEENS_8ArrayRefINS_8RegisterEEEPNS_9AAResultsE'/>
<use f='llvm/llvm/lib/CodeGen/LiveRangeEdit.cpp' l='465' u='a' c='_ZN4llvm13LiveRangeEdit24calculateRegClassAndHintERNS_15MachineFunctionERKNS_15MachineLoopInfoERKNS_25MachineBlockFrequencyInfoE'/>
<use f='llvm/llvm/lib/CodeGen/LiveRangeEdit.cpp' l='467' u='m' c='_ZN4llvm13LiveRangeEdit24calculateRegClassAndHintERNS_15MachineFunctionERKNS_15MachineLoopInfoERKNS_25MachineBlockFrequencyInfoE'/>
