<dec f='llvm/build/include/llvm/IR/IntrinsicEnums.inc' l='171' type='162'/>
<doc f='llvm/build/include/llvm/IR/IntrinsicEnums.inc' l='171'>// llvm.log</doc>
<use f='llvm/clang/lib/CodeGen/CGBuiltin.cpp' l='2361' u='r' c='_ZN5clang7CodeGen15CodeGenFunction15EmitBuiltinExprENS_10GlobalDeclEjPKNS_8CallExprENS0_15ReturnValueSlotE'/>
<use f='llvm/llvm/lib/Analysis/ConstantFolding.cpp' l='1506' c='_ZN4llvm21canConstantFoldCallToEPKNS_8CallBaseEPKNS_8FunctionE'/>
<use f='llvm/llvm/lib/Analysis/ConstantFolding.cpp' l='2055' c='_ZN12_GLOBAL__N_123ConstantFoldScalarCall1EN4llvm9StringRefEjPNS0_4TypeENS0_8ArrayRefIPNS0_8ConstantEEEPKNS0_17TargetLibraryInfoEPKNS0_8CallBaseE'/>
<use f='llvm/llvm/lib/Analysis/InstructionSimplify.cpp' l='5334' u='c' c='_ZL22simplifyUnaryIntrinsicPN4llvm8FunctionEPNS_5ValueERKNS_13SimplifyQueryE'/>
<use f='llvm/llvm/lib/Analysis/InstructionSimplify.cpp' l='5341' c='_ZL22simplifyUnaryIntrinsicPN4llvm8FunctionEPNS_5ValueERKNS_13SimplifyQueryE'/>
<use f='llvm/llvm/lib/Analysis/ValueTracking.cpp' l='3143' u='r' c='_ZN4llvm23getIntrinsicForCallSiteERKNS_8CallBaseEPKNS_17TargetLibraryInfoE'/>
<use f='llvm/llvm/lib/Analysis/VectorUtils.cpp' l='71' c='_ZN4llvm23isTriviallyVectorizableEj'/>
<use f='llvm/llvm/include/llvm/CodeGen/BasicTTIImpl.h' l='1458' c='_ZN4llvm16BasicTTIImplBase30getTypeBasedIntrinsicInstrCostERKNS_23IntrinsicCostAttributesENS_19TargetTransformInfo14TargetCostKindE'/>
<use f='llvm/llvm/lib/CodeGen/GlobalISel/IRTranslator.cpp' l='1705' c='_ZN4llvm12IRTranslator24getSimpleIntrinsicOpcodeEj'/>
<use f='llvm/llvm/lib/CodeGen/IntrinsicLowering.cpp' l='377' c='_ZN4llvm17IntrinsicLowering18LowerIntrinsicCallEPNS_8CallInstE'/>
<use f='llvm/llvm/lib/CodeGen/SelectionDAG/SelectionDAGBuilder.cpp' l='6064' c='_ZN4llvm19SelectionDAGBuilder18visitIntrinsicCallERKNS_8CallInstEj'/>
<use f='llvm/llvm/lib/Target/ARM/ARMTargetTransformInfo.cpp' l='1591' c='_ZN4llvm10ARMTTIImpl15isLoweredToCallEPKNS_8FunctionE'/>
<use f='llvm/llvm/lib/Target/PowerPC/PPCTargetTransformInfo.cpp' l='469' c='_ZN4llvm10PPCTTIImpl11mightUseCTREPNS_10BasicBlockEPNS_17TargetLibraryInfoERNS_15SmallPtrSetImplIPKNS_5ValueEEE'/>
<use f='llvm/llvm/lib/Transforms/Utils/SimplifyLibCalls.cpp' l='1896' u='r' c='_ZN4llvm17LibCallSimplifier11optimizeLogEPNS_8CallInstERNS_13IRBuilderBaseE'/>
<use f='llvm/llvm/lib/Transforms/Utils/SimplifyLibCalls.cpp' l='1903' u='r' c='_ZN4llvm17LibCallSimplifier11optimizeLogEPNS_8CallInstERNS_13IRBuilderBaseE'/>
<use f='llvm/llvm/lib/Transforms/Utils/SimplifyLibCalls.cpp' l='1910' u='r' c='_ZN4llvm17LibCallSimplifier11optimizeLogEPNS_8CallInstERNS_13IRBuilderBaseE'/>
<use f='llvm/llvm/lib/Transforms/Utils/SimplifyLibCalls.cpp' l='1961' u='r' c='_ZN4llvm17LibCallSimplifier11optimizeLogEPNS_8CallInstERNS_13IRBuilderBaseE'/>
<use f='llvm/llvm/lib/Transforms/Utils/SimplifyLibCalls.cpp' l='3075' c='_ZN4llvm17LibCallSimplifier12optimizeCallEPNS_8CallInstERNS_13IRBuilderBaseE'/>
