<dec f='llvm/llvm/include/llvm/CodeGen/ScheduleDAG.h' l='55' type='2'/>
<use f='llvm/llvm/include/llvm/CodeGen/ScheduleDAG.h' l='110' c='_ZN4llvm4SDepC1EPNS_5SUnitENS0_4KindEj'/>
<use f='llvm/llvm/include/llvm/CodeGen/ScheduleDAG.h' l='471' c='_ZNK4llvm4SDep8overlapsERKS0_'/>
<use f='llvm/llvm/lib/CodeGen/AggressiveAntiDepBreaker.cpp' l='264' u='r' c='_ZL12AntiDepEdgesPKN4llvm5SUnitERSt6vectorIPKNS_4SDepESaIS6_EE'/>
<use f='llvm/llvm/lib/CodeGen/AggressiveAntiDepBreaker.cpp' l='850' u='r' c='_ZN4llvm24AggressiveAntiDepBreaker21BreakAntiDependenciesERKSt6vectorINS_5SUnitESaIS2_EENS_26MachineInstrBundleIteratorINS_12MachineInstrELb0EEES9_jRS10755327'/>
<use f='llvm/llvm/lib/CodeGen/AggressiveAntiDepBreaker.cpp' l='901' u='r' c='_ZN4llvm24AggressiveAntiDepBreaker21BreakAntiDependenciesERKSt6vectorINS_5SUnitESaIS2_EENS_26MachineInstrBundleIteratorINS_12MachineInstrELb0EEES9_jRS10755327'/>
<use f='llvm/llvm/lib/CodeGen/AggressiveAntiDepBreaker.cpp' l='926' u='r' c='_ZN4llvm24AggressiveAntiDepBreaker21BreakAntiDependenciesERKSt6vectorINS_5SUnitESaIS2_EENS_26MachineInstrBundleIteratorINS_12MachineInstrELb0EEES9_jRS10755327'/>
<doc f='llvm/llvm/include/llvm/CodeGen/ScheduleDAG.h' l='55'>///&lt; A register output-dependence (aka WAW).</doc>
<use f='llvm/llvm/lib/CodeGen/MachinePipeliner.cpp' l='1233' u='r' c='_ZN4llvm17SwingSchedulerDAG8Circuits24createAdjacencyStructureEPS0_'/>
<use f='llvm/llvm/lib/CodeGen/MachinePipeliner.cpp' l='2302' u='r' c='_ZN4llvm17SwingSchedulerDAG16isLoopCarriedDepEPNS_5SUnitERKNS_4SDepEb'/>
<use f='llvm/llvm/lib/CodeGen/MachinePipeliner.cpp' l='2309' u='r' c='_ZN4llvm17SwingSchedulerDAG16isLoopCarriedDepEPNS_5SUnitERKNS_4SDepEb'/>
<use f='llvm/llvm/lib/CodeGen/MachinePipeliner.cpp' l='2456' u='r' c='_ZN4llvm10SMSchedule20earliestCycleInChainERKNS_4SDepE'/>
<use f='llvm/llvm/lib/CodeGen/MachinePipeliner.cpp' l='2479' u='r' c='_ZN4llvm10SMSchedule18latestCycleInChainERKNS_4SDepE'/>
<use f='llvm/llvm/lib/CodeGen/MacroFusion.cpp' l='36' u='r' c='_ZL8isHazardRKN4llvm4SDepE'/>
<use f='llvm/llvm/lib/CodeGen/ScheduleDAG.cpp' l='79' c='_ZNK4llvm4SDep4dumpEPKNS_18TargetRegisterInfoE'/>
<use f='llvm/llvm/lib/CodeGen/ScheduleDAG.cpp' l='90' c='_ZNK4llvm4SDep4dumpEPKNS_18TargetRegisterInfoE'/>
<use f='llvm/llvm/lib/CodeGen/ScheduleDAGInstrs.cpp' l='307' u='r' c='_ZN4llvm17ScheduleDAGInstrs14addPhysRegDepsEPNS_5SUnitEj'/>
<use f='llvm/llvm/lib/CodeGen/ScheduleDAGInstrs.cpp' l='316' u='r' c='_ZN4llvm17ScheduleDAGInstrs14addPhysRegDepsEPNS_5SUnitEj'/>
<use f='llvm/llvm/lib/CodeGen/ScheduleDAGInstrs.cpp' l='489' u='r' c='_ZN4llvm17ScheduleDAGInstrs14addVRegDefDepsEPNS_5SUnitEj'/>
<use f='llvm/llvm/lib/Target/AMDGPU/R600Packetizer.cpp' l='195' u='r' c='_ZN12_GLOBAL__N_118R600PacketizerList26isLegalToPacketizeTogetherEPN4llvm5SUnitES3_'/>
<use f='llvm/llvm/lib/Target/Hexagon/HexagonSubtarget.cpp' l='204' u='r' c='_ZN4llvm16HexagonSubtarget19UsrOverflowMutation5applyEPNS_17ScheduleDAGInstrsE'/>
<use f='llvm/llvm/lib/Target/Hexagon/HexagonVLIWPacketizer.cpp' l='330' u='r' c='_ZL15isRegDependenceN4llvm4SDep4KindE'/>
<use f='llvm/llvm/lib/Target/Hexagon/HexagonVLIWPacketizer.cpp' l='1500' u='r' c='_ZN4llvm21HexagonPacketizerList26isLegalToPacketizeTogetherEPNS_5SUnitES2_'/>
<use f='llvm/llvm/lib/Target/Hexagon/HexagonVLIWPacketizer.cpp' l='1503' u='r' c='_ZN4llvm21HexagonPacketizerList26isLegalToPacketizeTogetherEPNS_5SUnitES2_'/>
<use f='llvm/llvm/lib/Target/Hexagon/HexagonVLIWPacketizer.cpp' l='1591' u='r' c='_ZN4llvm21HexagonPacketizerList26isLegalToPacketizeTogetherEPNS_5SUnitES2_'/>
