<dec f='llvm/llvm/include/llvm/CodeGen/RegisterPressure.h' l='363' type='const llvm::LiveIntervals *'/>
<offset>256</offset>
<use f='llvm/llvm/lib/CodeGen/RegisterPressure.cpp' l='245' u='w' c='_ZN4llvm18RegPressureTracker5resetEv'/>
<use f='llvm/llvm/lib/CodeGen/RegisterPressure.cpp' l='281' u='w' c='_ZN4llvm18RegPressureTracker4initEPKNS_15MachineFunctionEPKNS_17RegisterClassInfoEPKNS_13LiveIntervalsEPKNS_17MachineBasicBlockENS_26MachineInstrBundl9302404'/>
<use f='llvm/llvm/lib/CodeGen/RegisterPressure.cpp' l='314' u='r' c='_ZNK4llvm18RegPressureTracker11getCurrSlotEv'/>
<use f='llvm/llvm/lib/CodeGen/RegisterPressure.cpp' l='315' u='r' c='_ZNK4llvm18RegPressureTracker11getCurrSlotEv'/>
<use f='llvm/llvm/lib/CodeGen/RegisterPressure.cpp' l='801' u='r' c='_ZN4llvm18RegPressureTracker6recedeERKNS_16RegisterOperandsEPNS_15SmallVectorImplINS_16RegisterMaskPairEEE'/>
<use f='llvm/llvm/lib/CodeGen/RegisterPressure.cpp' l='867' u='r' c='_ZN4llvm18RegPressureTracker21recedeSkipDebugValuesEv'/>
<use f='llvm/llvm/lib/CodeGen/RegisterPressure.cpp' l='887' u='r' c='_ZN4llvm18RegPressureTracker6recedeEPNS_15SmallVectorImplINS_16RegisterMaskPairEEE'/>
<use f='llvm/llvm/lib/CodeGen/RegisterPressure.cpp' l='888' u='r' c='_ZN4llvm18RegPressureTracker6recedeEPNS_15SmallVectorImplINS_16RegisterMaskPairEEE'/>
<use f='llvm/llvm/lib/CodeGen/RegisterPressure.cpp' l='890' u='r' c='_ZN4llvm18RegPressureTracker6recedeEPNS_15SmallVectorImplINS_16RegisterMaskPairEEE'/>
<use f='llvm/llvm/lib/CodeGen/RegisterPressure.cpp' l='954' u='r' c='_ZN4llvm18RegPressureTracker7advanceEv'/>
<use f='llvm/llvm/lib/CodeGen/RegisterPressure.cpp' l='1048' u='r' c='_ZN4llvm18RegPressureTracker18bumpUpwardPressureEPKNS_12MachineInstrE'/>
<use f='llvm/llvm/lib/CodeGen/RegisterPressure.cpp' l='1055' u='r' c='_ZN4llvm18RegPressureTracker18bumpUpwardPressureEPKNS_12MachineInstrE'/>
<use f='llvm/llvm/lib/CodeGen/RegisterPressure.cpp' l='1057' u='r' c='_ZN4llvm18RegPressureTracker18bumpUpwardPressureEPKNS_12MachineInstrE'/>
<use f='llvm/llvm/lib/CodeGen/RegisterPressure.cpp' l='1248' u='r' c='_ZNK4llvm18RegPressureTracker14getLiveLanesAtENS_8RegisterENS_9SlotIndexE'/>
<use f='llvm/llvm/lib/CodeGen/RegisterPressure.cpp' l='1258' u='r' c='_ZNK4llvm18RegPressureTracker16getLastUsedLanesENS_8RegisterENS_9SlotIndexE'/>
<use f='llvm/llvm/lib/CodeGen/RegisterPressure.cpp' l='1269' u='r' c='_ZNK4llvm18RegPressureTracker16getLiveThroughAtENS_8RegisterENS_9SlotIndexE'/>
<use f='llvm/llvm/lib/CodeGen/RegisterPressure.cpp' l='1289' u='r' c='_ZN4llvm18RegPressureTracker20bumpDownwardPressureEPKNS_12MachineInstrE'/>
<use f='llvm/llvm/lib/CodeGen/RegisterPressure.cpp' l='1295' u='r' c='_ZN4llvm18RegPressureTracker20bumpDownwardPressureEPKNS_12MachineInstrE'/>
<use f='llvm/llvm/lib/CodeGen/RegisterPressure.cpp' l='1310' u='r' c='_ZN4llvm18RegPressureTracker20bumpDownwardPressureEPKNS_12MachineInstrE'/>
