<inh f='llvm/llvm/include/llvm/Support/YAMLTraits.h' l='751' c='llvm::yaml::IO'/>
<def f='llvm/llvm/include/llvm/Support/YAMLTraits.h' l='1536' ll='1622'/>
<use f='llvm/llvm/include/llvm/Support/YAMLTraits.h' l='1803' c='_ZN4llvm4yamllsERNS0_6OutputERT_'/>
<use f='llvm/llvm/include/llvm/Support/YAMLTraits.h' l='1804' c='_ZN4llvm4yamllsERNS0_6OutputERT_'/>
<use f='llvm/llvm/include/llvm/Support/YAMLTraits.h' l='1821' c='_ZN4llvm4yamllsERNS0_6OutputERT_'/>
<use f='llvm/llvm/include/llvm/Support/YAMLTraits.h' l='1822' c='_ZN4llvm4yamllsERNS0_6OutputERT_'/>
<use f='llvm/llvm/include/llvm/Support/YAMLTraits.h' l='1835' c='_ZN4llvm4yamllsERNS0_6OutputERT_'/>
<use f='llvm/llvm/include/llvm/Support/YAMLTraits.h' l='1836' c='_ZN4llvm4yamllsERNS0_6OutputERT_'/>
<use f='llvm/llvm/include/llvm/Support/YAMLTraits.h' l='1849' c='_ZN4llvm4yamllsERNS0_6OutputERT_'/>
<use f='llvm/llvm/include/llvm/Support/YAMLTraits.h' l='1850' c='_ZN4llvm4yamllsERNS0_6OutputERT_'/>
<use f='llvm/llvm/include/llvm/Support/YAMLTraits.h' l='1863' c='_ZN4llvm4yamllsERNS0_6OutputERT_'/>
<use f='llvm/llvm/include/llvm/Support/YAMLTraits.h' l='1864' c='_ZN4llvm4yamllsERNS0_6OutputERT_'/>
<use f='llvm/llvm/include/llvm/Support/YAMLTraits.h' l='1878' c='_ZN4llvm4yamllsERNS0_6OutputERT_'/>
<use f='llvm/llvm/include/llvm/Support/YAMLTraits.h' l='1879' c='_ZN4llvm4yamllsERNS0_6OutputERT_'/>
<use f='llvm/llvm/include/llvm/Support/YAMLTraits.h' l='1895' c='_ZN4llvm4yamllsERNS0_6OutputERT_'/>
<use f='llvm/llvm/include/llvm/Support/YAMLTraits.h' l='1896' c='_ZN4llvm4yamllsERNS0_6OutputERT_'/>
<size>128</size>
<doc f='llvm/llvm/include/llvm/Support/YAMLTraits.h' l='1532'>///
/// The Output class is used to generate a yaml document from in-memory structs
/// and vectors.
///</doc>
<fun r='_ZN4llvm4yaml6OutputC1ERNS_11raw_ostreamEPvi'/>
<fun r='_ZN4llvm4yaml6OutputD1Ev'/>
<fun r='_ZN4llvm4yaml6Output21setWriteDefaultValuesEb'/>
<fun r='_ZNK4llvm4yaml6Output10outputtingEv'/>
<fun r='_ZN4llvm4yaml6Output6mapTagENS_9StringRefEb'/>
<fun r='_ZN4llvm4yaml6Output12beginMappingEv'/>
<fun r='_ZN4llvm4yaml6Output10endMappingEv'/>
<fun r='_ZN4llvm4yaml6Output12preflightKeyEPKcbbRbRPv'/>
<fun r='_ZN4llvm4yaml6Output13postflightKeyEPv'/>
<fun r='_ZN4llvm4yaml6Output4keysEv'/>
<fun r='_ZN4llvm4yaml6Output16beginFlowMappingEv'/>
<fun r='_ZN4llvm4yaml6Output14endFlowMappingEv'/>
<fun r='_ZN4llvm4yaml6Output13beginSequenceEv'/>
<fun r='_ZN4llvm4yaml6Output11endSequenceEv'/>
<fun r='_ZN4llvm4yaml6Output16preflightElementEjRPv'/>
<fun r='_ZN4llvm4yaml6Output17postflightElementEPv'/>
<fun r='_ZN4llvm4yaml6Output17beginFlowSequenceEv'/>
<fun r='_ZN4llvm4yaml6Output20preflightFlowElementEjRPv'/>
<fun r='_ZN4llvm4yaml6Output21postflightFlowElementEPv'/>
<fun r='_ZN4llvm4yaml6Output15endFlowSequenceEv'/>
<fun r='_ZN4llvm4yaml6Output15beginEnumScalarEv'/>
<fun r='_ZN4llvm4yaml6Output15matchEnumScalarEPKcb'/>
<fun r='_ZN4llvm4yaml6Output17matchEnumFallbackEv'/>
<fun r='_ZN4llvm4yaml6Output13endEnumScalarEv'/>
<fun r='_ZN4llvm4yaml6Output17beginBitSetScalarERb'/>
<fun r='_ZN4llvm4yaml6Output11bitSetMatchEPKcb'/>
<fun r='_ZN4llvm4yaml6Output15endBitSetScalarEv'/>
<fun r='_ZN4llvm4yaml6Output12scalarStringERNS_9StringRefENS0_11QuotingTypeE'/>
<fun r='_ZN4llvm4yaml6Output17blockScalarStringERNS_9StringRefE'/>
<fun r='_ZN4llvm4yaml6Output9scalarTagERNSt7__cxx1112basic_stringIcSt11char_traitsIcESaIcEEE'/>
<fun r='_ZN4llvm4yaml6Output11getNodeKindEv'/>
<fun r='_ZN4llvm4yaml6Output8setErrorERKNS_5TwineE'/>
<fun r='_ZN4llvm4yaml6Output21canElideEmptySequenceEv'/>
<fun r='_ZN4llvm4yaml6Output14beginDocumentsEv'/>
<fun r='_ZN4llvm4yaml6Output17preflightDocumentEj'/>
<fun r='_ZN4llvm4yaml6Output18postflightDocumentEv'/>
<fun r='_ZN4llvm4yaml6Output12endDocumentsEv'/>
<fun r='_ZN4llvm4yaml6Output6outputENS_9StringRefE'/>
<fun r='_ZN4llvm4yaml6Output19outputUpToEndOfLineENS_9StringRefE'/>
<fun r='_ZN4llvm4yaml6Output12newLineCheckEb'/>
<fun r='_ZN4llvm4yaml6Output13outputNewLineEv'/>
<fun r='_ZN4llvm4yaml6Output9paddedKeyENS_9StringRefE'/>
<fun r='_ZN4llvm4yaml6Output7flowKeyENS_9StringRefE'/>
<fun r='_ZN4llvm4yaml6Output15inSeqAnyElementENS1_7InStateE'/>
<fun r='_ZN4llvm4yaml6Output19inFlowSeqAnyElementENS1_7InStateE'/>
<fun r='_ZN4llvm4yaml6Output11inMapAnyKeyENS1_7InStateE'/>
<fun r='_ZN4llvm4yaml6Output15inFlowMapAnyKeyENS1_7InStateE'/>
<mbr r='llvm::yaml::Output::Out' o='128' t='llvm::raw_ostream &amp;'/>
<mbr r='llvm::yaml::Output::WrapColumn' o='192' t='int'/>
<mbr r='llvm::yaml::Output::StateStack' o='256' t='SmallVector&lt;llvm::yaml::Output::InState, 8&gt;'/>
<mbr r='llvm::yaml::Output::Column' o='640' t='int'/>
<mbr r='llvm::yaml::Output::ColumnAtFlowStart' o='672' t='int'/>
<mbr r='llvm::yaml::Output::ColumnAtMapFlowStart' o='704' t='int'/>
<mbr r='llvm::yaml::Output::NeedBitValueComma' o='736' t='bool'/>
<mbr r='llvm::yaml::Output::NeedFlowSequenceComma' o='744' t='bool'/>
<mbr r='llvm::yaml::Output::EnumerationMatchFound' o='752' t='bool'/>
<mbr r='llvm::yaml::Output::WriteDefaultValues' o='760' t='bool'/>
<mbr r='llvm::yaml::Output::Padding' o='768' t='llvm::StringRef'/>
<mbr r='llvm::yaml::Output::PaddingBeforeContainer' o='896' t='llvm::StringRef'/>
<use f='llvm/clang/lib/APINotes/APINotesYAMLCompiler.cpp' l='575' c='_ZN12_GLOBAL__N_16Module4dumpEv'/>
<use f='llvm/clang/lib/APINotes/APINotesYAMLCompiler.cpp' l='594' c='_ZN5clang9api_notes20parseAndDumpAPINotesEN4llvm9StringRefERNS1_11raw_ostreamE'/>
<size>128</size>
<use f='llvm/clang/lib/Format/Format.cpp' l='1429' c='_ZN5clang6format19configurationAsTextB5cxx11ERKNS0_11FormatStyleE'/>
<size>128</size>
<use f='llvm/clang/lib/Frontend/FrontendActions.cpp' l='452' c='_ZN12_GLOBAL__N_127DefaultTemplateInstCallback21displayTemplightEntryERN4llvm11raw_ostreamERKN5clang4SemaERKNS5_20CodeSynthesisContextE'/>
<size>128</size>
<use f='llvm/clang/lib/Tooling/Refactoring/AtomicChange.cpp' l='236' c='_ZN5clang7tooling12AtomicChange12toYAMLStringB5cxx11Ev'/>
<size>128</size>
<use f='llvm/clang/tools/clang-rename/ClangRename.cpp' l='204' c='main'/>
<size>128</size>
<use f='llvm/clang/unittests/Tooling/DiagnosticsYamlTest.cpp' l='133' c='_ZN46DiagnosticsYamlTest_serializesDiagnostics_Test8TestBodyEv'/>
<size>128</size>
<use f='llvm/clang/unittests/Tooling/ReplacementsYamlTest.cpp' l='30' c='_ZN48ReplacementsYamlTest_serializesReplacements_Test8TestBodyEv'/>
<use f='llvm/clang/unittests/Tooling/ReplacementsYamlTest.cpp' l='58' c='_ZN44ReplacementsYamlTest_serializesNewLines_Test8TestBodyEv'/>
<size>128</size>
<use f='llvm/lld/lib/ReaderWriter/MachO/MachONormalizedFileYAML.cpp' l='830' c='_ZN3lld6mach_o10normalized9writeYamlERKNS1_14NormalizedFileERN4llvm11raw_ostreamE'/>
<size>128</size>
<use f='llvm/lld/lib/ReaderWriter/YAML/ReaderWriterYAML.cpp' l='1310' c='_ZN3lld4yaml6Writer9writeFileERKNS_4FileEN4llvm9StringRefE'/>
<size>128</size>
<use f='llvm/lldb/include/lldb/Utility/ReproducerProvider.h' l='84' c='_ZN12lldb_private5repro12YamlRecorder6RecordERKT_'/>
<use f='llvm/lldb/include/lldb/Utility/ReproducerProvider.h' l='296' c='_ZN12lldb_private5repro13MultiProvider4KeepEv'/>
<size>128</size>
<use f='llvm/lldb/source/Utility/GDBRemote.cpp' l='110' c='_ZN12lldb_private5repro17GDBRemoteProvider4KeepEv'/>
<use f='llvm/lldb/source/Utility/GDBRemote.cpp' l='144' c='_ZN12lldb_private5repro14PacketRecorder6RecordERKNS_15GDBRemotePacketE'/>
<size>128</size>
<use f='llvm/lldb/source/Utility/Reproducer.cpp' l='232' c='_ZN12lldb_private5repro9Generator19AddProvidersToIndexEv'/>
<size>128</size>
<use f='llvm/lldb/source/Utility/ReproducerProvider.cpp' l='114' c='_ZN12lldb_private5repro19ProcessInfoProvider4KeepEv'/>
<use f='llvm/lldb/source/Utility/ReproducerProvider.cpp' l='139' c='_ZN12lldb_private5repro19ProcessInfoRecorder6RecordERKSt6vectorINS_19ProcessInstanceInfoESaIS3_EE'/>
<use f='llvm/lldb/source/Utility/ReproducerProvider.cpp' l='166' c='_ZN12lldb_private5repro18SymbolFileProvider4KeepEv'/>
<size>128</size>
<use f='llvm/lldb/unittests/Utility/ArchSpecTest.cpp' l='477' c='_ZN22ArchSpecTest_YAML_Test8TestBodyEv'/>
<size>128</size>
<use f='llvm/lldb/unittests/Utility/ArgsTest.cpp' l='294' c='_ZN18ArgsTest_Yaml_Test8TestBodyEv'/>
<size>128</size>
<use f='llvm/lldb/unittests/Utility/ConstStringTest.cpp' l='149' c='_ZN25ConstStringTest_YAML_Test8TestBodyEv'/>
<size>128</size>
<use f='llvm/lldb/unittests/Utility/FileSpecTest.cpp' l='428' c='_ZN22FileSpecTest_Yaml_Test8TestBodyEv'/>
<size>128</size>
<use f='llvm/lldb/unittests/Utility/ProcessInstanceInfoTest.cpp' l='122' c='_ZN29ProcessInstanceInfo_Yaml_Test8TestBodyEv'/>
<use f='llvm/lldb/unittests/Utility/ProcessInstanceInfoTest.cpp' l='151' c='_ZN33ProcessInstanceInfoList_Yaml_Test8TestBodyEv'/>
<size>128</size>
<use f='llvm/llvm/lib/BinaryFormat/MsgPackDocumentYAML.cpp' l='238' c='_ZN4llvm7msgpack8Document6toYAMLERNS_11raw_ostreamE'/>
<size>128</size>
<use f='llvm/llvm/lib/CodeGen/MIRPrinter.cpp' l='246' c='_ZN4llvm10MIRPrinter5printERKNS_15MachineFunctionE'/>
<use f='llvm/llvm/lib/CodeGen/MIRPrinter.cpp' l='919' c='_ZN4llvm8printMIRERNS_11raw_ostreamERKNS_6ModuleE'/>
<size>128</size>
<use f='llvm/llvm/lib/InterfaceStub/TBEHandler.cpp' l='139' c='_ZN4llvm6elfabi22writeTBEToOutputStreamERNS_11raw_ostreamERKNS0_7ELFStubE'/>
<size>128</size>
<use f='llvm/llvm/include/llvm/Remarks/YAMLRemarkSerializer.h' l='35'/>
<size>128</size>
<use f='llvm/llvm/lib/Support/AMDGPUMetadata.cpp' l='221' c='_ZN4llvm6AMDGPU5HSAMD8toStringENS1_8MetadataERNSt7__cxx1112basic_stringIcSt11char_traitsIcESaIcEEE'/>
<size>128</size>
<use f='llvm/llvm/lib/TextAPI/MachO/TextStub.cpp' l='1138' c='_ZN4llvm5MachO13TextAPIWriter13writeToStreamERNS_11raw_ostreamERKNS0_13InterfaceFileE'/>
<size>128</size>
<use f='llvm/llvm/lib/Transforms/IPO/LowerTypeTests.cpp' l='1729' c='_ZN12_GLOBAL__N_120LowerTypeTestsModule13runForTestingERN4llvm6ModuleE'/>
<size>128</size>
<use f='llvm/llvm/lib/Transforms/IPO/WholeProgramDevirt.cpp' l='906' c='_ZN12_GLOBAL__N_112DevirtModule13runForTestingERN4llvm6ModuleENS1_12function_refIFRNS1_9AAResultsERNS1_8FunctionEEEENS4_IFRNS1_25OptimizationRemarkEmi889809'/>
<size>128</size>
<use f='llvm/llvm/tools/dsymutil/DebugMap.cpp' l='109' c='_ZNK4llvm8dsymutil8DebugMap5printERNS_11raw_ostreamE'/>
<size>128</size>
<use f='llvm/llvm/tools/llvm-exegesis/lib/BenchmarkResult.cpp' l='376' c='_ZN4llvm8exegesis20InstructionBenchmark11writeYamlToERKNS0_9LLVMStateERNS_11raw_ostreamE'/>
<size>128</size>
<use f='llvm/llvm/tools/llvm-ifs/llvm-ifs.cpp' l='347' c='_ZL9writeIfsoRK7IFSStubbRN4llvm11raw_ostreamE'/>
<size>128</size>
<use f='llvm/llvm/tools/llvm-pdbutil/YAMLOutputStyle.h' l='42'/>
<size>128</size>
<use f='llvm/llvm/tools/llvm-xray/xray-converter.cpp' l='90' c='_ZN4llvm4xray14TraceConverter12exportAsYAMLERKNS0_5TraceERNS_11raw_ostreamE'/>
<size>128</size>
<use f='llvm/llvm/tools/llvm-xray/xray-extract.cpp' l='70' c='_ZN12_GLOBAL__N_112exportAsYAMLERKN4llvm4xray18InstrumentationMapERNS0_11raw_ostreamERNS1_22FuncIdConversionHelperE'/>
<size>128</size>
<use f='llvm/llvm/tools/obj2yaml/archive2yaml.cpp' l='110' c='_Z12archive2yamlRN4llvm11raw_ostreamENS_15MemoryBufferRefE'/>
<size>128</size>
<use f='llvm/llvm/tools/obj2yaml/coff2yaml.cpp' l='361' c='_Z9coff2yamlRN4llvm11raw_ostreamERKNS_6object14COFFObjectFileE'/>
<size>128</size>
<use f='llvm/llvm/tools/obj2yaml/elf2yaml.cpp' l='1547' c='_ZL8elf2yamlRN4llvm11raw_ostreamERKNS_6object7ELFFileIT_EESt10unique_ptrINS_12DWARFContextESt14default_deleteIS9_EE'/>
<size>128</size>
<use f='llvm/llvm/tools/obj2yaml/macho2yaml.cpp' l='600' c='_Z10macho2yamlRN4llvm11raw_ostreamERKNS_6object15MachOObjectFileE'/>
<use f='llvm/llvm/tools/obj2yaml/macho2yaml.cpp' l='634' c='_Z10macho2yamlRN4llvm11raw_ostreamERKNS_6object20MachOUniversalBinaryE'/>
<size>128</size>
<use f='llvm/llvm/tools/obj2yaml/minidump2yaml.cpp' l='20' c='_Z13minidump2yamlRN4llvm11raw_ostreamERKNS_6object12MinidumpFileE'/>
<size>128</size>
<use f='llvm/llvm/tools/obj2yaml/wasm2yaml.cpp' l='402' c='_Z9wasm2yamlRN4llvm11raw_ostreamERKNS_6object14WasmObjectFileE'/>
<size>128</size>
<use f='llvm/llvm/tools/obj2yaml/xcoff2yaml.cpp' l='92' c='_Z10xcoff2yamlRN4llvm11raw_ostreamERKNS_6object15XCOFFObjectFileE'/>
<size>128</size>
<use f='llvm/llvm/unittests/ObjectYAML/YAMLTest.cpp' l='34' c='_ZN25ObjectYAML_BinaryRef_Test8TestBodyEv'/>
<size>128</size>
<use f='llvm/llvm/unittests/Support/YAMLIOTest.cpp' l='221' c='_ZN39YAMLIO_TestSequenceMapWriteAndRead_Test8TestBodyEv'/>
<use f='llvm/llvm/unittests/Support/YAMLIOTest.cpp' l='284' c='_ZN28YAMLIO_MultilineStrings_Test8TestBodyEv'/>
<use f='llvm/llvm/unittests/Support/YAMLIOTest.cpp' l='314' c='_ZN26YAMLIO_NoQuotesForTab_Test8TestBodyEv'/>
<use f='llvm/llvm/unittests/Support/YAMLIOTest.cpp' l='447' c='_ZN37YAMLIO_TestReadWriteBuiltInTypes_Test8TestBodyEv'/>
<use f='llvm/llvm/unittests/Support/YAMLIOTest.cpp' l='561' c='_ZN36YAMLIO_TestReadWriteEndianTypes_Test8TestBodyEv'/>
<use f='llvm/llvm/unittests/Support/YAMLIOTest.cpp' l='649' c='_ZN36YAMLIO_TestReadWriteEndianEnums_Test8TestBodyEv'/>
<use f='llvm/llvm/unittests/Support/YAMLIOTest.cpp' l='757' c='_ZN36YAMLIO_TestReadWriteStringTypes_Test8TestBodyEv'/>
<use f='llvm/llvm/unittests/Support/YAMLIOTest.cpp' l='955' c='_ZN30YAMLIO_TestReadWriteFlags_Test8TestBodyEv'/>
<use f='llvm/llvm/unittests/Support/YAMLIOTest.cpp' l='1046' c='_ZN37YAMLIO_TestReadWriteMyCustomType_Test8TestBodyEv'/>
<use f='llvm/llvm/unittests/Support/YAMLIOTest.cpp' l='1136' c='_ZN44YAMLIO_TestReadWriteMultilineStringType_Test8TestBodyEv'/>
<use f='llvm/llvm/unittests/Support/YAMLIOTest.cpp' l='1167' c='_ZN45YAMLIO_TestReadWriteBlockScalarDocuments_Test8TestBodyEv'/>
<use f='llvm/llvm/unittests/Support/YAMLIOTest.cpp' l='1192' c='_ZN41YAMLIO_TestReadWriteBlockScalarValue_Test8TestBodyEv'/>
<use f='llvm/llvm/unittests/Support/YAMLIOTest.cpp' l='1306' c='_ZN39YAMLIO_TestReadWriteMyFlowSequence_Test8TestBodyEv'/>
<use f='llvm/llvm/unittests/Support/YAMLIOTest.cpp' l='1351' c='_ZN49YAMLIO_TestReadWriteSequenceOfMyFlowSequence_Test8TestBodyEv'/>
<use f='llvm/llvm/unittests/Support/YAMLIOTest.cpp' l='1455' c='_ZN42YAMLIO_TestReadWriteMySecondsSequence_Test8TestBodyEv'/>
<use f='llvm/llvm/unittests/Support/YAMLIOTest.cpp' l='1580' c='_ZN45YAMLIO_TestReadWriteKindAndFlagsSequence_Test8TestBodyEv'/>
<use f='llvm/llvm/unittests/Support/YAMLIOTest.cpp' l='1662' c='_ZN43YAMLIO_TestSequenceDocListWriteAndRead_Test8TestBodyEv'/>
<use f='llvm/llvm/unittests/Support/YAMLIOTest.cpp' l='1751' c='_ZN43YAMLIO_TestTaggedDocumentsWriteAndRead_Test8TestBodyEv'/>
<use f='llvm/llvm/unittests/Support/YAMLIOTest.cpp' l='1863' c='_ZN38YAMLIO_TestReadWriteMyFlowMapping_Test8TestBodyEv'/>
<use f='llvm/llvm/unittests/Support/YAMLIOTest.cpp' l='2365' c='_ZN29YAMLIO_SequenceElideTest_Test8TestBodyEv'/>
<use f='llvm/llvm/unittests/Support/YAMLIOTest.cpp' l='2464' c='_ZN24YAMLIO_TestWrapFlow_Test8TestBodyEv'/>
<use f='llvm/llvm/unittests/Support/YAMLIOTest.cpp' l='2488' c='_ZN24YAMLIO_TestWrapFlow_Test8TestBodyEv'/>
<use f='llvm/llvm/unittests/Support/YAMLIOTest.cpp' l='2510' c='_ZN24YAMLIO_TestWrapFlow_Test8TestBodyEv'/>
<use f='llvm/llvm/unittests/Support/YAMLIOTest.cpp' l='2569' c='_ZN30YAMLIO_TestMapWithContext_Test8TestBodyEv'/>
<use f='llvm/llvm/unittests/Support/YAMLIOTest.cpp' l='2606' c='_ZN29YAMLIO_TestCustomMapping_Test8TestBodyEv'/>
<use f='llvm/llvm/unittests/Support/YAMLIOTest.cpp' l='2646' c='_ZN35YAMLIO_TestCustomMappingStruct_Test8TestBodyEv'/>
<use f='llvm/llvm/unittests/Support/YAMLIOTest.cpp' l='2688' c='_ZN29YAMLIO_TestEmptyMapWrite_Test8TestBodyEv'/>
<use f='llvm/llvm/unittests/Support/YAMLIOTest.cpp' l='2698' c='_ZN34YAMLIO_TestEmptySequenceWrite_Test8TestBodyEv'/>
<use f='llvm/llvm/unittests/Support/YAMLIOTest.cpp' l='2707' c='_ZN34YAMLIO_TestEmptySequenceWrite_Test8TestBodyEv'/>
<use f='llvm/llvm/unittests/Support/YAMLIOTest.cpp' l='2716' c='_ZL11TestEscapedN4llvm9StringRefES0_'/>
<use f='llvm/llvm/unittests/Support/YAMLIOTest.cpp' l='2993' c='_ZN42YAMLIO_TestReadWritePolymorphicScalar_Test8TestBodyEv'/>
<use f='llvm/llvm/unittests/Support/YAMLIOTest.cpp' l='3010' c='_ZN39YAMLIO_TestReadWritePolymorphicSeq_Test8TestBodyEv'/>
<use f='llvm/llvm/unittests/Support/YAMLIOTest.cpp' l='3042' c='_ZN39YAMLIO_TestReadWritePolymorphicMap_Test8TestBodyEv'/>
<size>128</size>
