<dec f='llvm/llvm/lib/CodeGen/SplitKit.h' l='261' type='llvm::LiveIntervals &amp;'/>
<offset>128</offset>
<use f='llvm/llvm/lib/CodeGen/SplitKit.cpp' l='364' u='w' c='_ZN4llvm11SplitEditorC1ERNS_13SplitAnalysisERNS_9AAResultsERNS_13LiveIntervalsERNS_10VirtRegMapERNS_20MachineDominatorTreeERNS_25MachineBlockFrequencyInfoE'/>
<use f='llvm/llvm/lib/CodeGen/SplitKit.cpp' l='378' u='m' c='_ZN4llvm11SplitEditor5resetERNS_13LiveRangeEditENS0_19ComplementSpillModeE'/>
<use f='llvm/llvm/lib/CodeGen/SplitKit.cpp' l='379' u='m' c='_ZN4llvm11SplitEditor5resetERNS_13LiveRangeEditENS0_19ComplementSpillModeE'/>
<use f='llvm/llvm/lib/CodeGen/SplitKit.cpp' l='381' u='m' c='_ZN4llvm11SplitEditor5resetERNS_13LiveRangeEditENS0_19ComplementSpillModeE'/>
<use f='llvm/llvm/lib/CodeGen/SplitKit.cpp' l='382' u='m' c='_ZN4llvm11SplitEditor5resetERNS_13LiveRangeEditENS0_19ComplementSpillModeE'/>
<use f='llvm/llvm/lib/CodeGen/SplitKit.cpp' l='433' u='m' c='_ZN4llvm11SplitEditor10addDeadDefERNS_12LiveIntervalEPNS_6VNInfoEb'/>
<use f='llvm/llvm/lib/CodeGen/SplitKit.cpp' l='439' u='m' c='_ZN4llvm11SplitEditor10addDeadDefERNS_12LiveIntervalEPNS_6VNInfoEb'/>
<use f='llvm/llvm/lib/CodeGen/SplitKit.cpp' l='455' u='m' c='_ZN4llvm11SplitEditor10addDeadDefERNS_12LiveIntervalEPNS_6VNInfoEb'/>
<use f='llvm/llvm/lib/CodeGen/SplitKit.cpp' l='466' u='m' c='_ZN4llvm11SplitEditor8defValueEjPKNS_6VNInfoENS_9SlotIndexEb'/>
<use f='llvm/llvm/lib/CodeGen/SplitKit.cpp' l='469' u='m' c='_ZN4llvm11SplitEditor8defValueEjPKNS_6VNInfoENS_9SlotIndexEb'/>
<use f='llvm/llvm/lib/CodeGen/SplitKit.cpp' l='509' u='m' c='_ZN4llvm11SplitEditor14forceRecomputeEjRKNS_6VNInfoE'/>
<use f='llvm/llvm/lib/CodeGen/SplitKit.cpp' l='525' u='m' c='_ZN4llvm11SplitEditor21buildSingleSubRegCopyENS_8RegisterES1_RNS_17MachineBasicBlockENS_26MachineInstrBundleIteratorINS_12MachineInstrELb0EEEjRNS_12Li5046593'/>
<use f='llvm/llvm/lib/CodeGen/SplitKit.cpp' l='526' u='m' c='_ZN4llvm11SplitEditor21buildSingleSubRegCopyENS_8RegisterES1_RNS_17MachineBasicBlockENS_26MachineInstrBundleIteratorINS_12MachineInstrELb0EEEjRNS_12Li5046593'/>
<use f='llvm/llvm/lib/CodeGen/SplitKit.cpp' l='549' u='m' c='_ZN4llvm11SplitEditor9buildCopyENS_8RegisterES1_NS_11LaneBitmaskERNS_17MachineBasicBlockENS_26MachineInstrBundleIteratorINS_12MachineInstrELb0EEEbj'/>
<use f='llvm/llvm/lib/CodeGen/SplitKit.cpp' l='556' u='m' c='_ZN4llvm11SplitEditor9buildCopyENS_8RegisterES1_NS_11LaneBitmaskERNS_17MachineBasicBlockENS_26MachineInstrBundleIteratorINS_12MachineInstrELb0EEEbj'/>
<use f='llvm/llvm/lib/CodeGen/SplitKit.cpp' l='636' u='m' c='_ZN4llvm11SplitEditor13defFromParentEjPNS_6VNInfoENS_9SlotIndexERNS_17MachineBasicBlockENS_26MachineInstrBundleIteratorINS_12MachineInstrELb0EEE'/>
<use f='llvm/llvm/lib/CodeGen/SplitKit.cpp' l='644' u='m' c='_ZN4llvm11SplitEditor13defFromParentEjPNS_6VNInfoENS_9SlotIndexERNS_17MachineBasicBlockENS_26MachineInstrBundleIteratorINS_12MachineInstrELb0EEE'/>
<use f='llvm/llvm/lib/CodeGen/SplitKit.cpp' l='651' u='m' c='_ZN4llvm11SplitEditor13defFromParentEjPNS_6VNInfoENS_9SlotIndexERNS_17MachineBasicBlockENS_26MachineInstrBundleIteratorINS_12MachineInstrELb0EEE'/>
<use f='llvm/llvm/lib/CodeGen/SplitKit.cpp' l='673' u='m' c='_ZN4llvm11SplitEditor13defFromParentEjPNS_6VNInfoENS_9SlotIndexERNS_17MachineBasicBlockENS_26MachineInstrBundleIteratorINS_12MachineInstrELb0EEE'/>
<use f='llvm/llvm/lib/CodeGen/SplitKit.cpp' l='714' u='m' c='_ZN4llvm11SplitEditor15enterIntvBeforeENS_9SlotIndexE'/>
<use f='llvm/llvm/lib/CodeGen/SplitKit.cpp' l='731' u='m' c='_ZN4llvm11SplitEditor14enterIntvAfterENS_9SlotIndexE'/>
<use f='llvm/llvm/lib/CodeGen/SplitKit.cpp' l='741' u='m' c='_ZN4llvm11SplitEditor14enterIntvAtEndERNS_17MachineBasicBlockE'/>
<use f='llvm/llvm/lib/CodeGen/SplitKit.cpp' l='760' u='m' c='_ZN4llvm11SplitEditor7useIntvERKNS_17MachineBasicBlockE'/>
<use f='llvm/llvm/lib/CodeGen/SplitKit.cpp' l='760' u='m' c='_ZN4llvm11SplitEditor7useIntvERKNS_17MachineBasicBlockE'/>
<use f='llvm/llvm/lib/CodeGen/SplitKit.cpp' l='782' u='m' c='_ZN4llvm11SplitEditor14leaveIntvAfterENS_9SlotIndexE'/>
<use f='llvm/llvm/lib/CodeGen/SplitKit.cpp' l='814' u='m' c='_ZN4llvm11SplitEditor15leaveIntvBeforeENS_9SlotIndexE'/>
<use f='llvm/llvm/lib/CodeGen/SplitKit.cpp' l='822' u='m' c='_ZN4llvm11SplitEditor14leaveIntvAtTopERNS_17MachineBasicBlockE'/>
<use f='llvm/llvm/lib/CodeGen/SplitKit.cpp' l='860' u='m' c='_ZN4llvm11SplitEditor16removeBackCopiesERNS_15SmallVectorImplIPNS_6VNInfoEEE'/>
<use f='llvm/llvm/lib/CodeGen/SplitKit.cpp' l='867' u='m' c='_ZN4llvm11SplitEditor16removeBackCopiesERNS_15SmallVectorImplIPNS_6VNInfoEEE'/>
<use f='llvm/llvm/lib/CodeGen/SplitKit.cpp' l='877' u='m' c='_ZN4llvm11SplitEditor16removeBackCopiesERNS_15SmallVectorImplIPNS_6VNInfoEEE'/>
<use f='llvm/llvm/lib/CodeGen/SplitKit.cpp' l='878' u='m' c='_ZN4llvm11SplitEditor16removeBackCopiesERNS_15SmallVectorImplIPNS_6VNInfoEEE'/>
<use f='llvm/llvm/lib/CodeGen/SplitKit.cpp' l='895' u='m' c='_ZN4llvm11SplitEditor16removeBackCopiesERNS_15SmallVectorImplIPNS_6VNInfoEEE'/>
<use f='llvm/llvm/lib/CodeGen/SplitKit.cpp' l='961' u='m' c='_ZN4llvm11SplitEditor26computeRedundantBackCopiesERNS_8DenseSetIjNS_12DenseMapInfoIjEEEERNS_15SmallVectorImplIPNS_6VNInfoEEE'/>
<use f='llvm/llvm/lib/CodeGen/SplitKit.cpp' l='988' u='m' c='_ZN4llvm11SplitEditor26computeRedundantBackCopiesERNS_8DenseSetIjNS_12DenseMapInfoIjEEEERNS_15SmallVectorImplIPNS_6VNInfoEEE'/>
<use f='llvm/llvm/lib/CodeGen/SplitKit.cpp' l='989' u='m' c='_ZN4llvm11SplitEditor26computeRedundantBackCopiesERNS_8DenseSetIjNS_12DenseMapInfoIjEEEERNS_15SmallVectorImplIPNS_6VNInfoEEE'/>
<use f='llvm/llvm/lib/CodeGen/SplitKit.cpp' l='1014' u='m' c='_ZN4llvm11SplitEditor11hoistCopiesEv'/>
<use f='llvm/llvm/lib/CodeGen/SplitKit.cpp' l='1040' u='m' c='_ZN4llvm11SplitEditor11hoistCopiesEv'/>
<use f='llvm/llvm/lib/CodeGen/SplitKit.cpp' l='1093' u='m' c='_ZN4llvm11SplitEditor11hoistCopiesEv'/>
<use f='llvm/llvm/lib/CodeGen/SplitKit.cpp' l='1101' u='m' c='_ZN4llvm11SplitEditor11hoistCopiesEv'/>
<use f='llvm/llvm/lib/CodeGen/SplitKit.cpp' l='1160' u='m' c='_ZN4llvm11SplitEditor14transferValuesEv'/>
<use f='llvm/llvm/lib/CodeGen/SplitKit.cpp' l='1184' u='m' c='_ZN4llvm11SplitEditor14transferValuesEv'/>
<use f='llvm/llvm/lib/CodeGen/SplitKit.cpp' l='1186' u='m' c='_ZN4llvm11SplitEditor14transferValuesEv'/>
<use f='llvm/llvm/lib/CodeGen/SplitKit.cpp' l='1206' u='m' c='_ZN4llvm11SplitEditor14transferValuesEv'/>
<use f='llvm/llvm/lib/CodeGen/SplitKit.cpp' l='1255' u='m' c='_ZN4llvm11SplitEditor14extendPHIRangeERNS_17MachineBasicBlockERNS_16LiveIntervalCalcERNS_9LiveRangeENS_11LaneBitmaskENS_8ArrayRefINS_9SlotIndexEEE'/>
<use f='llvm/llvm/lib/CodeGen/SplitKit.cpp' l='1282' u='m' c='_ZN4llvm11SplitEditor19extendPHIKillRangesEv'/>
<use f='llvm/llvm/lib/CodeGen/SplitKit.cpp' l='1284' u='m' c='_ZN4llvm11SplitEditor19extendPHIKillRangesEv'/>
<use f='llvm/llvm/lib/CodeGen/SplitKit.cpp' l='1297' u='m' c='_ZN4llvm11SplitEditor19extendPHIKillRangesEv'/>
<use f='llvm/llvm/lib/CodeGen/SplitKit.cpp' l='1302' u='m' c='_ZN4llvm11SplitEditor19extendPHIKillRangesEv'/>
<use f='llvm/llvm/lib/CodeGen/SplitKit.cpp' l='1303' u='m' c='_ZN4llvm11SplitEditor19extendPHIKillRangesEv'/>
<use f='llvm/llvm/lib/CodeGen/SplitKit.cpp' l='1304' u='m' c='_ZN4llvm11SplitEditor19extendPHIKillRangesEv'/>
<use f='llvm/llvm/lib/CodeGen/SplitKit.cpp' l='1306' u='m' c='_ZN4llvm11SplitEditor19extendPHIKillRangesEv'/>
<use f='llvm/llvm/lib/CodeGen/SplitKit.cpp' l='1340' u='m' c='_ZN4llvm11SplitEditor15rewriteAssignedEb'/>
<use f='llvm/llvm/lib/CodeGen/SplitKit.cpp' l='1346' u='m' c='_ZN4llvm11SplitEditor15rewriteAssignedEb'/>
<use f='llvm/llvm/lib/CodeGen/SplitKit.cpp' l='1382' u='m' c='_ZN4llvm11SplitEditor15rewriteAssignedEb'/>
<use f='llvm/llvm/lib/CodeGen/SplitKit.cpp' l='1399' u='m' c='_ZN4llvm11SplitEditor15rewriteAssignedEb'/>
<use f='llvm/llvm/lib/CodeGen/SplitKit.cpp' l='1400' u='m' c='_ZN4llvm11SplitEditor15rewriteAssignedEb'/>
<use f='llvm/llvm/lib/CodeGen/SplitKit.cpp' l='1402' u='m' c='_ZN4llvm11SplitEditor15rewriteAssignedEb'/>
<use f='llvm/llvm/lib/CodeGen/SplitKit.cpp' l='1408' u='m' c='_ZN4llvm11SplitEditor15rewriteAssignedEb'/>
<use f='llvm/llvm/lib/CodeGen/SplitKit.cpp' l='1413' u='m' c='_ZN4llvm11SplitEditor15rewriteAssignedEb'/>
<use f='llvm/llvm/lib/CodeGen/SplitKit.cpp' l='1420' u='m' c='_ZN4llvm11SplitEditor18deleteRematVictimsEv'/>
<use f='llvm/llvm/lib/CodeGen/SplitKit.cpp' l='1427' u='m' c='_ZN4llvm11SplitEditor18deleteRematVictimsEv'/>
<use f='llvm/llvm/lib/CodeGen/SplitKit.cpp' l='1460' u='m' c='_ZN4llvm11SplitEditor17forceRecomputeVNIERKNS_6VNInfoE'/>
<use f='llvm/llvm/lib/CodeGen/SplitKit.cpp' l='1527' u='m' c='_ZN4llvm11SplitEditor6finishEPNS_15SmallVectorImplIjEE'/>
<use f='llvm/llvm/lib/CodeGen/SplitKit.cpp' l='1540' u='a' c='_ZN4llvm11SplitEditor6finishEPNS_15SmallVectorImplIjEE'/>
<use f='llvm/llvm/lib/CodeGen/SplitKit.cpp' l='1544' u='m' c='_ZN4llvm11SplitEditor6finishEPNS_15SmallVectorImplIjEE'/>
<use f='llvm/llvm/lib/CodeGen/SplitKit.cpp' l='1546' u='m' c='_ZN4llvm11SplitEditor6finishEPNS_15SmallVectorImplIjEE'/>
<use f='llvm/llvm/lib/CodeGen/SplitKit.cpp' l='1614' u='m' c='_ZN4llvm11SplitEditor21splitLiveThroughBlockEjjNS_9SlotIndexEjS1_'/>
<use f='llvm/llvm/lib/CodeGen/SplitKit.cpp' l='1716' u='m' c='_ZN4llvm11SplitEditor15splitRegInBlockERKNS_13SplitAnalysis9BlockInfoEjNS_9SlotIndexE'/>
<use f='llvm/llvm/lib/CodeGen/SplitKit.cpp' l='1809' u='m' c='_ZN4llvm11SplitEditor16splitRegOutBlockERKNS_13SplitAnalysis9BlockInfoEjNS_9SlotIndexE'/>
