<dec f='ffmpeg/libavfilter/avf_ahistogram.c' l='31' type='3'/>
<use f='ffmpeg/libavfilter/avf_ahistogram.c' l='72' u='r'/>
<use f='ffmpeg/libavfilter/avf_ahistogram.c' l='72' u='r'/>
<use f='ffmpeg/libavfilter/avf_ahistogram.c' l='72' u='r'/>
<use f='ffmpeg/libavfilter/avf_ahistogram.c' l='72' u='r'/>
<use f='ffmpeg/libavfilter/avf_ahistogram.c' l='73' u='r'/>
<use f='ffmpeg/libavfilter/avf_ahistogram.c' l='73' u='r'/>
<use f='ffmpeg/libavfilter/avf_ahistogram.c' l='73' u='r'/>
<use f='ffmpeg/libavfilter/avf_ahistogram.c' l='73' u='r'/>
<use f='ffmpeg/libavfilter/avf_ahistogram.c' l='72' u='r'/>
<use f='ffmpeg/libavfilter/avf_ahistogram.c' l='72' u='r'/>
<use f='ffmpeg/libavfilter/avf_ahistogram.c' l='72' u='r'/>
<use f='ffmpeg/libavfilter/avf_ahistogram.c' l='72' u='r'/>
<use f='ffmpeg/libavfilter/avf_ahistogram.c' l='73' u='r'/>
<use f='ffmpeg/libavfilter/avf_ahistogram.c' l='73' u='r'/>
<use f='ffmpeg/libavfilter/avf_ahistogram.c' l='73' u='r'/>
<use f='ffmpeg/libavfilter/avf_ahistogram.c' l='73' u='r'/>
<use f='ffmpeg/libavfilter/avf_ahistogram.c' l='290' c='filter_frame'/>
<dec f='ffmpeg/libavfilter/avf_showspectrum.c' l='49' type='3'/>
<use f='ffmpeg/libavfilter/avf_showspectrum.c' l='137' u='r'/>
<use f='ffmpeg/libavfilter/avf_showspectrum.c' l='137' u='r'/>
<use f='ffmpeg/libavfilter/avf_showspectrum.c' l='137' u='r'/>
<use f='ffmpeg/libavfilter/avf_showspectrum.c' l='137' u='r'/>
<use f='ffmpeg/libavfilter/avf_showspectrum.c' l='137' u='r'/>
<use f='ffmpeg/libavfilter/avf_showspectrum.c' l='137' u='r'/>
<use f='ffmpeg/libavfilter/avf_showspectrum.c' l='137' u='r'/>
<use f='ffmpeg/libavfilter/avf_showspectrum.c' l='137' u='r'/>
<use f='ffmpeg/libavfilter/avf_showspectrum.c' l='917' c='get_value'/>
<use f='ffmpeg/libavfilter/avf_showspectrum.c' l='1214' u='r' c='calc_channel_magnitudes'/>
<use f='ffmpeg/libavfilter/avf_showspectrum.c' l='1242' u='r' c='acalc_magnitudes'/>
<use f='ffmpeg/libavfilter/avf_showspectrum.c' l='1567'/>
<use f='ffmpeg/libavfilter/avf_showspectrum.c' l='1567'/>
<use f='ffmpeg/libavfilter/avf_showspectrum.c' l='1567'/>
<use f='ffmpeg/libavfilter/avf_showspectrum.c' l='1567'/>
<use f='ffmpeg/libavfilter/avf_showspectrum.c' l='1571'/>
<use f='ffmpeg/libavfilter/avf_showspectrum.c' l='1571'/>
<use f='ffmpeg/libavfilter/avf_showspectrum.c' l='1571'/>
<use f='ffmpeg/libavfilter/avf_showspectrum.c' l='1571'/>
<use f='ffmpeg/libavfilter/avf_showspectrum.c' l='1567'/>
<use f='ffmpeg/libavfilter/avf_showspectrum.c' l='1567'/>
<use f='ffmpeg/libavfilter/avf_showspectrum.c' l='1567'/>
<use f='ffmpeg/libavfilter/avf_showspectrum.c' l='1567'/>
<use f='ffmpeg/libavfilter/avf_showspectrum.c' l='1571'/>
<use f='ffmpeg/libavfilter/avf_showspectrum.c' l='1571'/>
<use f='ffmpeg/libavfilter/avf_showspectrum.c' l='1571'/>
<use f='ffmpeg/libavfilter/avf_showspectrum.c' l='1571'/>
<dec f='ffmpeg/libavfilter/avf_showvolume.c' l='37' type='1'/>
<use f='ffmpeg/libavfilter/avf_showvolume.c' l='96'/>
<use f='ffmpeg/libavfilter/avf_showvolume.c' l='96'/>
<use f='ffmpeg/libavfilter/avf_showvolume.c' l='96'/>
<use f='ffmpeg/libavfilter/avf_showvolume.c' l='96'/>
<use f='ffmpeg/libavfilter/avf_showvolume.c' l='96'/>
<use f='ffmpeg/libavfilter/avf_showvolume.c' l='96'/>
<use f='ffmpeg/libavfilter/avf_showvolume.c' l='96'/>
<use f='ffmpeg/libavfilter/avf_showvolume.c' l='96'/>
