<dec f='ffmpeg/libavcodec/v4l2_m2m.h' l='49' type='V4L2Context'/>
<use f='ffmpeg/libavcodec/v4l2_buffers.c' l='43' c='buf_to_m2mctx'/>
<offset>35008</offset>
<use f='ffmpeg/libavcodec/v4l2_context.c' l='47' c='ctx_to_m2mctx'/>
<use f='ffmpeg/libavcodec/v4l2_context.c' l='165' u='m' c='v4l2_handle_event'/>
<use f='ffmpeg/libavcodec/v4l2_context.c' l='185' u='m' c='v4l2_handle_event'/>
<use f='ffmpeg/libavcodec/v4l2_context.c' l='195' u='a' c='v4l2_handle_event'/>
<use f='ffmpeg/libavcodec/v4l2_context.c' l='197' u='m' c='v4l2_handle_event'/>
<use f='ffmpeg/libavcodec/v4l2_context.c' l='198' u='m' c='v4l2_handle_event'/>
<use f='ffmpeg/libavcodec/v4l2_context.c' l='199' u='m' c='v4l2_handle_event'/>
<use f='ffmpeg/libavcodec/v4l2_context.c' l='199' u='a' c='v4l2_handle_event'/>
<use f='ffmpeg/libavcodec/v4l2_m2m.c' l='69' u='m' c='v4l2_prepare_contexts'/>
<use f='ffmpeg/libavcodec/v4l2_m2m.c' l='71' u='m' c='v4l2_prepare_contexts'/>
<use f='ffmpeg/libavcodec/v4l2_m2m.c' l='87' u='m' c='v4l2_prepare_contexts'/>
<use f='ffmpeg/libavcodec/v4l2_m2m.c' l='93' u='m' c='v4l2_prepare_contexts'/>
<use f='ffmpeg/libavcodec/v4l2_m2m.c' l='113' u='a' c='v4l2_probe_driver'/>
<use f='ffmpeg/libavcodec/v4l2_m2m.c' l='150' u='m' c='v4l2_configure_contexts'/>
<use f='ffmpeg/libavcodec/v4l2_m2m.c' l='160' u='a' c='v4l2_configure_contexts'/>
<use f='ffmpeg/libavcodec/v4l2_m2m.c' l='172' u='a' c='v4l2_configure_contexts'/>
<use f='ffmpeg/libavcodec/v4l2_m2m.c' l='259' u='a' c='ff_v4l2_m2m_codec_full_reinit'/>
<use f='ffmpeg/libavcodec/v4l2_m2m.c' l='272' u='a' c='ff_v4l2_m2m_codec_full_reinit'/>
<use f='ffmpeg/libavcodec/v4l2_m2m.c' l='279' u='a' c='ff_v4l2_m2m_codec_full_reinit'/>
<use f='ffmpeg/libavcodec/v4l2_m2m.c' l='291' u='a' c='ff_v4l2_m2m_codec_full_reinit'/>
<use f='ffmpeg/libavcodec/v4l2_m2m.c' l='303' u='a' c='ff_v4l2_m2m_codec_full_reinit'/>
<use f='ffmpeg/libavcodec/v4l2_m2m.c' l='348' u='a' c='ff_v4l2_m2m_codec_end'/>
<use f='ffmpeg/libavcodec/v4l2_m2m.c' l='350' u='m' c='ff_v4l2_m2m_codec_end'/>
<use f='ffmpeg/libavcodec/v4l2_m2m.c' l='357' u='a' c='ff_v4l2_m2m_codec_end'/>
<use f='ffmpeg/libavcodec/v4l2_m2m.c' l='422' u='m' c='ff_v4l2_m2m_create_context'/>
<use f='ffmpeg/libavcodec/v4l2_m2m_dec.c' l='41' u='a' c='v4l2_try_start'/>
<use f='ffmpeg/libavcodec/v4l2_m2m_dec.c' l='108' u='a' c='v4l2_prepare_decoder'/>
<use f='ffmpeg/libavcodec/v4l2_m2m_dec.c' l='140' u='a' c='v4l2_receive_frame'/>
<use f='ffmpeg/libavcodec/v4l2_m2m_dec.c' l='189' u='a' c='v4l2_decode_init'/>
<use f='ffmpeg/libavcodec/v4l2_m2m_enc.c' l='45' u='m' c='v4l2_set_timeperframe'/>
<use f='ffmpeg/libavcodec/v4l2_m2m_enc.c' l='45' u='m' c='v4l2_set_timeperframe'/>
<use f='ffmpeg/libavcodec/v4l2_m2m_enc.c' l='277' u='a' c='v4l2_send_frame'/>
<use f='ffmpeg/libavcodec/v4l2_m2m_enc.c' l='291' u='a' c='v4l2_receive_packet'/>
<use f='ffmpeg/libavcodec/v4l2_m2m_enc.c' l='348' u='a' c='v4l2_encode_init'/>
