<inh f='halide/llvm-install/include/llvm/Support/YAMLTraits.h' l='751' c='llvm::yaml::IO'/>
<def f='halide/llvm-install/include/llvm/Support/YAMLTraits.h' l='1536' ll='1622'/>
<use f='halide/llvm-install/include/llvm/Support/YAMLTraits.h' l='1803' c='_ZN4llvm4yamllsERNS0_6OutputERT_'/>
<use f='halide/llvm-install/include/llvm/Support/YAMLTraits.h' l='1804' c='_ZN4llvm4yamllsERNS0_6OutputERT_'/>
<use f='halide/llvm-install/include/llvm/Support/YAMLTraits.h' l='1821' c='_ZN4llvm4yamllsERNS0_6OutputERT_'/>
<use f='halide/llvm-install/include/llvm/Support/YAMLTraits.h' l='1822' c='_ZN4llvm4yamllsERNS0_6OutputERT_'/>
<use f='halide/llvm-install/include/llvm/Support/YAMLTraits.h' l='1835' c='_ZN4llvm4yamllsERNS0_6OutputERT_'/>
<use f='halide/llvm-install/include/llvm/Support/YAMLTraits.h' l='1836' c='_ZN4llvm4yamllsERNS0_6OutputERT_'/>
<use f='halide/llvm-install/include/llvm/Support/YAMLTraits.h' l='1849' c='_ZN4llvm4yamllsERNS0_6OutputERT_'/>
<use f='halide/llvm-install/include/llvm/Support/YAMLTraits.h' l='1850' c='_ZN4llvm4yamllsERNS0_6OutputERT_'/>
<use f='halide/llvm-install/include/llvm/Support/YAMLTraits.h' l='1863' c='_ZN4llvm4yamllsERNS0_6OutputERT_'/>
<use f='halide/llvm-install/include/llvm/Support/YAMLTraits.h' l='1864' c='_ZN4llvm4yamllsERNS0_6OutputERT_'/>
<use f='halide/llvm-install/include/llvm/Support/YAMLTraits.h' l='1878' c='_ZN4llvm4yamllsERNS0_6OutputERT_'/>
<use f='halide/llvm-install/include/llvm/Support/YAMLTraits.h' l='1879' c='_ZN4llvm4yamllsERNS0_6OutputERT_'/>
<use f='halide/llvm-install/include/llvm/Support/YAMLTraits.h' l='1895' c='_ZN4llvm4yamllsERNS0_6OutputERT_'/>
<use f='halide/llvm-install/include/llvm/Support/YAMLTraits.h' l='1896' c='_ZN4llvm4yamllsERNS0_6OutputERT_'/>
<size>128</size>
<doc f='halide/llvm-install/include/llvm/Support/YAMLTraits.h' l='1532'>///
/// The Output class is used to generate a yaml document from in-memory structs
/// and vectors.
///</doc>
<fun r='_ZN4llvm4yaml6OutputC1ERNS_11raw_ostreamEPvi'/>
<fun r='_ZN4llvm4yaml6OutputD1Ev'/>
<fun r='_ZN4llvm4yaml6Output21setWriteDefaultValuesEb'/>
<fun r='_ZNK4llvm4yaml6Output10outputtingEv'/>
<fun r='_ZN4llvm4yaml6Output6mapTagENS_9StringRefEb'/>
<fun r='_ZN4llvm4yaml6Output12beginMappingEv'/>
<fun r='_ZN4llvm4yaml6Output10endMappingEv'/>
<fun r='_ZN4llvm4yaml6Output12preflightKeyEPKcbbRbRPv'/>
<fun r='_ZN4llvm4yaml6Output13postflightKeyEPv'/>
<fun r='_ZN4llvm4yaml6Output4keysEv'/>
<fun r='_ZN4llvm4yaml6Output16beginFlowMappingEv'/>
<fun r='_ZN4llvm4yaml6Output14endFlowMappingEv'/>
<fun r='_ZN4llvm4yaml6Output13beginSequenceEv'/>
<fun r='_ZN4llvm4yaml6Output11endSequenceEv'/>
<fun r='_ZN4llvm4yaml6Output16preflightElementEjRPv'/>
<fun r='_ZN4llvm4yaml6Output17postflightElementEPv'/>
<fun r='_ZN4llvm4yaml6Output17beginFlowSequenceEv'/>
<fun r='_ZN4llvm4yaml6Output20preflightFlowElementEjRPv'/>
<fun r='_ZN4llvm4yaml6Output21postflightFlowElementEPv'/>
<fun r='_ZN4llvm4yaml6Output15endFlowSequenceEv'/>
<fun r='_ZN4llvm4yaml6Output15beginEnumScalarEv'/>
<fun r='_ZN4llvm4yaml6Output15matchEnumScalarEPKcb'/>
<fun r='_ZN4llvm4yaml6Output17matchEnumFallbackEv'/>
<fun r='_ZN4llvm4yaml6Output13endEnumScalarEv'/>
<fun r='_ZN4llvm4yaml6Output17beginBitSetScalarERb'/>
<fun r='_ZN4llvm4yaml6Output11bitSetMatchEPKcb'/>
<fun r='_ZN4llvm4yaml6Output15endBitSetScalarEv'/>
<fun r='_ZN4llvm4yaml6Output12scalarStringERNS_9StringRefENS0_11QuotingTypeE'/>
<fun r='_ZN4llvm4yaml6Output17blockScalarStringERNS_9StringRefE'/>
<fun r='_ZN4llvm4yaml6Output9scalarTagERNSt7__cxx1112basic_stringIcSt11char_traitsIcESaIcEEE'/>
<fun r='_ZN4llvm4yaml6Output11getNodeKindEv'/>
<fun r='_ZN4llvm4yaml6Output8setErrorERKNS_5TwineE'/>
<fun r='_ZN4llvm4yaml6Output21canElideEmptySequenceEv'/>
<fun r='_ZN4llvm4yaml6Output14beginDocumentsEv'/>
<fun r='_ZN4llvm4yaml6Output17preflightDocumentEj'/>
<fun r='_ZN4llvm4yaml6Output18postflightDocumentEv'/>
<fun r='_ZN4llvm4yaml6Output12endDocumentsEv'/>
<fun r='_ZN4llvm4yaml6Output6outputENS_9StringRefE'/>
<fun r='_ZN4llvm4yaml6Output19outputUpToEndOfLineENS_9StringRefE'/>
<fun r='_ZN4llvm4yaml6Output12newLineCheckEb'/>
<fun r='_ZN4llvm4yaml6Output13outputNewLineEv'/>
<fun r='_ZN4llvm4yaml6Output9paddedKeyENS_9StringRefE'/>
<fun r='_ZN4llvm4yaml6Output7flowKeyENS_9StringRefE'/>
<fun r='_ZN4llvm4yaml6Output15inSeqAnyElementENS1_7InStateE'/>
<fun r='_ZN4llvm4yaml6Output19inFlowSeqAnyElementENS1_7InStateE'/>
<fun r='_ZN4llvm4yaml6Output11inMapAnyKeyENS1_7InStateE'/>
<fun r='_ZN4llvm4yaml6Output15inFlowMapAnyKeyENS1_7InStateE'/>
<mbr r='llvm::yaml::Output::Out' o='128' t='llvm::raw_ostream &amp;'/>
<mbr r='llvm::yaml::Output::WrapColumn' o='192' t='int'/>
<mbr r='llvm::yaml::Output::StateStack' o='256' t='SmallVector&lt;llvm::yaml::Output::InState, 8&gt;'/>
<mbr r='llvm::yaml::Output::Column' o='640' t='int'/>
<mbr r='llvm::yaml::Output::ColumnAtFlowStart' o='672' t='int'/>
<mbr r='llvm::yaml::Output::ColumnAtMapFlowStart' o='704' t='int'/>
<mbr r='llvm::yaml::Output::NeedBitValueComma' o='736' t='bool'/>
<mbr r='llvm::yaml::Output::NeedFlowSequenceComma' o='744' t='bool'/>
<mbr r='llvm::yaml::Output::EnumerationMatchFound' o='752' t='bool'/>
<mbr r='llvm::yaml::Output::WriteDefaultValues' o='760' t='bool'/>
<mbr r='llvm::yaml::Output::Padding' o='768' t='llvm::StringRef'/>
<mbr r='llvm::yaml::Output::PaddingBeforeContainer' o='896' t='llvm::StringRef'/>
